0 info it worked if it ends with ok
1 verbose cli [
1 verbose cli   '/usr/local/bin/node',
1 verbose cli   '/usr/local/bin/npm',
1 verbose cli   'install',
1 verbose cli   '--ignore-scripts',
1 verbose cli   '@types/testing-library__jest-dom@ts3.6',
1 verbose cli   '@types/react@ts3.6',
1 verbose cli   '@types/react-dom@ts3.6',
1 verbose cli   '@types/uuid@ts3.6',
1 verbose cli   '@types/eslint-config-prettier@ts3.6',
1 verbose cli   '@types/eslint-plugin-prettier@ts3.6',
1 verbose cli   '@types/lint-staged@ts3.6',
1 verbose cli   '@types/prettier@ts3.6',
1 verbose cli   '@types/accepts@ts3.6',
1 verbose cli   '@types/argparse@ts3.6',
1 verbose cli   '@types/aria-query@ts3.6',
1 verbose cli   '@types/arr-diff@ts3.6',
1 verbose cli   '@types/arr-union@ts3.6',
1 verbose cli   '@types/array-unique@ts3.6',
1 verbose cli   '@types/array.prototype.flat@ts3.6',
1 verbose cli   '@types/array.prototype.flatmap@ts3.6',
1 verbose cli   '@types/asap@ts3.6',
1 verbose cli   '@types/assert@ts3.6',
1 verbose cli   '@types/async@ts3.6',
1 verbose cli   '@types/atob@ts3.6',
1 verbose cli   '@types/babel-plugin-macros@ts3.6',
1 verbose cli   '@types/babylon@ts3.6',
1 verbose cli   '@types/balanced-match@ts3.6',
1 verbose cli   '@types/big.js@ts3.6',
1 verbose cli   '@types/bluebird@ts3.6',
1 verbose cli   '@types/bn.js@ts3.6',
1 verbose cli   '@types/body-parser@ts3.6',
1 verbose cli   '@types/bonjour@ts3.6',
1 verbose cli   '@types/boolbase@ts3.6',
1 verbose cli   '@types/brace-expansion@ts3.6',
1 verbose cli   '@types/braces@ts3.6',
1 verbose cli   '@types/brorand@ts3.6',
1 verbose cli   '@types/bser@ts3.6',
1 verbose cli   '@types/buffer-from@ts3.6',
1 verbose cli   '@types/buffer-xor@ts3.6',
1 verbose cli   '@types/bytes@ts3.6',
1 verbose cli   '@types/cacache@ts3.6',
1 verbose cli   '@types/call-bind@ts3.6',
1 verbose cli   '@types/caniuse-api@ts3.6',
1 verbose cli   '@types/caniuse-lite@ts3.6',
1 verbose cli   '@types/case-sensitive-paths-webpack-plugin@ts3.6',
1 verbose cli   '@types/check-types@ts3.6',
1 verbose cli   '@types/chownr@ts3.6',
1 verbose cli   '@types/cipher-base@ts3.6',
1 verbose cli   '@types/clean-css@ts3.6',
1 verbose cli   '@types/co@ts3.6',
1 verbose cli   '@types/color@ts3.6',
1 verbose cli   '@types/color-convert@ts3.6',
1 verbose cli   '@types/color-name@ts3.6',
1 verbose cli   '@types/color-string@ts3.6',
1 verbose cli   '@types/combined-stream@ts3.6',
1 verbose cli   '@types/common-tags@ts3.6',
1 verbose cli   '@types/commondir@ts3.6',
1 verbose cli   '@types/component-emitter@ts3.6',
1 verbose cli   '@types/compose-function@ts3.6',
1 verbose cli   '@types/compressible@ts3.6',
1 verbose cli   '@types/compression@ts3.6',
1 verbose cli   '@types/concat-map@ts3.6',
1 verbose cli   '@types/concat-stream@ts3.6',
1 verbose cli   '@types/confusing-browser-globals@ts3.6',
1 verbose cli   '@types/connect-history-api-fallback@ts3.6',
1 verbose cli   '@types/content-disposition@ts3.6',
1 verbose cli   '@types/content-type@ts3.6',
1 verbose cli   '@types/convert-source-map@ts3.6',
1 verbose cli   '@types/cookie@ts3.6',
1 verbose cli   '@types/cookie-signature@ts3.6',
1 verbose cli   '@types/core-js@ts3.6',
1 verbose cli   '@types/create-hash@ts3.6',
1 verbose cli   '@types/create-hmac@ts3.6',
1 verbose cli   '@types/cross-spawn@ts3.6',
1 verbose cli   '@types/css@ts3.6',
1 verbose cli   '@types/css-declaration-sorter@ts3.6',
1 verbose cli   '@types/css-tree@ts3.6',
1 verbose cli   '@types/css.escape@ts3.6',
1 verbose cli   '@types/cssesc@ts3.6',
1 verbose cli   '@types/csso@ts3.6',
1 verbose cli   '@types/cssom@ts3.6',
1 verbose cli   '@types/cssstyle@ts3.6',
1 verbose cli   '@types/damerau-levenshtein@ts3.6',
1 verbose cli   '@types/data-urls@ts3.6',
1 verbose cli   '@types/debug@ts3.6',
1 verbose cli   '@types/decode-uri-component@ts3.6',
1 verbose cli   '@types/dedent@ts3.6',
1 verbose cli   '@types/deep-equal@ts3.6',
1 verbose cli   '@types/default-gateway@ts3.6',
1 verbose cli   '@types/define-properties@ts3.6',
1 verbose cli   '@types/depd@ts3.6',
1 verbose cli   '@types/destroy@ts3.6',
1 verbose cli   '@types/detect-node@ts3.6',
1 verbose cli   '@types/diffie-hellman@ts3.6',
1 verbose cli   '@types/dir-glob@ts3.6',
1 verbose cli   '@types/dns-packet@ts3.6',
1 verbose cli   '@types/dns-txt@ts3.6',
1 verbose cli   '@types/doctrine@ts3.6',
1 verbose cli   '@types/domexception@ts3.6',
1 verbose cli   '@types/domutils@ts3.6',
1 verbose cli   ... 105 more items
1 verbose cli ]
2 info using npm@6.14.6
3 info using node@v12.18.3
4 verbose npm-session fc137ae06b5edb9b
5 silly install loadCurrentTree
6 silly install readLocalPackageData
7 http fetch GET 200 https://registry.npmjs.org/@types%2ftesting-library__jest-dom 84ms (from cache)
8 http fetch GET 200 https://registry.npmjs.org/@types%2feslint-plugin-prettier 83ms (from cache)
9 http fetch GET 200 https://registry.npmjs.org/@types%2faccepts 82ms (from cache)
10 http fetch GET 200 https://registry.npmjs.org/@types%2fargparse 82ms (from cache)
11 http fetch GET 200 https://registry.npmjs.org/@types%2fprettier 83ms (from cache)
12 http fetch GET 200 https://registry.npmjs.org/@types%2feslint-config-prettier 87ms (from cache)
13 http fetch GET 200 https://registry.npmjs.org/@types%2freact-dom 91ms (from cache)
14 http fetch GET 200 https://registry.npmjs.org/@types%2fuuid 92ms (from cache)
15 http fetch GET 200 https://registry.npmjs.org/@types%2freact 96ms (from cache)
16 silly pacote tag manifest for @types/eslint-plugin-prettier@ts3.6 fetched in 102ms
17 silly pacote tag manifest for @types/testing-library__jest-dom@ts3.6 fetched in 110ms
18 silly pacote tag manifest for @types/accepts@ts3.6 fetched in 102ms
19 silly pacote tag manifest for @types/argparse@ts3.6 fetched in 102ms
20 silly pacote tag manifest for @types/eslint-config-prettier@ts3.6 fetched in 106ms
21 silly pacote tag manifest for @types/prettier@ts3.6 fetched in 107ms
22 silly pacote tag manifest for @types/react-dom@ts3.6 fetched in 112ms
23 silly pacote tag manifest for @types/uuid@ts3.6 fetched in 112ms
24 silly pacote tag manifest for @types/react@ts3.6 fetched in 113ms
25 http fetch GET 200 https://registry.npmjs.org/@types%2faria-query 42ms (from cache)
26 http fetch GET 200 https://registry.npmjs.org/@types%2farr-union 42ms (from cache)
27 http fetch GET 200 https://registry.npmjs.org/@types%2farray-unique 42ms (from cache)
28 http fetch GET 200 https://registry.npmjs.org/@types%2farray.prototype.flat 43ms (from cache)
29 http fetch GET 200 https://registry.npmjs.org/@types%2farr-diff 43ms (from cache)
30 http fetch GET 200 https://registry.npmjs.org/@types%2farray.prototype.flatmap 37ms (from cache)
31 http fetch GET 200 https://registry.npmjs.org/@types%2fasap 37ms (from cache)
32 http fetch GET 200 https://registry.npmjs.org/@types%2fassert 37ms (from cache)
33 http fetch GET 200 https://registry.npmjs.org/@types%2fasync 37ms (from cache)
34 silly pacote tag manifest for @types/arr-union@ts3.6 fetched in 46ms
35 silly pacote tag manifest for @types/aria-query@ts3.6 fetched in 47ms
36 silly pacote tag manifest for @types/array-unique@ts3.6 fetched in 47ms
37 silly pacote tag manifest for @types/array.prototype.flat@ts3.6 fetched in 48ms
38 silly pacote tag manifest for @types/arr-diff@ts3.6 fetched in 48ms
39 silly pacote tag manifest for @types/array.prototype.flatmap@ts3.6 fetched in 42ms
40 silly pacote tag manifest for @types/asap@ts3.6 fetched in 43ms
41 silly pacote tag manifest for @types/assert@ts3.6 fetched in 42ms
42 silly pacote tag manifest for @types/async@ts3.6 fetched in 43ms
43 http fetch GET 200 https://registry.npmjs.org/@types%2fatob 43ms (from cache)
44 http fetch GET 200 https://registry.npmjs.org/@types%2fbabel-plugin-macros 44ms (from cache)
45 http fetch GET 200 https://registry.npmjs.org/@types%2fbabylon 44ms (from cache)
46 http fetch GET 200 https://registry.npmjs.org/@types%2fbig.js 43ms (from cache)
47 http fetch GET 200 https://registry.npmjs.org/@types%2fbluebird 43ms (from cache)
48 http fetch GET 200 https://registry.npmjs.org/@types%2fbalanced-match 45ms (from cache)
49 http fetch GET 200 https://registry.npmjs.org/@types%2fbn.js 44ms (from cache)
50 http fetch GET 200 https://registry.npmjs.org/@types%2fbody-parser 44ms (from cache)
51 silly pacote tag manifest for @types/atob@ts3.6 fetched in 49ms
52 silly pacote tag manifest for @types/babel-plugin-macros@ts3.6 fetched in 50ms
53 silly pacote tag manifest for @types/babylon@ts3.6 fetched in 49ms
54 silly pacote tag manifest for @types/big.js@ts3.6 fetched in 49ms
55 silly pacote tag manifest for @types/bluebird@ts3.6 fetched in 50ms
56 silly pacote tag manifest for @types/balanced-match@ts3.6 fetched in 52ms
57 silly pacote tag manifest for @types/bn.js@ts3.6 fetched in 50ms
58 silly pacote tag manifest for @types/body-parser@ts3.6 fetched in 51ms
59 http fetch GET 200 https://registry.npmjs.org/@types%2fboolbase 35ms (from cache)
60 http fetch GET 200 https://registry.npmjs.org/@types%2fbrace-expansion 34ms (from cache)
61 http fetch GET 200 https://registry.npmjs.org/@types%2fbraces 35ms (from cache)
62 http fetch GET 200 https://registry.npmjs.org/@types%2fbrorand 34ms (from cache)
63 http fetch GET 200 https://registry.npmjs.org/@types%2fbser 35ms (from cache)
64 http fetch GET 200 https://registry.npmjs.org/@types%2fbuffer-from 33ms (from cache)
65 http fetch GET 200 https://registry.npmjs.org/@types%2fbuffer-xor 34ms (from cache)
66 http fetch GET 200 https://registry.npmjs.org/@types%2fbytes 31ms (from cache)
67 silly pacote tag manifest for @types/boolbase@ts3.6 fetched in 39ms
68 silly pacote tag manifest for @types/brace-expansion@ts3.6 fetched in 39ms
69 silly pacote tag manifest for @types/braces@ts3.6 fetched in 40ms
70 silly pacote tag manifest for @types/brorand@ts3.6 fetched in 42ms
71 silly pacote tag manifest for @types/bser@ts3.6 fetched in 42ms
72 silly pacote tag manifest for @types/buffer-from@ts3.6 fetched in 40ms
73 silly pacote tag manifest for @types/buffer-xor@ts3.6 fetched in 41ms
74 silly pacote tag manifest for @types/bytes@ts3.6 fetched in 41ms
75 http fetch GET 200 https://registry.npmjs.org/@types%2fcacache 27ms (from cache)
76 http fetch GET 200 https://registry.npmjs.org/@types%2fcall-bind 30ms (from cache)
77 silly registry:manifest no matching version for @types/call-bind@ts3.6 in the cache. Forcing revalidation.
78 http fetch GET 200 https://registry.npmjs.org/@types%2fcaniuse-api 32ms (from cache)
79 http fetch GET 200 https://registry.npmjs.org/@types%2fcaniuse-lite 31ms (from cache)
80 http fetch GET 200 https://registry.npmjs.org/@types%2fcase-sensitive-paths-webpack-plugin 30ms (from cache)
81 silly pacote tag manifest for @types/cacache@ts3.6 fetched in 36ms
82 http fetch GET 200 https://registry.npmjs.org/@types%2fcheck-types 30ms (from cache)
83 http fetch GET 200 https://registry.npmjs.org/@types%2fcipher-base 25ms (from cache)
84 http fetch GET 200 https://registry.npmjs.org/@types%2fchownr 29ms (from cache)
85 silly pacote tag manifest for @types/caniuse-lite@ts3.6 fetched in 35ms
86 silly pacote tag manifest for @types/caniuse-api@ts3.6 fetched in 36ms
87 silly pacote tag manifest for @types/check-types@ts3.6 fetched in 42ms
88 silly pacote tag manifest for @types/case-sensitive-paths-webpack-plugin@ts3.6 fetched in 43ms
89 silly pacote tag manifest for @types/chownr@ts3.6 fetched in 49ms
90 silly pacote tag manifest for @types/cipher-base@ts3.6 fetched in 46ms
91 http fetch GET 200 https://registry.npmjs.org/@types%2fclean-css 46ms (from cache)
92 http fetch GET 200 https://registry.npmjs.org/@types%2fco 49ms (from cache)
93 http fetch GET 200 https://registry.npmjs.org/@types%2fcolor 50ms (from cache)
94 http fetch GET 200 https://registry.npmjs.org/@types%2fcolor-convert 41ms (from cache)
95 http fetch GET 200 https://registry.npmjs.org/@types%2fcolor-name 40ms (from cache)
96 http fetch GET 200 https://registry.npmjs.org/@types%2fcolor-string 33ms (from cache)
97 http fetch GET 200 https://registry.npmjs.org/@types%2fcombined-stream 33ms (from cache)
98 silly pacote tag manifest for @types/clean-css@ts3.6 fetched in 60ms
99 silly pacote tag manifest for @types/co@ts3.6 fetched in 59ms
100 silly pacote tag manifest for @types/color@ts3.6 fetched in 64ms
101 silly pacote tag manifest for @types/color-convert@ts3.6 fetched in 54ms
102 silly pacote tag manifest for @types/color-name@ts3.6 fetched in 55ms
103 silly pacote tag manifest for @types/color-string@ts3.6 fetched in 45ms
104 silly pacote tag manifest for @types/combined-stream@ts3.6 fetched in 45ms
105 http fetch GET 200 https://registry.npmjs.org/@types%2fcommon-tags 36ms (from cache)
106 http fetch GET 200 https://registry.npmjs.org/@types%2fcommondir 32ms (from cache)
107 http fetch GET 200 https://registry.npmjs.org/@types%2fcomponent-emitter 30ms (from cache)
108 http fetch GET 200 https://registry.npmjs.org/@types%2fcompressible 30ms (from cache)
109 http fetch GET 200 https://registry.npmjs.org/@types%2fcompose-function 32ms (from cache)
110 silly pacote tag manifest for @types/common-tags@ts3.6 fetched in 42ms
111 http fetch GET 200 https://registry.npmjs.org/@types%2fconcat-map 28ms (from cache)
112 silly pacote tag manifest for @types/commondir@ts3.6 fetched in 38ms
113 silly pacote tag manifest for @types/component-emitter@ts3.6 fetched in 36ms
114 silly pacote tag manifest for @types/compressible@ts3.6 fetched in 35ms
115 silly pacote tag manifest for @types/compose-function@ts3.6 fetched in 37ms
116 http fetch GET 304 https://registry.npmjs.org/@types%2flint-staged 389ms (from cache)
117 silly pacote tag manifest for @types/concat-map@ts3.6 fetched in 37ms
118 silly registry:manifest no matching version for @types/lint-staged@ts3.6 in the cache. Forcing revalidation.
119 http fetch GET 200 https://registry.npmjs.org/@types%2fconcat-stream 21ms (from cache)
120 http fetch GET 304 https://registry.npmjs.org/@types%2fbonjour 247ms (from cache)
121 http fetch GET 200 https://registry.npmjs.org/@types%2fconfusing-browser-globals 22ms (from cache)
122 http fetch GET 200 https://registry.npmjs.org/@types%2fconnect-history-api-fallback 28ms (from cache)
123 http fetch GET 200 https://registry.npmjs.org/@types%2fcontent-type 28ms (from cache)
124 http fetch GET 200 https://registry.npmjs.org/@types%2fcontent-disposition 28ms (from cache)
125 silly pacote tag manifest for @types/concat-stream@ts3.6 fetched in 33ms
126 silly pacote tag manifest for @types/bonjour@ts3.6 fetched in 259ms
127 silly pacote tag manifest for @types/confusing-browser-globals@ts3.6 fetched in 35ms
128 http fetch GET 200 https://registry.npmjs.org/@types%2fconvert-source-map 27ms (from cache)
129 silly pacote tag manifest for @types/content-type@ts3.6 fetched in 33ms
130 silly pacote tag manifest for @types/content-disposition@ts3.6 fetched in 33ms
131 silly pacote tag manifest for @types/connect-history-api-fallback@ts3.6 fetched in 36ms
132 silly pacote tag manifest for @types/convert-source-map@ts3.6 fetched in 50ms
133 http fetch GET 200 https://registry.npmjs.org/@types%2fcookie 29ms (from cache)
134 http fetch GET 200 https://registry.npmjs.org/@types%2fcookie-signature 30ms (from cache)
135 http fetch GET 200 https://registry.npmjs.org/@types%2fcore-js 32ms (from cache)
136 http fetch GET 200 https://registry.npmjs.org/@types%2fcreate-hmac 30ms (from cache)
137 http fetch GET 200 https://registry.npmjs.org/@types%2fcreate-hash 31ms (from cache)
138 silly pacote tag manifest for @types/cookie@ts3.6 fetched in 37ms
139 http fetch GET 200 https://registry.npmjs.org/@types%2fcross-spawn 32ms (from cache)
140 silly pacote tag manifest for @types/cookie-signature@ts3.6 fetched in 39ms
141 silly pacote tag manifest for @types/core-js@ts3.6 fetched in 39ms
142 silly pacote tag manifest for @types/create-hmac@ts3.6 fetched in 37ms
143 silly pacote tag manifest for @types/create-hash@ts3.6 fetched in 38ms
144 http fetch GET 200 https://registry.npmjs.org/@types%2fcss 18ms (from cache)
145 silly pacote tag manifest for @types/cross-spawn@ts3.6 fetched in 39ms
146 http fetch GET 200 https://registry.npmjs.org/@types%2fcss-declaration-sorter 19ms (from cache)
147 silly pacote tag manifest for @types/css@ts3.6 fetched in 31ms
148 http fetch GET 200 https://registry.npmjs.org/@types%2fcall-bind 202ms
149 http fetch GET 200 https://registry.npmjs.org/@types%2fcss-tree 24ms (from cache)
150 silly fetchPackageMetaData error for @types/call-bind@ts3.6 No matching version found for @types/call-bind@ts3.6.
151 http fetch GET 200 https://registry.npmjs.org/@types%2fcsso 23ms (from cache)
152 http fetch GET 200 https://registry.npmjs.org/@types%2fcssesc 23ms (from cache)
153 http fetch GET 200 https://registry.npmjs.org/@types%2fcss.escape 26ms (from cache)
154 silly pacote tag manifest for @types/css-declaration-sorter@ts3.6 fetched in 31ms
155 silly registry:manifest no matching version for @types/css.escape@ts3.6 in the cache. Forcing revalidation.
156 http fetch GET 200 https://registry.npmjs.org/@types%2fcssom 26ms (from cache)
157 silly pacote tag manifest for @types/css-tree@ts3.6 fetched in 33ms
158 http fetch GET 200 https://registry.npmjs.org/@types%2flint-staged 98ms
159 silly pacote tag manifest for @types/csso@ts3.6 fetched in 35ms
160 silly pacote tag manifest for @types/cssesc@ts3.6 fetched in 35ms
161 silly fetchPackageMetaData error for @types/lint-staged@ts3.6 No matching version found for @types/lint-staged@ts3.6.
162 http fetch GET 200 https://registry.npmjs.org/@types%2fcssstyle 21ms (from cache)
163 silly pacote tag manifest for @types/cssom@ts3.6 fetched in 37ms
164 http fetch GET 200 https://registry.npmjs.org/@types%2fdamerau-levenshtein 35ms (from cache)
165 http fetch GET 200 https://registry.npmjs.org/@types%2fdata-urls 33ms (from cache)
166 silly pacote tag manifest for @types/cssstyle@ts3.6 fetched in 42ms
167 http fetch GET 200 https://registry.npmjs.org/@types%2fdedent 31ms (from cache)
168 http fetch GET 200 https://registry.npmjs.org/@types%2fdecode-uri-component 32ms (from cache)
169 silly pacote tag manifest for @types/damerau-levenshtein@ts3.6 fetched in 45ms
170 silly pacote tag manifest for @types/data-urls@ts3.6 fetched in 41ms
171 http fetch GET 200 https://registry.npmjs.org/@types%2fdefault-gateway 27ms (from cache)
172 http fetch GET 200 https://registry.npmjs.org/@types%2fdeep-equal 33ms (from cache)
173 silly pacote tag manifest for @types/dedent@ts3.6 fetched in 37ms
174 silly pacote tag manifest for @types/decode-uri-component@ts3.6 fetched in 39ms
175 http fetch GET 200 https://registry.npmjs.org/@types%2fdefine-properties 16ms (from cache)
176 silly pacote tag manifest for @types/default-gateway@ts3.6 fetched in 36ms
177 silly pacote tag manifest for @types/deep-equal@ts3.6 fetched in 42ms
178 http fetch GET 200 https://registry.npmjs.org/@types%2fdepd 19ms (from cache)
179 http fetch GET 200 https://registry.npmjs.org/@types%2fdestroy 17ms (from cache)
180 silly pacote tag manifest for @types/define-properties@ts3.6 fetched in 24ms
181 http fetch GET 304 https://registry.npmjs.org/@types%2fcompression 201ms (from cache)
182 http fetch GET 200 https://registry.npmjs.org/@types%2fdetect-node 22ms (from cache)
183 http fetch GET 200 https://registry.npmjs.org/@types%2fdiffie-hellman 22ms (from cache)
184 silly pacote tag manifest for @types/depd@ts3.6 fetched in 30ms
185 silly pacote tag manifest for @types/destroy@ts3.6 fetched in 28ms
186 http fetch GET 200 https://registry.npmjs.org/@types%2fdns-packet 19ms (from cache)
187 silly pacote tag manifest for @types/compression@ts3.6 fetched in 219ms
188 http fetch GET 200 https://registry.npmjs.org/@types%2fdir-glob 28ms (from cache)
189 silly pacote tag manifest for @types/detect-node@ts3.6 fetched in 36ms
190 silly pacote tag manifest for @types/diffie-hellman@ts3.6 fetched in 37ms
191 silly pacote tag manifest for @types/dns-packet@ts3.6 fetched in 37ms
192 silly pacote tag manifest for @types/dir-glob@ts3.6 fetched in 38ms
193 http fetch GET 200 https://registry.npmjs.org/@types%2fdns-txt 30ms (from cache)
194 silly registry:manifest no matching version for @types/dns-txt@ts3.6 in the cache. Forcing revalidation.
195 http fetch GET 200 https://registry.npmjs.org/@types%2fdoctrine 32ms (from cache)
196 http fetch GET 200 https://registry.npmjs.org/@types%2fdomexception 31ms (from cache)
197 http fetch GET 200 https://registry.npmjs.org/@types%2fduplexify 25ms (from cache)
198 http fetch GET 200 https://registry.npmjs.org/@types%2fdomutils 27ms (from cache)
199 silly pacote tag manifest for @types/doctrine@ts3.6 fetched in 43ms
200 silly pacote tag manifest for @types/domexception@ts3.6 fetched in 42ms
201 http fetch GET 200 https://registry.npmjs.org/@types%2fejs 24ms (from cache)
202 silly pacote tag manifest for @types/duplexify@ts3.6 fetched in 34ms
203 http fetch GET 200 https://registry.npmjs.org/@types%2felliptic 19ms (from cache)
204 silly pacote tag manifest for @types/domutils@ts3.6 fetched in 34ms
205 silly pacote tag manifest for @types/ejs@ts3.6 fetched in 33ms
206 silly pacote tag manifest for @types/elliptic@ts3.6 fetched in 29ms
207 http fetch GET 200 https://registry.npmjs.org/@types%2fencodeurl 15ms (from cache)
208 http fetch GET 200 https://registry.npmjs.org/@types%2fend-of-stream 16ms (from cache)
209 http fetch GET 304 https://registry.npmjs.org/@types%2fdebug 130ms (from cache)
210 http fetch GET 200 https://registry.npmjs.org/@types%2fes-abstract 18ms (from cache)
211 http fetch GET 200 https://registry.npmjs.org/@types%2fes-get-iterator 18ms (from cache)
212 silly pacote tag manifest for @types/encodeurl@ts3.6 fetched in 22ms
213 silly pacote tag manifest for @types/end-of-stream@ts3.6 fetched in 22ms
214 silly pacote tag manifest for @types/debug@ts3.6 fetched in 137ms
215 http fetch GET 200 https://registry.npmjs.org/@types%2fes-to-primitive 10ms (from cache)
216 http fetch GET 200 https://registry.npmjs.org/@types%2fescape-html 11ms (from cache)
217 silly pacote tag manifest for @types/es-abstract@ts3.6 fetched in 22ms
218 silly pacote tag manifest for @types/es-get-iterator@ts3.6 fetched in 22ms
219 http fetch GET 200 https://registry.npmjs.org/@types%2fcss.escape 141ms
220 silly fetchPackageMetaData error for @types/css.escape@ts3.6 No matching version found for @types/css.escape@ts3.6.
221 silly pacote tag manifest for @types/es-to-primitive@ts3.6 fetched in 23ms
222 silly pacote tag manifest for @types/escape-html@ts3.6 fetched in 23ms
223 http fetch GET 200 https://registry.npmjs.org/@types%2feslint 20ms (from cache)
224 http fetch GET 200 https://registry.npmjs.org/@types%2fescodegen 20ms (from cache)
225 http fetch GET 200 https://registry.npmjs.org/@types%2feslint-utils 23ms (from cache)
226 http fetch GET 200 https://registry.npmjs.org/@types%2fesprima 23ms (from cache)
227 http fetch GET 200 https://registry.npmjs.org/@types%2fesquery 18ms (from cache)
228 silly pacote tag manifest for @types/eslint@ts3.6 fetched in 26ms
229 silly pacote tag manifest for @types/escodegen@ts3.6 fetched in 27ms
230 http fetch GET 200 https://registry.npmjs.org/@types%2festraverse 14ms (from cache)
231 silly pacote tag manifest for @types/eslint-utils@ts3.6 fetched in 26ms
232 silly pacote tag manifest for @types/esprima@ts3.6 fetched in 26ms
233 http fetch GET 200 https://registry.npmjs.org/@types%2fesutils 15ms (from cache)
234 silly pacote tag manifest for @types/esquery@ts3.6 fetched in 23ms
235 silly pacote tag manifest for @types/estraverse@ts3.6 fetched in 24ms
236 silly pacote tag manifest for @types/esutils@ts3.6 fetched in 25ms
237 http fetch GET 200 https://registry.npmjs.org/@types%2fetag 14ms (from cache)
238 http fetch GET 200 https://registry.npmjs.org/@types%2fevents 14ms (from cache)
239 http fetch GET 200 https://registry.npmjs.org/@types%2fexit 14ms (from cache)
240 http fetch GET 200 https://registry.npmjs.org/@types%2feventsource 17ms (from cache)
241 silly pacote tag manifest for @types/etag@ts3.6 fetched in 21ms
242 silly pacote tag manifest for @types/events@ts3.6 fetched in 21ms
243 http fetch GET 200 https://registry.npmjs.org/@types%2ffast-levenshtein 16ms (from cache)
244 silly pacote tag manifest for @types/exit@ts3.6 fetched in 20ms
245 http fetch GET 200 https://registry.npmjs.org/@types%2ffb-watchman 12ms (from cache)
246 silly pacote tag manifest for @types/eventsource@ts3.6 fetched in 22ms
247 http fetch GET 200 https://registry.npmjs.org/@types%2ffile-entry-cache 12ms (from cache)
248 silly pacote tag manifest for @types/fast-levenshtein@ts3.6 fetched in 23ms
249 silly pacote tag manifest for @types/fb-watchman@ts3.6 fetched in 24ms
250 silly pacote tag manifest for @types/file-entry-cache@ts3.6 fetched in 26ms
251 http fetch GET 200 https://registry.npmjs.org/@types%2ffile-loader 18ms (from cache)
252 http fetch GET 200 https://registry.npmjs.org/@types%2ffill-range 20ms (from cache)
253 silly registry:manifest no matching version for @types/fill-range@ts3.6 in the cache. Forcing revalidation.
254 http fetch GET 200 https://registry.npmjs.org/@types%2ffinalhandler 21ms (from cache)
255 http fetch GET 200 https://registry.npmjs.org/@types%2ffind-cache-dir 20ms (from cache)
256 silly pacote tag manifest for @types/file-loader@ts3.6 fetched in 26ms
257 silly pacote tag manifest for @types/finalhandler@ts3.6 fetched in 25ms
258 silly pacote tag manifest for @types/find-cache-dir@ts3.6 fetched in 28ms
259 http fetch GET 200 https://registry.npmjs.org/@types%2fflat-cache 19ms (from cache)
260 http fetch GET 200 https://registry.npmjs.org/@types%2fflush-write-stream 16ms (from cache)
261 http fetch GET 200 https://registry.npmjs.org/@types%2ffollow-redirects 14ms (from cache)
262 silly pacote tag manifest for @types/flat-cache@ts3.6 fetched in 30ms
263 silly pacote tag manifest for @types/flush-write-stream@ts3.6 fetched in 26ms
264 silly pacote tag manifest for @types/follow-redirects@ts3.6 fetched in 25ms
265 http fetch GET 200 https://registry.npmjs.org/@types%2fforwarded 18ms (from cache)
266 http fetch GET 200 https://registry.npmjs.org/@types%2ffresh 18ms (from cache)
267 http fetch GET 200 https://registry.npmjs.org/@types%2ffrom2 14ms (from cache)
268 silly pacote tag manifest for @types/forwarded@ts3.6 fetched in 28ms
269 silly pacote tag manifest for @types/fresh@ts3.6 fetched in 28ms
270 silly pacote tag manifest for @types/from2@ts3.6 fetched in 25ms
271 http fetch GET 200 https://registry.npmjs.org/@types%2ffs-extra 18ms (from cache)
272 http fetch GET 200 https://registry.npmjs.org/@types%2ffs-minipass 20ms (from cache)
273 http fetch GET 200 https://registry.npmjs.org/@types%2ffunction-bind 19ms (from cache)
274 silly registry:manifest no matching version for @types/fs-minipass@ts3.6 in the cache. Forcing revalidation.
275 silly pacote tag manifest for @types/fs-extra@ts3.6 fetched in 29ms
276 silly pacote tag manifest for @types/function-bind@ts3.6 fetched in 28ms
277 http fetch GET 200 https://registry.npmjs.org/@types%2ffunctional-red-black-tree 18ms (from cache)
278 http fetch GET 200 https://registry.npmjs.org/@types%2fgensync 22ms (from cache)
279 http fetch GET 200 https://registry.npmjs.org/@types%2fget-intrinsic 22ms (from cache)
280 silly registry:manifest no matching version for @types/gensync@ts3.6 in the cache. Forcing revalidation.
281 silly registry:manifest no matching version for @types/get-intrinsic@ts3.6 in the cache. Forcing revalidation.
282 silly pacote tag manifest for @types/functional-red-black-tree@ts3.6 fetched in 30ms
283 http fetch GET 200 https://registry.npmjs.org/@types%2fget-value 20ms (from cache)
284 http fetch GET 200 https://registry.npmjs.org/@types%2fglob-parent 24ms (from cache)
285 http fetch GET 200 https://registry.npmjs.org/@types%2fdns-txt 186ms
286 silly fetchPackageMetaData error for @types/dns-txt@ts3.6 No matching version found for @types/dns-txt@ts3.6.
287 silly pacote tag manifest for @types/get-value@ts3.6 fetched in 29ms
288 silly pacote tag manifest for @types/glob-parent@ts3.6 fetched in 29ms
289 http fetch GET 200 https://registry.npmjs.org/@types%2fglobal-modules 17ms (from cache)
290 silly pacote tag manifest for @types/global-modules@ts3.6 fetched in 22ms
291 http fetch GET 304 https://registry.npmjs.org/@types%2feslint-scope 154ms (from cache)
292 http fetch GET 200 https://registry.npmjs.org/@types%2fglobal-prefix 11ms (from cache)
293 http fetch GET 200 https://registry.npmjs.org/@types%2fglobalthis 11ms (from cache)
294 silly pacote tag manifest for @types/eslint-scope@ts3.6 fetched in 159ms
295 silly pacote tag manifest for @types/global-prefix@ts3.6 fetched in 16ms
296 silly pacote tag manifest for @types/globalthis@ts3.6 fetched in 18ms
297 http fetch GET 200 https://registry.npmjs.org/@types%2fgraceful-fs 15ms (from cache)
298 http fetch GET 200 https://registry.npmjs.org/@types%2fhas 15ms (from cache)
299 silly pacote tag manifest for @types/graceful-fs@ts3.6 fetched in 22ms
300 http fetch GET 200 https://registry.npmjs.org/@types%2fhas-bigints 13ms (from cache)
301 silly registry:manifest no matching version for @types/has-bigints@ts3.6 in the cache. Forcing revalidation.
302 silly pacote tag manifest for @types/has@ts3.6 fetched in 19ms
303 http fetch GET 200 https://registry.npmjs.org/@types%2fhas-symbols 13ms (from cache)
304 silly pacote tag manifest for @types/has-symbols@ts3.6 fetched in 17ms
305 http fetch GET 200 https://registry.npmjs.org/@types%2fhas-values 15ms (from cache)
306 silly registry:manifest no matching version for @types/has-values@ts3.6 in the cache. Forcing revalidation.
307 http fetch GET 200 https://registry.npmjs.org/@types%2fhe 14ms (from cache)
308 silly pacote tag manifest for @types/he@ts3.6 fetched in 16ms
309 http fetch GET 200 https://registry.npmjs.org/@types%2fhex-color-regex 10ms (from cache)
310 silly pacote tag manifest for @types/hex-color-regex@ts3.6 fetched in 20ms
311 http fetch GET 200 https://registry.npmjs.org/@types%2fhosted-git-info 12ms (from cache)
312 http fetch GET 200 https://registry.npmjs.org/@types%2fhtml-encoding-sniffer 4ms (from cache)
313 silly pacote tag manifest for @types/hosted-git-info@ts3.6 fetched in 15ms
314 silly pacote tag manifest for @types/html-encoding-sniffer@ts3.6 fetched in 5ms
315 http fetch GET 200 https://registry.npmjs.org/@types%2fhtml-escaper 7ms (from cache)
316 http fetch GET 200 https://registry.npmjs.org/@types%2fhtml-minifier-terser 6ms (from cache)
317 silly pacote tag manifest for @types/html-escaper@ts3.6 fetched in 8ms
318 silly pacote tag manifest for @types/html-minifier-terser@ts3.6 fetched in 8ms
319 http fetch GET 200 https://registry.npmjs.org/@types%2fhttp-errors 7ms (from cache)
320 silly pacote tag manifest for @types/http-errors@ts3.6 fetched in 8ms
321 http fetch GET 200 https://registry.npmjs.org/@types%2ficss-utils 5ms (from cache)
322 silly pacote tag manifest for @types/icss-utils@ts3.6 fetched in 6ms
323 http fetch GET 200 https://registry.npmjs.org/@types%2fiferr 4ms (from cache)
324 silly pacote tag manifest for @types/iferr@ts3.6 fetched in 6ms
325 http fetch GET 200 https://registry.npmjs.org/@types%2fimport-local 4ms (from cache)
326 silly registry:manifest no matching version for @types/import-local@ts3.6 in the cache. Forcing revalidation.
327 http fetch GET 200 https://registry.npmjs.org/@types%2fgensync 133ms
328 silly fetchPackageMetaData error for @types/gensync@ts3.6 No matching version found for @types/gensync@ts3.6.
329 http fetch GET 200 https://registry.npmjs.org/@types%2fimurmurhash 4ms (from cache)
330 silly pacote tag manifest for @types/imurmurhash@ts3.6 fetched in 4ms
331 http fetch GET 200 https://registry.npmjs.org/@types%2finherits 4ms (from cache)
332 silly pacote tag manifest for @types/inherits@ts3.6 fetched in 5ms
333 http fetch GET 200 https://registry.npmjs.org/@types%2fini 4ms (from cache)
334 silly pacote tag manifest for @types/ini@ts3.6 fetched in 4ms
335 http fetch GET 200 https://registry.npmjs.org/@types%2finternal-slot 3ms (from cache)
336 silly pacote tag manifest for @types/internal-slot@ts3.6 fetched in 4ms
337 http fetch GET 200 https://registry.npmjs.org/@types%2fip 3ms (from cache)
338 silly pacote tag manifest for @types/ip@ts3.6 fetched in 4ms
339 http fetch GET 200 https://registry.npmjs.org/@types%2fis-arguments 4ms (from cache)
340 silly pacote tag manifest for @types/is-arguments@ts3.6 fetched in 6ms
341 http fetch GET 200 https://registry.npmjs.org/@types%2fis-bigint 5ms (from cache)
342 silly registry:manifest no matching version for @types/is-bigint@ts3.6 in the cache. Forcing revalidation.
343 http fetch GET 200 https://registry.npmjs.org/@types%2fget-intrinsic 168ms
344 silly fetchPackageMetaData error for @types/get-intrinsic@ts3.6 No matching version found for @types/get-intrinsic@ts3.6.
345 http fetch GET 200 https://registry.npmjs.org/@types%2fis-boolean-object 6ms (from cache)
346 silly registry:manifest no matching version for @types/is-boolean-object@ts3.6 in the cache. Forcing revalidation.
347 http fetch GET 200 https://registry.npmjs.org/@types%2fgopd 167ms
348 silly fetchPackageMetaData error for @types/gopd@ts3.6 No matching version found for @types/gopd@ts3.6.
349 http fetch GET 200 https://registry.npmjs.org/@types%2fis-buffer 3ms (from cache)
350 silly pacote tag manifest for @types/is-buffer@ts3.6 fetched in 4ms
351 http fetch GET 304 https://registry.npmjs.org/@types%2fhttp-proxy 102ms (from cache)
352 silly pacote tag manifest for @types/http-proxy@ts3.6 fetched in 105ms
353 http fetch GET 200 https://registry.npmjs.org/@types%2fis-callable 4ms (from cache)
354 silly pacote tag manifest for @types/is-callable@ts3.6 fetched in 7ms
355 http fetch GET 200 https://registry.npmjs.org/@types%2fis-ci 4ms (from cache)
356 silly pacote tag manifest for @types/is-ci@ts3.6 fetched in 7ms
357 http fetch GET 200 https://registry.npmjs.org/@types%2fis-core-module 4ms (from cache)
358 silly pacote tag manifest for @types/is-core-module@ts3.6 fetched in 8ms
359 http fetch GET 200 https://registry.npmjs.org/@types%2fis-data-descriptor 6ms (from cache)
360 silly registry:manifest no matching version for @types/is-data-descriptor@ts3.6 in the cache. Forcing revalidation.
361 http fetch GET 200 https://registry.npmjs.org/@types%2fis-date-object 4ms (from cache)
362 silly pacote tag manifest for @types/is-date-object@ts3.6 fetched in 7ms
363 http fetch GET 200 https://registry.npmjs.org/@types%2fis-glob 4ms (from cache)
364 silly pacote tag manifest for @types/is-glob@ts3.6 fetched in 5ms
365 http fetch GET 200 https://registry.npmjs.org/@types%2fis-boolean-object 123ms
366 silly fetchPackageMetaData error for @types/is-boolean-object@ts3.6 No matching version found for @types/is-boolean-object@ts3.6.
367 http fetch GET 200 https://registry.npmjs.org/@types%2fis-bigint 137ms
368 silly fetchPackageMetaData error for @types/is-bigint@ts3.6 No matching version found for @types/is-bigint@ts3.6.
369 http fetch GET 200 https://registry.npmjs.org/@types%2fis-number 12ms (from cache)
370 http fetch GET 200 https://registry.npmjs.org/@types%2fis-regex 12ms (from cache)
371 silly pacote tag manifest for @types/is-number@ts3.6 fetched in 15ms
372 silly pacote tag manifest for @types/is-regex@ts3.6 fetched in 15ms
373 http fetch GET 200 https://registry.npmjs.org/@types%2fis-string 7ms (from cache)
374 silly registry:manifest no matching version for @types/is-string@ts3.6 in the cache. Forcing revalidation.
375 http fetch GET 200 https://registry.npmjs.org/@types%2fis-symbol 10ms (from cache)
376 silly registry:manifest no matching version for @types/is-symbol@ts3.6 in the cache. Forcing revalidation.
377 http fetch GET 200 https://registry.npmjs.org/@types%2fis-symbol 156ms
378 silly fetchPackageMetaData error for @types/is-symbol@ts3.6 No matching version found for @types/is-symbol@ts3.6.
379 http fetch GET 200 https://registry.npmjs.org/@types%2fis-typedarray 5ms (from cache)
380 silly pacote tag manifest for @types/is-typedarray@ts3.6 fetched in 6ms
381 http fetch GET 200 https://registry.npmjs.org/@types%2fis-windows 4ms (from cache)
382 silly pacote tag manifest for @types/is-windows@ts3.6 fetched in 5ms
383 http fetch GET 200 https://registry.npmjs.org/@types%2fisarray 4ms (from cache)
384 silly pacote tag manifest for @types/isarray@ts3.6 fetched in 5ms
385 http fetch GET 200 https://registry.npmjs.org/@types%2fisexe 3ms (from cache)
386 silly pacote tag manifest for @types/isexe@ts3.6 fetched in 5ms
387 http fetch GET 200 https://registry.npmjs.org/@types%2fistanbul-lib-coverage 4ms (from cache)
388 silly pacote tag manifest for @types/istanbul-lib-coverage@ts3.6 fetched in 5ms
389 http fetch GET 200 https://registry.npmjs.org/@types%2fistanbul-lib-instrument 6ms (from cache)
390 silly pacote tag manifest for @types/istanbul-lib-instrument@ts3.6 fetched in 7ms
391 http fetch GET 200 https://registry.npmjs.org/@types%2fistanbul-lib-report 4ms (from cache)
392 silly pacote tag manifest for @types/istanbul-lib-report@ts3.6 fetched in 5ms
393 http fetch GET 200 https://registry.npmjs.org/@types%2fistanbul-lib-source-maps 4ms (from cache)
394 silly pacote tag manifest for @types/istanbul-lib-source-maps@ts3.6 fetched in 6ms
395 http fetch GET 200 https://registry.npmjs.org/@types%2fistanbul-reports 5ms (from cache)
396 silly pacote tag manifest for @types/istanbul-reports@ts3.6 fetched in 6ms
397 http fetch GET 200 https://registry.npmjs.org/@types%2fjs-yaml 4ms (from cache)
398 silly pacote tag manifest for @types/js-yaml@ts3.6 fetched in 5ms
399 http fetch GET 200 https://registry.npmjs.org/@types%2fjsdom 5ms (from cache)
400 silly pacote tag manifest for @types/jsdom@ts3.6 fetched in 6ms
401 http fetch GET 200 https://registry.npmjs.org/@types%2fjsesc 4ms (from cache)
402 silly pacote tag manifest for @types/jsesc@ts3.6 fetched in 4ms
403 http fetch GET 200 https://registry.npmjs.org/@types%2fjson-parse-better-errors 3ms (from cache)
404 silly pacote tag manifest for @types/json-parse-better-errors@ts3.6 fetched in 3ms
405 http fetch GET 200 https://registry.npmjs.org/@types%2fjson-stable-stringify-without-jsonify 4ms (from cache)
406 silly registry:manifest no matching version for @types/json-stable-stringify-without-jsonify@ts3.6 in the cache. Forcing revalidation.
407 http fetch GET 200 https://registry.npmjs.org/@types%2fjson-stable-stringify-without-jsonify 118ms
408 silly fetchPackageMetaData error for @types/json-stable-stringify-without-jsonify@ts3.6 No matching version found for @types/json-stable-stringify-without-jsonify@ts3.6.
409 http fetch GET 200 https://registry.npmjs.org/@types%2fjsonfile 5ms (from cache)
410 silly pacote tag manifest for @types/jsonfile@ts3.6 fetched in 6ms
411 http fetch GET 200 https://registry.npmjs.org/@types%2fkind-of 5ms (from cache)
412 silly pacote tag manifest for @types/kind-of@ts3.6 fetched in 6ms
413 http fetch GET 304 https://registry.npmjs.org/@types%2fee-first 2324ms (from cache)
414 silly pacote tag manifest for @types/ee-first@ts3.6 fetched in 2325ms
415 http fetch GET 200 https://registry.npmjs.org/@types%2floader-runner 9ms (from cache)
416 silly pacote tag manifest for @types/loader-runner@ts3.6 fetched in 11ms
417 http fetch GET 200 https://registry.npmjs.org/@types%2floader-utils 6ms (from cache)
418 silly pacote tag manifest for @types/loader-utils@ts3.6 fetched in 9ms
419 http fetch GET 200 https://registry.npmjs.org/@types%2flodash 7ms (from cache)
420 silly pacote tag manifest for @types/lodash@ts3.6 fetched in 10ms
421 http fetch GET 200 https://registry.npmjs.org/@types%2ffill-range 2351ms
422 silly fetchPackageMetaData error for @types/fill-range@ts3.6 No matching version found for @types/fill-range@ts3.6.
423 http fetch GET 200 https://registry.npmjs.org/@types%2ffs-minipass 2311ms
424 silly fetchPackageMetaData error for @types/fs-minipass@ts3.6 No matching version found for @types/fs-minipass@ts3.6.
425 http fetch GET 200 https://registry.npmjs.org/@types%2fhas-values 2353ms
426 silly fetchPackageMetaData error for @types/has-values@ts3.6 No matching version found for @types/has-values@ts3.6.
427 http fetch GET 200 https://registry.npmjs.org/@types%2fis-map 2224ms
428 silly fetchPackageMetaData error for @types/is-map@ts3.6 No matching version found for @types/is-map@ts3.6.
429 http fetch GET 200 https://registry.npmjs.org/@types%2fhas-bigints 2436ms
430 silly fetchPackageMetaData error for @types/has-bigints@ts3.6 No matching version found for @types/has-bigints@ts3.6.
431 http fetch GET 200 https://registry.npmjs.org/@types%2fis-data-descriptor 2309ms
432 silly fetchPackageMetaData error for @types/is-data-descriptor@ts3.6 No matching version found for @types/is-data-descriptor@ts3.6.
433 http fetch GET 200 https://registry.npmjs.org/@types%2fimport-local 2455ms
434 silly fetchPackageMetaData error for @types/import-local@ts3.6 No matching version found for @types/import-local@ts3.6.
435 http fetch GET 200 https://registry.npmjs.org/@types%2fis-string 2321ms
436 silly fetchPackageMetaData error for @types/is-string@ts3.6 No matching version found for @types/is-string@ts3.6.
437 http fetch GET 200 https://registry.npmjs.org/@types%2flanguage-tags 2354ms
438 silly fetchPackageMetaData error for @types/language-tags@ts3.6 No matching version found for @types/language-tags@ts3.6.
439 timing stage:rollbackFailedOptional Completed in 0ms
440 timing stage:runTopLevelLifecycles Completed in 3862ms
441 verbose type tag
442 verbose stack @types/call-bind: No matching version found for @types/call-bind@ts3.6.
442 verbose stack     at pickManifest (/usr/local/lib/node_modules/npm/node_modules/npm-pick-manifest/index.js:122:13)
442 verbose stack     at /usr/local/lib/node_modules/npm/node_modules/pacote/lib/fetchers/registry/manifest.js:43:18
442 verbose stack     at tryCatcher (/usr/local/lib/node_modules/npm/node_modules/bluebird/js/release/util.js:16:23)
442 verbose stack     at Promise._settlePromiseFromHandler (/usr/local/lib/node_modules/npm/node_modules/bluebird/js/release/promise.js:517:31)
442 verbose stack     at Promise._settlePromise (/usr/local/lib/node_modules/npm/node_modules/bluebird/js/release/promise.js:574:18)
442 verbose stack     at Promise._settlePromise0 (/usr/local/lib/node_modules/npm/node_modules/bluebird/js/release/promise.js:619:10)
442 verbose stack     at Promise._settlePromises (/usr/local/lib/node_modules/npm/node_modules/bluebird/js/release/promise.js:699:18)
442 verbose stack     at _drainQueueStep (/usr/local/lib/node_modules/npm/node_modules/bluebird/js/release/async.js:138:12)
442 verbose stack     at _drainQueue (/usr/local/lib/node_modules/npm/node_modules/bluebird/js/release/async.js:131:9)
442 verbose stack     at Async._drainQueues (/usr/local/lib/node_modules/npm/node_modules/bluebird/js/release/async.js:147:5)
442 verbose stack     at Immediate.Async.drainQueues [as _onImmediate] (/usr/local/lib/node_modules/npm/node_modules/bluebird/js/release/async.js:17:14)
442 verbose stack     at processImmediate (internal/timers.js:456:21)
443 verbose cwd /home/theia/.cache/typescript/3.6
444 verbose Linux 5.10.16.3-microsoft-standard-WSL2
445 verbose argv "/usr/local/bin/node" "/usr/local/bin/npm" "install" "--ignore-scripts" "@types/testing-library__jest-dom@ts3.6" "@types/react@ts3.6" "@types/react-dom@ts3.6" "@types/uuid@ts3.6" "@types/eslint-config-prettier@ts3.6" "@types/eslint-plugin-prettier@ts3.6" "@types/lint-staged@ts3.6" "@types/prettier@ts3.6" "@types/accepts@ts3.6" "@types/argparse@ts3.6" "@types/aria-query@ts3.6" "@types/arr-diff@ts3.6" "@types/arr-union@ts3.6" "@types/array-unique@ts3.6" "@types/array.prototype.flat@ts3.6" "@types/array.prototype.flatmap@ts3.6" "@types/asap@ts3.6" "@types/assert@ts3.6" "@types/async@ts3.6" "@types/atob@ts3.6" "@types/babel-plugin-macros@ts3.6" "@types/babylon@ts3.6" "@types/balanced-match@ts3.6" "@types/big.js@ts3.6" "@types/bluebird@ts3.6" "@types/bn.js@ts3.6" "@types/body-parser@ts3.6" "@types/bonjour@ts3.6" "@types/boolbase@ts3.6" "@types/brace-expansion@ts3.6" "@types/braces@ts3.6" "@types/brorand@ts3.6" "@types/bser@ts3.6" "@types/buffer-from@ts3.6" "@types/buffer-xor@ts3.6" "@types/bytes@ts3.6" "@types/cacache@ts3.6" "@types/call-bind@ts3.6" "@types/caniuse-api@ts3.6" "@types/caniuse-lite@ts3.6" "@types/case-sensitive-paths-webpack-plugin@ts3.6" "@types/check-types@ts3.6" "@types/chownr@ts3.6" "@types/cipher-base@ts3.6" "@types/clean-css@ts3.6" "@types/co@ts3.6" "@types/color@ts3.6" "@types/color-convert@ts3.6" "@types/color-name@ts3.6" "@types/color-string@ts3.6" "@types/combined-stream@ts3.6" "@types/common-tags@ts3.6" "@types/commondir@ts3.6" "@types/component-emitter@ts3.6" "@types/compose-function@ts3.6" "@types/compressible@ts3.6" "@types/compression@ts3.6" "@types/concat-map@ts3.6" "@types/concat-stream@ts3.6" "@types/confusing-browser-globals@ts3.6" "@types/connect-history-api-fallback@ts3.6" "@types/content-disposition@ts3.6" "@types/content-type@ts3.6" "@types/convert-source-map@ts3.6" "@types/cookie@ts3.6" "@types/cookie-signature@ts3.6" "@types/core-js@ts3.6" "@types/create-hash@ts3.6" "@types/create-hmac@ts3.6" "@types/cross-spawn@ts3.6" "@types/css@ts3.6" "@types/css-declaration-sorter@ts3.6" "@types/css-tree@ts3.6" "@types/css.escape@ts3.6" "@types/cssesc@ts3.6" "@types/csso@ts3.6" "@types/cssom@ts3.6" "@types/cssstyle@ts3.6" "@types/damerau-levenshtein@ts3.6" "@types/data-urls@ts3.6" "@types/debug@ts3.6" "@types/decode-uri-component@ts3.6" "@types/dedent@ts3.6" "@types/deep-equal@ts3.6" "@types/default-gateway@ts3.6" "@types/define-properties@ts3.6" "@types/depd@ts3.6" "@types/destroy@ts3.6" "@types/detect-node@ts3.6" "@types/diffie-hellman@ts3.6" "@types/dir-glob@ts3.6" "@types/dns-packet@ts3.6" "@types/dns-txt@ts3.6" "@types/doctrine@ts3.6" "@types/domexception@ts3.6" "@types/domutils@ts3.6" "@types/duplexify@ts3.6" "@types/ee-first@ts3.6" "@types/ejs@ts3.6" "@types/elliptic@ts3.6" "@types/encodeurl@ts3.6" "@types/end-of-stream@ts3.6" "@types/es-abstract@ts3.6" "@types/es-get-iterator@ts3.6" "@types/es-to-primitive@ts3.6" "@types/escape-html@ts3.6" "@types/escodegen@ts3.6" "@types/eslint@ts3.6" "@types/eslint-scope@ts3.6" "@types/eslint-utils@ts3.6" "@types/esprima@ts3.6" "@types/esquery@ts3.6" "@types/estraverse@ts3.6" "@types/esutils@ts3.6" "@types/etag@ts3.6" "@types/events@ts3.6" "@types/eventsource@ts3.6" "@types/exit@ts3.6" "@types/fast-levenshtein@ts3.6" "@types/fb-watchman@ts3.6" "@types/file-entry-cache@ts3.6" "@types/file-loader@ts3.6" "@types/fill-range@ts3.6" "@types/finalhandler@ts3.6" "@types/find-cache-dir@ts3.6" "@types/flat-cache@ts3.6" "@types/flush-write-stream@ts3.6" "@types/follow-redirects@ts3.6" "@types/forwarded@ts3.6" "@types/fresh@ts3.6" "@types/from2@ts3.6" "@types/fs-extra@ts3.6" "@types/fs-minipass@ts3.6" "@types/function-bind@ts3.6" "@types/functional-red-black-tree@ts3.6" "@types/gensync@ts3.6" "@types/get-intrinsic@ts3.6" "@types/get-value@ts3.6" "@types/glob-parent@ts3.6" "@types/global-modules@ts3.6" "@types/global-prefix@ts3.6" "@types/globalthis@ts3.6" "@types/gopd@ts3.6" "@types/graceful-fs@ts3.6" "@types/has@ts3.6" "@types/has-bigints@ts3.6" "@types/has-symbols@ts3.6" "@types/has-values@ts3.6" "@types/he@ts3.6" "@types/hex-color-regex@ts3.6" "@types/hosted-git-info@ts3.6" "@types/html-encoding-sniffer@ts3.6" "@types/html-escaper@ts3.6" "@types/html-minifier-terser@ts3.6" "@types/http-errors@ts3.6" "@types/http-proxy@ts3.6" "@types/icss-utils@ts3.6" "@types/iferr@ts3.6" "@types/import-local@ts3.6" "@types/imurmurhash@ts3.6" "@types/inherits@ts3.6" "@types/ini@ts3.6" "@types/internal-slot@ts3.6" "@types/ip@ts3.6" "@types/is-arguments@ts3.6" "@types/is-bigint@ts3.6" "@types/is-boolean-object@ts3.6" "@types/is-buffer@ts3.6" "@types/is-callable@ts3.6" "@types/is-ci@ts3.6" "@types/is-core-module@ts3.6" "@types/is-data-descriptor@ts3.6" "@types/is-date-object@ts3.6" "@types/is-glob@ts3.6" "@types/is-map@ts3.6" "@types/is-number@ts3.6" "@types/is-regex@ts3.6" "@types/is-string@ts3.6" "@types/is-symbol@ts3.6" "@types/is-typedarray@ts3.6" "@types/is-windows@ts3.6" "@types/isarray@ts3.6" "@types/isexe@ts3.6" "@types/istanbul-lib-coverage@ts3.6" "@types/istanbul-lib-instrument@ts3.6" "@types/istanbul-lib-report@ts3.6" "@types/istanbul-lib-source-maps@ts3.6" "@types/istanbul-reports@ts3.6" "@types/js-yaml@ts3.6" "@types/jsdom@ts3.6" "@types/jsesc@ts3.6" "@types/json-parse-better-errors@ts3.6" "@types/json-stable-stringify-without-jsonify@ts3.6" "@types/jsonfile@ts3.6" "@types/kind-of@ts3.6" "@types/language-tags@ts3.6" "@types/loader-runner@ts3.6" "@types/loader-utils@ts3.6" "@types/lodash@ts3.6" "--save-dev" "--user-agent=typesInstaller/3.6.3"
446 verbose node v12.18.3
447 verbose npm  v6.14.6
448 error code ETARGET
449 error notarget No matching version found for @types/call-bind@ts3.6.
450 error notarget In most cases you or one of your dependencies are requesting
450 error notarget a package version that doesn't exist.
451 verbose exit [ 1, true ]
