0 info it worked if it ends with ok
1 verbose cli [
1 verbose cli   '/usr/local/bin/node',
1 verbose cli   '/usr/local/bin/npm',
1 verbose cli   'install',
1 verbose cli   '--ignore-scripts',
1 verbose cli   '@types/lodash.debounce@ts3.6',
1 verbose cli   '@types/lodash.memoize@ts3.6',
1 verbose cli   '@types/lodash.merge@ts3.6',
1 verbose cli   '@types/lodash.template@ts3.6',
1 verbose cli   '@types/lodash.truncate@ts3.6',
1 verbose cli   '@types/lodash.uniq@ts3.6',
1 verbose cli   '@types/media-typer@ts3.6',
1 verbose cli   '@types/memory-fs@ts3.6',
1 verbose cli   '@types/memorystream@ts3.6',
1 verbose cli   '@types/merge-descriptors@ts3.6',
1 verbose cli   '@types/merge-stream@ts3.6',
1 verbose cli   '@types/merge2@ts3.6',
1 verbose cli   '@types/methods@ts3.6',
1 verbose cli   '@types/micromatch@ts3.6',
1 verbose cli   '@types/mime@ts3.6',
1 verbose cli   '@types/mime-db@ts3.6',
1 verbose cli   '@types/mime-types@ts3.6',
1 verbose cli   '@types/min-indent@ts3.6',
1 verbose cli   '@types/minimalistic-assert@ts3.6',
1 verbose cli   '@types/minimist@ts3.6',
1 verbose cli   '@types/minizlib@ts3.6',
1 verbose cli   '@types/move-concurrently@ts3.6',
1 verbose cli   '@types/ms@ts3.6',
1 verbose cli   '@types/multicast-dns@ts3.6',
1 verbose cli   '@types/natural-compare@ts3.6',
1 verbose cli   '@types/negotiator@ts3.6',
1 verbose cli   '@types/neo-async@ts3.6',
1 verbose cli   '@types/next-tick@ts3.6',
1 verbose cli   '@types/nice-try@ts3.6',
1 verbose cli   '@types/node-forge@ts3.6',
1 verbose cli   '@types/node-int64@ts3.6',
1 verbose cli   '@types/node-notifier@ts3.6',
1 verbose cli   '@types/normalize-package-data@ts3.6',
1 verbose cli   '@types/normalize-path@ts3.6',
1 verbose cli   '@types/num2fraction@ts3.6',
1 verbose cli   '@types/nwsapi@ts3.6',
1 verbose cli   '@types/object-assign@ts3.6',
1 verbose cli   '@types/object-inspect@ts3.6',
1 verbose cli   '@types/object-keys@ts3.6',
1 verbose cli   '@types/object.fromentries@ts3.6',
1 verbose cli   '@types/object.getownpropertydescriptors@ts3.6',
1 verbose cli   '@types/object.pick@ts3.6',
1 verbose cli   '@types/on-finished@ts3.6',
1 verbose cli   '@types/on-headers@ts3.6',
1 verbose cli   '@types/once@ts3.6',
1 verbose cli   '@types/optimize-css-assets-webpack-plugin@ts3.6',
1 verbose cli   '@types/pako@ts3.6',
1 verbose cli   '@types/parallel-transform@ts3.6',
1 verbose cli   '@types/parse-json@ts3.6',
1 verbose cli   '@types/parseurl@ts3.6',
1 verbose cli   '@types/pascalcase@ts3.6',
1 verbose cli   '@types/path-browserify@ts3.6',
1 verbose cli   '@types/path-is-absolute@ts3.6',
1 verbose cli   '@types/path-is-inside@ts3.6',
1 verbose cli   '@types/path-parse@ts3.6',
1 verbose cli   '@types/pbkdf2@ts3.6',
1 verbose cli   '@types/picomatch@ts3.6',
1 verbose cli   '@types/pify@ts3.6',
1 verbose cli   '@types/postcss-flexbugs-fixes@ts3.6',
1 verbose cli   '@types/postcss-gap-properties@ts3.6',
1 verbose cli   '@types/postcss-modules-extract-imports@ts3.6',
1 verbose cli   '@types/postcss-modules-local-by-default@ts3.6',
1 verbose cli   '@types/postcss-modules-scope@ts3.6',
1 verbose cli   '@types/postcss-modules-values@ts3.6',
1 verbose cli   '@types/postcss-normalize@ts3.6',
1 verbose cli   '@types/postcss-safe-parser@ts3.6',
1 verbose cli   '@types/prelude-ls@ts3.6',
1 verbose cli   '@types/prettier-linter-helpers@ts3.6',
1 verbose cli   '@types/progress@ts3.6',
1 verbose cli   '@types/promise-inflight@ts3.6',
1 verbose cli   '@types/prompts@ts3.6',
1 verbose cli   '@types/prop-types@ts3.6',
1 verbose cli   '@types/proxy-addr@ts3.6',
1 verbose cli   '@types/psl@ts3.6',
1 verbose cli   '@types/pump@ts3.6',
1 verbose cli   '@types/pumpify@ts3.6',
1 verbose cli   '@types/punycode@ts3.6',
1 verbose cli   '@types/q@ts3.6',
1 verbose cli   '@types/qs@ts3.6',
1 verbose cli   '@types/querystringify@ts3.6',
1 verbose cli   '@types/raf@ts3.6',
1 verbose cli   '@types/randombytes@ts3.6',
1 verbose cli   '@types/range-parser@ts3.6',
1 verbose cli   '@types/react-dev-utils@ts3.6',
1 verbose cli   '@types/react-is@ts3.6',
1 verbose cli   '@types/react-refresh@ts3.6',
1 verbose cli   '@types/readable-stream@ts3.6',
1 verbose cli   '@types/recursive-readdir@ts3.6',
1 verbose cli   '@types/regenerate@ts3.6',
1 verbose cli   '@types/regenerator-runtime@ts3.6',
1 verbose cli   '@types/regex-not@ts3.6',
1 verbose cli   '@types/relateurl@ts3.6',
1 verbose cli   '@types/repeat-element@ts3.6',
1 verbose cli   '@types/repeat-string@ts3.6',
1 verbose cli   '@types/require-directory@ts3.6',
1 verbose cli   '@types/require-from-string@ts3.6',
1 verbose cli   ... 104 more items
1 verbose cli ]
2 info using npm@6.14.6
3 info using node@v12.18.3
4 verbose npm-session f329fe27f27dbb2e
5 silly install loadCurrentTree
6 silly install readLocalPackageData
7 http fetch GET 304 https://registry.npmjs.org/@types%2flodash.debounce 190ms (from cache)
8 silly pacote tag manifest for @types/lodash.debounce@ts3.6 fetched in 195ms
9 http fetch GET 304 https://registry.npmjs.org/@types%2fmerge-descriptors 198ms (from cache)
10 silly pacote tag manifest for @types/merge-descriptors@ts3.6 fetched in 200ms
11 http fetch GET 304 https://registry.npmjs.org/@types%2flodash.truncate 215ms (from cache)
12 silly pacote tag manifest for @types/lodash.truncate@ts3.6 fetched in 217ms
13 http fetch GET 304 https://registry.npmjs.org/@types%2flodash.template 230ms (from cache)
14 silly pacote tag manifest for @types/lodash.template@ts3.6 fetched in 232ms
15 http fetch GET 304 https://registry.npmjs.org/@types%2flodash.merge 261ms (from cache)
16 http fetch GET 304 https://registry.npmjs.org/@types%2fmemory-fs 258ms (from cache)
17 http fetch GET 304 https://registry.npmjs.org/@types%2fmemorystream 257ms (from cache)
18 silly pacote tag manifest for @types/lodash.merge@ts3.6 fetched in 263ms
19 silly pacote tag manifest for @types/memorystream@ts3.6 fetched in 260ms
20 silly pacote tag manifest for @types/memory-fs@ts3.6 fetched in 261ms
21 http fetch GET 304 https://registry.npmjs.org/@types%2flodash.memoize 269ms (from cache)
22 http fetch GET 304 https://registry.npmjs.org/@types%2fmedia-typer 278ms (from cache)
23 silly pacote tag manifest for @types/lodash.memoize@ts3.6 fetched in 282ms
24 silly pacote tag manifest for @types/media-typer@ts3.6 fetched in 280ms
25 http fetch GET 304 https://registry.npmjs.org/@types%2flodash.uniq 290ms (from cache)
26 silly pacote tag manifest for @types/lodash.uniq@ts3.6 fetched in 292ms
27 http fetch GET 304 https://registry.npmjs.org/@types%2fmerge2 113ms (from cache)
28 silly pacote tag manifest for @types/merge2@ts3.6 fetched in 113ms
29 http fetch GET 304 https://registry.npmjs.org/@types%2fmerge-stream 151ms (from cache)
30 silly pacote tag manifest for @types/merge-stream@ts3.6 fetched in 152ms
31 http fetch GET 304 https://registry.npmjs.org/@types%2fmethods 136ms (from cache)
32 http fetch GET 304 https://registry.npmjs.org/@types%2fmime 90ms (from cache)
33 silly pacote tag manifest for @types/methods@ts3.6 fetched in 137ms
34 silly pacote tag manifest for @types/mime@ts3.6 fetched in 92ms
35 http fetch GET 304 https://registry.npmjs.org/@types%2fminimist 72ms (from cache)
36 silly pacote tag manifest for @types/minimist@ts3.6 fetched in 74ms
37 http fetch GET 304 https://registry.npmjs.org/@types%2fmime-types 120ms (from cache)
38 silly pacote tag manifest for @types/mime-types@ts3.6 fetched in 124ms
39 http fetch GET 304 https://registry.npmjs.org/@types%2fmicromatch 172ms (from cache)
40 http fetch GET 304 https://registry.npmjs.org/@types%2fminizlib 89ms (from cache)
41 silly pacote tag manifest for @types/micromatch@ts3.6 fetched in 174ms
42 http fetch GET 304 https://registry.npmjs.org/@types%2fmin-indent 127ms (from cache)
43 silly pacote tag manifest for @types/minizlib@ts3.6 fetched in 91ms
44 silly pacote tag manifest for @types/min-indent@ts3.6 fetched in 134ms
45 http fetch GET 304 https://registry.npmjs.org/@types%2fminimalistic-assert 140ms (from cache)
46 http fetch GET 304 https://registry.npmjs.org/@types%2fmime-db 159ms (from cache)
47 silly pacote tag manifest for @types/minimalistic-assert@ts3.6 fetched in 142ms
48 silly pacote tag manifest for @types/mime-db@ts3.6 fetched in 162ms
49 http fetch GET 304 https://registry.npmjs.org/@types%2fms 97ms (from cache)
50 silly pacote tag manifest for @types/ms@ts3.6 fetched in 98ms
51 http fetch GET 304 https://registry.npmjs.org/@types%2fmulticast-dns 112ms (from cache)
52 silly pacote tag manifest for @types/multicast-dns@ts3.6 fetched in 113ms
53 http fetch GET 304 https://registry.npmjs.org/@types%2fnatural-compare 100ms (from cache)
54 silly pacote tag manifest for @types/natural-compare@ts3.6 fetched in 105ms
55 http fetch GET 304 https://registry.npmjs.org/@types%2fmove-concurrently 141ms (from cache)
56 silly pacote tag manifest for @types/move-concurrently@ts3.6 fetched in 142ms
57 http fetch GET 304 https://registry.npmjs.org/@types%2fnegotiator 106ms (from cache)
58 silly pacote tag manifest for @types/negotiator@ts3.6 fetched in 108ms
59 http fetch GET 304 https://registry.npmjs.org/@types%2fnext-tick 121ms (from cache)
60 silly pacote tag manifest for @types/next-tick@ts3.6 fetched in 125ms
61 http fetch GET 304 https://registry.npmjs.org/@types%2fnode-forge 118ms (from cache)
62 silly pacote tag manifest for @types/node-forge@ts3.6 fetched in 121ms
63 http fetch GET 304 https://registry.npmjs.org/@types%2fnormalize-package-data 85ms (from cache)
64 silly pacote tag manifest for @types/normalize-package-data@ts3.6 fetched in 90ms
65 http fetch GET 200 https://registry.npmjs.org/@types%2fneo-async 155ms
66 silly fetchPackageMetaData error for @types/neo-async@ts3.6 No matching version found for @types/neo-async@ts3.6.
67 http fetch GET 304 https://registry.npmjs.org/@types%2fnice-try 157ms (from cache)
68 silly pacote tag manifest for @types/nice-try@ts3.6 fetched in 158ms
69 http fetch GET 304 https://registry.npmjs.org/@types%2fnode-int64 152ms (from cache)
70 http fetch GET 304 https://registry.npmjs.org/@types%2fnode-notifier 125ms (from cache)
71 silly pacote tag manifest for @types/node-int64@ts3.6 fetched in 154ms
72 silly pacote tag manifest for @types/node-notifier@ts3.6 fetched in 128ms
73 http fetch GET 304 https://registry.npmjs.org/@types%2fnormalize-path 126ms (from cache)
74 http fetch GET 304 https://registry.npmjs.org/@types%2fobject-inspect 55ms (from cache)
75 silly pacote tag manifest for @types/normalize-path@ts3.6 fetched in 128ms
76 silly pacote tag manifest for @types/object-inspect@ts3.6 fetched in 56ms
77 http fetch GET 304 https://registry.npmjs.org/@types%2fnum2fraction 117ms (from cache)
78 silly pacote tag manifest for @types/num2fraction@ts3.6 fetched in 120ms
79 http fetch GET 304 https://registry.npmjs.org/@types%2fnwsapi 132ms (from cache)
80 http fetch GET 304 https://registry.npmjs.org/@types%2fobject.pick 50ms (from cache)
81 silly pacote tag manifest for @types/nwsapi@ts3.6 fetched in 133ms
82 silly pacote tag manifest for @types/object.pick@ts3.6 fetched in 51ms
83 http fetch GET 304 https://registry.npmjs.org/@types%2fon-finished 61ms (from cache)
84 silly pacote tag manifest for @types/on-finished@ts3.6 fetched in 64ms
85 http fetch GET 304 https://registry.npmjs.org/@types%2fobject-assign 116ms (from cache)
86 silly pacote tag manifest for @types/object-assign@ts3.6 fetched in 116ms
87 http fetch GET 304 https://registry.npmjs.org/@types%2fobject.fromentries 96ms (from cache)
88 silly pacote tag manifest for @types/object.fromentries@ts3.6 fetched in 96ms
89 http fetch GET 304 https://registry.npmjs.org/@types%2fobject.getownpropertydescriptors 109ms (from cache)
90 http fetch GET 304 https://registry.npmjs.org/@types%2fobject-keys 124ms (from cache)
91 silly pacote tag manifest for @types/object.getownpropertydescriptors@ts3.6 fetched in 110ms
92 silly pacote tag manifest for @types/object-keys@ts3.6 fetched in 125ms
93 http fetch GET 304 https://registry.npmjs.org/@types%2fparse-json 60ms (from cache)
94 http fetch GET 304 https://registry.npmjs.org/@types%2fonce 104ms (from cache)
95 silly pacote tag manifest for @types/parse-json@ts3.6 fetched in 61ms
96 silly pacote tag manifest for @types/once@ts3.6 fetched in 105ms
97 http fetch GET 304 https://registry.npmjs.org/@types%2foptimize-css-assets-webpack-plugin 113ms (from cache)
98 silly pacote tag manifest for @types/optimize-css-assets-webpack-plugin@ts3.6 fetched in 113ms
99 http fetch GET 304 https://registry.npmjs.org/@types%2fparallel-transform 101ms (from cache)
100 silly pacote tag manifest for @types/parallel-transform@ts3.6 fetched in 102ms
101 http fetch GET 304 https://registry.npmjs.org/@types%2fpath-is-absolute 62ms (from cache)
102 silly pacote tag manifest for @types/path-is-absolute@ts3.6 fetched in 63ms
103 http fetch GET 304 https://registry.npmjs.org/@types%2fpath-parse 67ms (from cache)
104 http fetch GET 304 https://registry.npmjs.org/@types%2fpascalcase 112ms (from cache)
105 http fetch GET 304 https://registry.npmjs.org/@types%2fparseurl 123ms (from cache)
106 silly pacote tag manifest for @types/path-parse@ts3.6 fetched in 69ms
107 silly pacote tag manifest for @types/pascalcase@ts3.6 fetched in 115ms
108 silly pacote tag manifest for @types/parseurl@ts3.6 fetched in 125ms
109 http fetch GET 304 https://registry.npmjs.org/@types%2fpako 149ms (from cache)
110 silly pacote tag manifest for @types/pako@ts3.6 fetched in 157ms
111 http fetch GET 304 https://registry.npmjs.org/@types%2fpath-browserify 120ms (from cache)
112 silly registry:manifest no matching version for @types/path-browserify@ts3.6 in the cache. Forcing revalidation.
113 http fetch GET 304 https://registry.npmjs.org/@types%2fpath-is-inside 105ms (from cache)
114 silly pacote tag manifest for @types/path-is-inside@ts3.6 fetched in 115ms
115 http fetch GET 304 https://registry.npmjs.org/@types%2fpify 83ms (from cache)
116 silly pacote tag manifest for @types/pify@ts3.6 fetched in 84ms
117 http fetch GET 304 https://registry.npmjs.org/@types%2fpostcss-gap-properties 60ms (from cache)
118 silly pacote tag manifest for @types/postcss-gap-properties@ts3.6 fetched in 63ms
119 http fetch GET 304 https://registry.npmjs.org/@types%2fpicomatch 122ms (from cache)
120 http fetch GET 304 https://registry.npmjs.org/@types%2fpbkdf2 134ms (from cache)
121 silly pacote tag manifest for @types/picomatch@ts3.6 fetched in 124ms
122 silly pacote tag manifest for @types/pbkdf2@ts3.6 fetched in 137ms
123 http fetch GET 304 https://registry.npmjs.org/@types%2fpostcss-flexbugs-fixes 108ms (from cache)
124 silly pacote tag manifest for @types/postcss-flexbugs-fixes@ts3.6 fetched in 109ms
125 http fetch GET 304 https://registry.npmjs.org/@types%2fpostcss-modules-extract-imports 109ms (from cache)
126 silly pacote tag manifest for @types/postcss-modules-extract-imports@ts3.6 fetched in 114ms
127 http fetch GET 200 https://registry.npmjs.org/@types%2fpath-browserify 108ms
128 silly fetchPackageMetaData error for @types/path-browserify@ts3.6 No matching version found for @types/path-browserify@ts3.6.
129 http fetch GET 304 https://registry.npmjs.org/@types%2fpostcss-modules-local-by-default 138ms (from cache)
130 silly pacote tag manifest for @types/postcss-modules-local-by-default@ts3.6 fetched in 139ms
131 http fetch GET 304 https://registry.npmjs.org/@types%2fpostcss-modules-values 107ms (from cache)
132 silly pacote tag manifest for @types/postcss-modules-values@ts3.6 fetched in 107ms
133 http fetch GET 304 https://registry.npmjs.org/@types%2fpostcss-modules-scope 120ms (from cache)
134 silly pacote tag manifest for @types/postcss-modules-scope@ts3.6 fetched in 121ms
135 http fetch GET 304 https://registry.npmjs.org/@types%2fprogress 64ms (from cache)
136 silly pacote tag manifest for @types/progress@ts3.6 fetched in 68ms
137 http fetch GET 304 https://registry.npmjs.org/@types%2fpostcss-safe-parser 112ms (from cache)
138 silly pacote tag manifest for @types/postcss-safe-parser@ts3.6 fetched in 113ms
139 http fetch GET 304 https://registry.npmjs.org/@types%2fprelude-ls 122ms (from cache)
140 silly pacote tag manifest for @types/prelude-ls@ts3.6 fetched in 122ms
141 http fetch GET 304 https://registry.npmjs.org/@types%2fproxy-addr 51ms (from cache)
142 silly pacote tag manifest for @types/proxy-addr@ts3.6 fetched in 52ms
143 http fetch GET 304 https://registry.npmjs.org/@types%2fprettier-linter-helpers 117ms (from cache)
144 silly pacote tag manifest for @types/prettier-linter-helpers@ts3.6 fetched in 118ms
145 http fetch GET 304 https://registry.npmjs.org/@types%2fpsl 66ms (from cache)
146 http fetch GET 304 https://registry.npmjs.org/@types%2fpromise-inflight 113ms (from cache)
147 http fetch GET 304 https://registry.npmjs.org/@types%2fpostcss-normalize 187ms (from cache)
148 silly pacote tag manifest for @types/psl@ts3.6 fetched in 69ms
149 silly pacote tag manifest for @types/promise-inflight@ts3.6 fetched in 115ms
150 silly pacote tag manifest for @types/postcss-normalize@ts3.6 fetched in 191ms
151 http fetch GET 304 https://registry.npmjs.org/@types%2fprompts 129ms (from cache)
152 silly pacote tag manifest for @types/prompts@ts3.6 fetched in 131ms
153 http fetch GET 304 https://registry.npmjs.org/@types%2fpunycode 71ms (from cache)
154 silly pacote tag manifest for @types/punycode@ts3.6 fetched in 76ms
155 http fetch GET 304 https://registry.npmjs.org/@types%2fq 69ms (from cache)
156 silly pacote tag manifest for @types/q@ts3.6 fetched in 76ms
157 http fetch GET 304 https://registry.npmjs.org/@types%2fprop-types 147ms (from cache)
158 http fetch GET 304 https://registry.npmjs.org/@types%2fpump 121ms (from cache)
159 silly pacote tag manifest for @types/prop-types@ts3.6 fetched in 149ms
160 silly pacote tag manifest for @types/pump@ts3.6 fetched in 123ms
161 http fetch GET 304 https://registry.npmjs.org/@types%2fqs 67ms (from cache)
162 http fetch GET 304 https://registry.npmjs.org/@types%2fraf 73ms (from cache)
163 silly pacote tag manifest for @types/qs@ts3.6 fetched in 77ms
164 silly pacote tag manifest for @types/raf@ts3.6 fetched in 75ms
165 http fetch GET 304 https://registry.npmjs.org/@types%2fpumpify 138ms (from cache)
166 silly pacote tag manifest for @types/pumpify@ts3.6 fetched in 139ms
167 http fetch GET 304 https://registry.npmjs.org/@types%2frange-parser 53ms (from cache)
168 silly pacote tag manifest for @types/range-parser@ts3.6 fetched in 56ms
169 http fetch GET 304 https://registry.npmjs.org/@types%2fquerystringify 104ms (from cache)
170 silly pacote tag manifest for @types/querystringify@ts3.6 fetched in 106ms
171 http fetch GET 304 https://registry.npmjs.org/@types%2freact-is 47ms (from cache)
172 silly pacote tag manifest for @types/react-is@ts3.6 fetched in 51ms
173 http fetch GET 304 https://registry.npmjs.org/@types%2frandombytes 100ms (from cache)
174 silly pacote tag manifest for @types/randombytes@ts3.6 fetched in 101ms
175 http fetch GET 304 https://registry.npmjs.org/@types%2freadable-stream 56ms (from cache)
176 silly pacote tag manifest for @types/readable-stream@ts3.6 fetched in 57ms
177 http fetch GET 304 https://registry.npmjs.org/@types%2freact-dev-utils 91ms (from cache)
178 silly pacote tag manifest for @types/react-dev-utils@ts3.6 fetched in 92ms
179 http fetch GET 200 https://registry.npmjs.org/@types%2freact-refresh 113ms
180 silly fetchPackageMetaData error for @types/react-refresh@ts3.6 No matching version found for @types/react-refresh@ts3.6.
181 http fetch GET 304 https://registry.npmjs.org/@types%2frelateurl 67ms (from cache)
182 silly pacote tag manifest for @types/relateurl@ts3.6 fetched in 73ms
183 http fetch GET 304 https://registry.npmjs.org/@types%2fregenerator-runtime 96ms (from cache)
184 http fetch GET 304 https://registry.npmjs.org/@types%2frecursive-readdir 117ms (from cache)
185 silly pacote tag manifest for @types/regenerator-runtime@ts3.6 fetched in 97ms
186 silly pacote tag manifest for @types/recursive-readdir@ts3.6 fetched in 118ms
187 http fetch GET 200 https://registry.npmjs.org/@types%2fregenerate 124ms
188 silly fetchPackageMetaData error for @types/regenerate@ts3.6 No matching version found for @types/regenerate@ts3.6.
189 http fetch GET 200 https://registry.npmjs.org/@types%2fregex-not 111ms
190 silly fetchPackageMetaData error for @types/regex-not@ts3.6 No matching version found for @types/regex-not@ts3.6.
191 http fetch GET 304 https://registry.npmjs.org/@types%2frepeat-element 101ms (from cache)
192 silly pacote tag manifest for @types/repeat-element@ts3.6 fetched in 102ms
193 http fetch GET 304 https://registry.npmjs.org/@types%2frequire-directory 129ms (from cache)
194 silly pacote tag manifest for @types/require-directory@ts3.6 fetched in 134ms
195 http fetch GET 304 https://registry.npmjs.org/@types%2fretry 89ms (from cache)
196 http fetch GET 304 https://registry.npmjs.org/@types%2fresolve 90ms (from cache)
197 http fetch GET 304 https://registry.npmjs.org/@types%2frequire-from-string 110ms (from cache)
198 silly pacote tag manifest for @types/retry@ts3.6 fetched in 91ms
199 silly pacote tag manifest for @types/resolve@ts3.6 fetched in 92ms
200 silly pacote tag manifest for @types/require-from-string@ts3.6 fetched in 112ms
201 http fetch GET 304 https://registry.npmjs.org/@types%2frepeat-string 172ms (from cache)
202 http fetch GET 304 https://registry.npmjs.org/@types%2frequires-port 120ms (from cache)
203 silly pacote tag manifest for @types/repeat-string@ts3.6 fetched in 173ms
204 silly pacote tag manifest for @types/requires-port@ts3.6 fetched in 121ms
205 http fetch GET 304 https://registry.npmjs.org/@types%2fripemd160 130ms (from cache)
206 silly pacote tag manifest for @types/ripemd160@ts3.6 fetched in 131ms
207 http fetch GET 304 https://registry.npmjs.org/@types%2frun-parallel 122ms (from cache)
208 silly pacote tag manifest for @types/run-parallel@ts3.6 fetched in 126ms
209 http fetch GET 304 https://registry.npmjs.org/@types%2frsvp 145ms (from cache)
210 silly pacote tag manifest for @types/rsvp@ts3.6 fetched in 146ms
211 http fetch GET 304 https://registry.npmjs.org/@types%2fsafe-regex 104ms (from cache)
212 silly pacote tag manifest for @types/safe-regex@ts3.6 fetched in 105ms
213 http fetch GET 304 https://registry.npmjs.org/@types%2fsane 130ms (from cache)
214 http fetch GET 304 https://registry.npmjs.org/@types%2fsafe-regex-test 132ms (from cache)
215 silly registry:manifest no matching version for @types/safe-regex-test@ts3.6 in the cache. Forcing revalidation.
216 http fetch GET 304 https://registry.npmjs.org/@types%2fsafer-buffer 132ms (from cache)
217 silly pacote tag manifest for @types/sane@ts3.6 fetched in 132ms
218 silly pacote tag manifest for @types/safer-buffer@ts3.6 fetched in 134ms
219 http fetch GET 304 https://registry.npmjs.org/@types%2fsax 122ms (from cache)
220 http fetch GET 304 https://registry.npmjs.org/@types%2fsass-loader 126ms (from cache)
221 silly pacote tag manifest for @types/sax@ts3.6 fetched in 126ms
222 silly pacote tag manifest for @types/sass-loader@ts3.6 fetched in 129ms
223 http fetch GET 304 https://registry.npmjs.org/@types%2fsemver 82ms (from cache)
224 silly pacote tag manifest for @types/semver@ts3.6 fetched in 84ms
225 http fetch GET 200 https://registry.npmjs.org/@types%2fselfsigned 141ms
226 silly fetchPackageMetaData error for @types/selfsigned@ts3.6 No matching version found for @types/selfsigned@ts3.6.
227 http fetch GET 304 https://registry.npmjs.org/@types%2fserve-index 70ms (from cache)
228 silly pacote tag manifest for @types/serve-index@ts3.6 fetched in 72ms
229 http fetch GET 304 https://registry.npmjs.org/@types%2fserve-static 74ms (from cache)
230 silly pacote tag manifest for @types/serve-static@ts3.6 fetched in 75ms
231 http fetch GET 304 https://registry.npmjs.org/@types%2fsemver-compare 145ms (from cache)
232 http fetch GET 304 https://registry.npmjs.org/@types%2fscheduler 185ms (from cache)
233 silly pacote tag manifest for @types/semver-compare@ts3.6 fetched in 147ms
234 silly pacote tag manifest for @types/scheduler@ts3.6 fetched in 188ms
235 http fetch GET 304 https://registry.npmjs.org/@types%2fsend 119ms (from cache)
236 silly pacote tag manifest for @types/send@ts3.6 fetched in 126ms
237 http fetch GET 200 https://registry.npmjs.org/@types%2fset-blocking 107ms
238 silly fetchPackageMetaData error for @types/set-blocking@ts3.6 No matching version found for @types/set-blocking@ts3.6.
239 http fetch GET 304 https://registry.npmjs.org/@types%2fserialize-javascript 136ms (from cache)
240 http fetch GET 304 https://registry.npmjs.org/@types%2fset-value 60ms (from cache)
241 silly pacote tag manifest for @types/serialize-javascript@ts3.6 fetched in 140ms
242 silly pacote tag manifest for @types/set-value@ts3.6 fetched in 64ms
243 http fetch GET 304 https://registry.npmjs.org/@types%2fsetimmediate 101ms (from cache)
244 silly pacote tag manifest for @types/setimmediate@ts3.6 fetched in 102ms
245 http fetch GET 304 https://registry.npmjs.org/@types%2fsha.js 118ms (from cache)
246 http fetch GET 304 https://registry.npmjs.org/@types%2fsockjs 66ms (from cache)
247 silly pacote tag manifest for @types/sha.js@ts3.6 fetched in 120ms
248 http fetch GET 304 https://registry.npmjs.org/@types%2fslice-ansi 68ms (from cache)
249 silly pacote tag manifest for @types/sockjs@ts3.6 fetched in 68ms
250 silly pacote tag manifest for @types/slice-ansi@ts3.6 fetched in 69ms
251 http fetch GET 304 https://registry.npmjs.org/@types%2fshell-quote 112ms (from cache)
252 silly pacote tag manifest for @types/shell-quote@ts3.6 fetched in 112ms
253 http fetch GET 304 https://registry.npmjs.org/@types%2fsimple-swizzle 110ms (from cache)
254 silly registry:manifest no matching version for @types/simple-swizzle@ts3.6 in the cache. Forcing revalidation.
255 http fetch GET 304 https://registry.npmjs.org/@types%2fsignal-exit 121ms (from cache)
256 silly pacote tag manifest for @types/signal-exit@ts3.6 fetched in 126ms
257 http fetch GET 304 https://registry.npmjs.org/@types%2fsource-list-map 61ms (from cache)
258 silly pacote tag manifest for @types/source-list-map@ts3.6 fetched in 61ms
259 http fetch GET 304 https://registry.npmjs.org/@types%2fshebang-command 168ms (from cache)
260 silly pacote tag manifest for @types/shebang-command@ts3.6 fetched in 169ms
261 http fetch GET 304 https://registry.npmjs.org/@types%2fsockjs-client 102ms (from cache)
262 silly pacote tag manifest for @types/sockjs-client@ts3.6 fetched in 103ms
263 http fetch GET 304 https://registry.npmjs.org/@types%2fspdx-expression-parse 119ms (from cache)
264 http fetch GET 304 https://registry.npmjs.org/@types%2fspdx-correct 133ms (from cache)
265 silly pacote tag manifest for @types/spdx-expression-parse@ts3.6 fetched in 121ms
266 silly pacote tag manifest for @types/spdx-correct@ts3.6 fetched in 137ms
267 http fetch GET 304 https://registry.npmjs.org/@types%2fsource-map-support 164ms (from cache)
268 silly pacote tag manifest for @types/source-map-support@ts3.6 fetched in 169ms
269 http fetch GET 304 https://registry.npmjs.org/@types%2fsprintf 116ms (from cache)
270 silly pacote tag manifest for @types/sprintf@ts3.6 fetched in 119ms
271 http fetch GET 200 https://registry.npmjs.org/@types%2fsimple-swizzle 149ms
272 silly fetchPackageMetaData error for @types/simple-swizzle@ts3.6 No matching version found for @types/simple-swizzle@ts3.6.
273 http fetch GET 304 https://registry.npmjs.org/@types%2fsprintf-js 119ms (from cache)
274 silly pacote tag manifest for @types/sprintf-js@ts3.6 fetched in 121ms
275 http fetch GET 304 https://registry.npmjs.org/@types%2fspdy 150ms (from cache)
276 silly pacote tag manifest for @types/spdy@ts3.6 fetched in 153ms
277 http fetch GET 304 https://registry.npmjs.org/@types%2fssri 121ms (from cache)
278 silly pacote tag manifest for @types/ssri@ts3.6 fetched in 121ms
279 http fetch GET 304 https://registry.npmjs.org/@types%2fstack-utils 101ms (from cache)
280 silly pacote tag manifest for @types/stack-utils@ts3.6 fetched in 102ms
281 http fetch GET 304 https://registry.npmjs.org/@types%2fstatuses 114ms (from cache)
282 silly pacote tag manifest for @types/statuses@ts3.6 fetched in 115ms
283 http fetch GET 304 https://registry.npmjs.org/@types%2fstream-each 127ms (from cache)
284 silly pacote tag manifest for @types/stream-each@ts3.6 fetched in 128ms
285 http fetch GET 304 https://registry.npmjs.org/@types%2fstream-shift 123ms (from cache)
286 http fetch GET 304 https://registry.npmjs.org/@types%2fstring-natural-compare 116ms (from cache)
287 silly pacote tag manifest for @types/stream-shift@ts3.6 fetched in 128ms
288 silly pacote tag manifest for @types/string-natural-compare@ts3.6 fetched in 121ms
289 http fetch GET 304 https://registry.npmjs.org/@types%2fstringify-object 121ms (from cache)
290 silly pacote tag manifest for @types/stringify-object@ts3.6 fetched in 121ms
291 http fetch GET 304 https://registry.npmjs.org/@types%2fstring.prototype.matchall 130ms (from cache)
292 silly pacote tag manifest for @types/string.prototype.matchall@ts3.6 fetched in 131ms
293 http fetch GET 304 https://registry.npmjs.org/@types%2fstrip-comments 99ms (from cache)
294 silly pacote tag manifest for @types/strip-comments@ts3.6 fetched in 99ms
295 http fetch GET 304 https://registry.npmjs.org/@types%2ftapable 66ms (from cache)
296 silly pacote tag manifest for @types/tapable@ts3.6 fetched in 67ms
297 http fetch GET 304 https://registry.npmjs.org/@types%2fstrip-final-newline 137ms (from cache)
298 http fetch GET 304 https://registry.npmjs.org/@types%2ftar 68ms (from cache)
299 silly pacote tag manifest for @types/strip-final-newline@ts3.6 fetched in 142ms
300 silly pacote tag manifest for @types/tar@ts3.6 fetched in 69ms
301 http fetch GET 304 https://registry.npmjs.org/@types%2fsvg-parser 98ms (from cache)
302 silly pacote tag manifest for @types/svg-parser@ts3.6 fetched in 99ms
303 http fetch GET 304 https://registry.npmjs.org/@types%2fsupports-color 130ms (from cache)
304 silly pacote tag manifest for @types/supports-color@ts3.6 fetched in 130ms
305 http fetch GET 304 https://registry.npmjs.org/@types%2fsymbol-tree 136ms (from cache)
306 http fetch GET 304 https://registry.npmjs.org/@types%2ftext-table 108ms (from cache)
307 silly pacote tag manifest for @types/symbol-tree@ts3.6 fetched in 137ms
308 silly pacote tag manifest for @types/text-table@ts3.6 fetched in 109ms
309 http fetch GET 304 https://registry.npmjs.org/@types%2fthrough 102ms (from cache)
310 silly pacote tag manifest for @types/through@ts3.6 fetched in 103ms
311 http fetch GET 304 https://registry.npmjs.org/@types%2fthrough2 112ms (from cache)
312 silly pacote tag manifest for @types/through2@ts3.6 fetched in 114ms
313 http fetch GET 304 https://registry.npmjs.org/@types%2ftimsort 105ms (from cache)
314 silly pacote tag manifest for @types/timsort@ts3.6 fetched in 108ms
315 http fetch GET 304 https://registry.npmjs.org/@types%2fthunky 125ms (from cache)
316 silly pacote tag manifest for @types/thunky@ts3.6 fetched in 126ms
317 http fetch GET 200 https://registry.npmjs.org/@types%2ftmpl 108ms
318 silly fetchPackageMetaData error for @types/tmpl@ts3.6 No matching version found for @types/tmpl@ts3.6.
319 http fetch GET 200 https://registry.npmjs.org/@types%2fto-regex 143ms
320 silly fetchPackageMetaData error for @types/to-regex@ts3.6 No matching version found for @types/to-regex@ts3.6.
321 http fetch GET 304 https://registry.npmjs.org/@types%2ftough-cookie 92ms (from cache)
322 silly pacote tag manifest for @types/tough-cookie@ts3.6 fetched in 95ms
323 http fetch GET 200 https://registry.npmjs.org/@types%2ftoidentifier 120ms
324 silly fetchPackageMetaData error for @types/toidentifier@ts3.6 No matching version found for @types/toidentifier@ts3.6.
325 http fetch GET 200 https://registry.npmjs.org/@types%2ftr46 107ms
326 silly fetchPackageMetaData error for @types/tr46@ts3.6 No matching version found for @types/tr46@ts3.6.
327 http fetch GET 304 https://registry.npmjs.org/@types%2fto-regex-range 191ms (from cache)
328 silly registry:manifest no matching version for @types/to-regex-range@ts3.6 in the cache. Forcing revalidation.
329 http fetch GET 304 https://registry.npmjs.org/@types%2ftype-check 120ms (from cache)
330 silly pacote tag manifest for @types/type-check@ts3.6 fetched in 121ms
331 http fetch GET 304 https://registry.npmjs.org/@types%2ftype-detect 111ms (from cache)
332 silly pacote tag manifest for @types/type-detect@ts3.6 fetched in 113ms
333 http fetch GET 304 https://registry.npmjs.org/@types%2ftype-is 118ms (from cache)
334 silly pacote tag manifest for @types/type-is@ts3.6 fetched in 119ms
335 http fetch GET 200 https://registry.npmjs.org/@types%2ftypedarray-to-buffer 120ms
336 silly fetchPackageMetaData error for @types/typedarray-to-buffer@ts3.6 No matching version found for @types/typedarray-to-buffer@ts3.6.
337 http fetch GET 200 https://registry.npmjs.org/@types%2fto-regex-range 105ms
338 silly fetchPackageMetaData error for @types/to-regex-range@ts3.6 No matching version found for @types/to-regex-range@ts3.6.
339 http fetch GET 304 https://registry.npmjs.org/@types%2funbox-primitive 128ms (from cache)
340 silly registry:manifest no matching version for @types/unbox-primitive@ts3.6 in the cache. Forcing revalidation.
341 http fetch GET 304 https://registry.npmjs.org/@types%2funiq 122ms (from cache)
342 silly pacote tag manifest for @types/uniq@ts3.6 fetched in 124ms
343 http fetch GET 304 https://registry.npmjs.org/@types%2furix 134ms (from cache)
344 silly pacote tag manifest for @types/urix@ts3.6 fetched in 139ms
345 http fetch GET 304 https://registry.npmjs.org/@types%2futil-deprecate 126ms (from cache)
346 http fetch GET 200 https://registry.npmjs.org/@types%2funbox-primitive 121ms
347 silly pacote tag manifest for @types/util-deprecate@ts3.6 fetched in 127ms
348 silly fetchPackageMetaData error for @types/unbox-primitive@ts3.6 No matching version found for @types/unbox-primitive@ts3.6.
349 http fetch GET 304 https://registry.npmjs.org/@types%2furl-parse 141ms (from cache)
350 silly pacote tag manifest for @types/url-parse@ts3.6 fetched in 149ms
351 http fetch GET 304 https://registry.npmjs.org/@types%2funiversalify 198ms (from cache)
352 http fetch GET 304 https://registry.npmjs.org/@types%2futil.promisify 120ms (from cache)
353 silly pacote tag manifest for @types/universalify@ts3.6 fetched in 200ms
354 silly pacote tag manifest for @types/util.promisify@ts3.6 fetched in 122ms
355 http fetch GET 304 https://registry.npmjs.org/@types%2futils-merge 100ms (from cache)
356 silly pacote tag manifest for @types/utils-merge@ts3.6 fetched in 102ms
357 http fetch GET 304 https://registry.npmjs.org/@types%2fvalidate-npm-package-license 113ms (from cache)
358 http fetch GET 304 https://registry.npmjs.org/@types%2fwatchpack 82ms (from cache)
359 silly pacote tag manifest for @types/validate-npm-package-license@ts3.6 fetched in 114ms
360 silly pacote tag manifest for @types/watchpack@ts3.6 fetched in 84ms
361 http fetch GET 304 https://registry.npmjs.org/@types%2fw3c-hr-time 120ms (from cache)
362 silly pacote tag manifest for @types/w3c-hr-time@ts3.6 fetched in 120ms
363 http fetch GET 304 https://registry.npmjs.org/@types%2fvary 154ms (from cache)
364 silly pacote tag manifest for @types/vary@ts3.6 fetched in 157ms
365 http fetch GET 304 https://registry.npmjs.org/@types%2fwebidl-conversions 64ms (from cache)
366 silly pacote tag manifest for @types/webidl-conversions@ts3.6 fetched in 68ms
367 http fetch GET 304 https://registry.npmjs.org/@types%2fw3c-xmlserializer 139ms (from cache)
368 silly pacote tag manifest for @types/w3c-xmlserializer@ts3.6 fetched in 140ms
369 http fetch GET 304 https://registry.npmjs.org/@types%2fwebpack-sources 60ms (from cache)
370 http fetch GET 304 https://registry.npmjs.org/@types%2fwebpack 77ms (from cache)
371 silly pacote tag manifest for @types/webpack-sources@ts3.6 fetched in 63ms
372 silly pacote tag manifest for @types/webpack@ts3.6 fetched in 79ms
373 http fetch GET 304 https://registry.npmjs.org/@types%2fwhatwg-url 66ms (from cache)
374 silly pacote tag manifest for @types/whatwg-url@ts3.6 fetched in 67ms
375 http fetch GET 304 https://registry.npmjs.org/@types%2fwhatwg-encoding 111ms (from cache)
376 silly pacote tag manifest for @types/whatwg-encoding@ts3.6 fetched in 113ms
377 http fetch GET 304 https://registry.npmjs.org/@types%2fwhatwg-mimetype 128ms (from cache)
378 silly pacote tag manifest for @types/whatwg-mimetype@ts3.6 fetched in 129ms
379 http fetch GET 304 https://registry.npmjs.org/@types%2fwhich 110ms (from cache)
380 silly pacote tag manifest for @types/which@ts3.6 fetched in 110ms
381 http fetch GET 304 https://registry.npmjs.org/@types%2fworkbox-sw 125ms (from cache)
382 silly pacote tag manifest for @types/workbox-sw@ts3.6 fetched in 135ms
383 http fetch GET 200 https://registry.npmjs.org/@types%2fwhich-boxed-primitive 230ms
384 silly fetchPackageMetaData error for @types/which-boxed-primitive@ts3.6 No matching version found for @types/which-boxed-primitive@ts3.6.
385 http fetch GET 304 https://registry.npmjs.org/@types%2fwrap-ansi 139ms (from cache)
386 http fetch GET 304 https://registry.npmjs.org/@types%2fwhich-pm-runs 195ms (from cache)
387 silly pacote tag manifest for @types/wrap-ansi@ts3.6 fetched in 141ms
388 silly pacote tag manifest for @types/which-pm-runs@ts3.6 fetched in 197ms
389 http fetch GET 304 https://registry.npmjs.org/@types%2fon-headers 2370ms (from cache)
390 http fetch GET 304 https://registry.npmjs.org/@types%2fwrite-file-atomic 134ms (from cache)
391 silly pacote tag manifest for @types/on-headers@ts3.6 fetched in 2377ms
392 silly pacote tag manifest for @types/write-file-atomic@ts3.6 fetched in 140ms
393 http fetch GET 304 https://registry.npmjs.org/@types%2fws 61ms (from cache)
394 silly pacote tag manifest for @types/ws@ts3.6 fetched in 63ms
395 http fetch GET 304 https://registry.npmjs.org/@types%2fyargs-parser 80ms (from cache)
396 silly pacote tag manifest for @types/yargs-parser@ts3.6 fetched in 82ms
397 http fetch GET 304 https://registry.npmjs.org/@types%2fyargs 106ms (from cache)
398 silly pacote tag manifest for @types/yargs@ts3.6 fetched in 109ms
399 http fetch GET 304 https://registry.npmjs.org/@types%2fxtend 123ms (from cache)
400 silly pacote tag manifest for @types/xtend@ts3.6 fetched in 124ms
401 http fetch GET 200 https://registry.npmjs.org/@types%2fxml-name-validator 135ms
402 silly fetchPackageMetaData error for @types/xml-name-validator@ts3.6 No matching version found for @types/xml-name-validator@ts3.6.
403 http fetch GET 304 https://registry.npmjs.org/@types%2fyallist 159ms (from cache)
404 silly pacote tag manifest for @types/yallist@ts3.6 fetched in 161ms
405 http fetch GET 304 https://registry.npmjs.org/@types%2ftryer 1244ms (from cache)
406 silly pacote tag manifest for @types/tryer@ts3.6 fetched in 1246ms
407 http fetch GET 200 https://registry.npmjs.org/@types%2fsafe-regex-test 2277ms
408 silly fetchPackageMetaData error for @types/safe-regex-test@ts3.6 No matching version found for @types/safe-regex-test@ts3.6.
409 http fetch GET 304 https://registry.npmjs.org/@types%2fwebpack-manifest-plugin 1226ms (from cache)
410 silly pacote tag manifest for @types/webpack-manifest-plugin@ts3.6 fetched in 1228ms
411 http fetch GET 304 https://registry.npmjs.org/@types%2fstrict-uri-encode 2272ms (from cache)
412 silly pacote tag manifest for @types/strict-uri-encode@ts3.6 fetched in 2272ms
413 timing stage:rollbackFailedOptional Completed in 1ms
414 timing stage:runTopLevelLifecycles Completed in 4173ms
415 verbose type tag
416 verbose stack @types/neo-async: No matching version found for @types/neo-async@ts3.6.
416 verbose stack     at pickManifest (/usr/local/lib/node_modules/npm/node_modules/npm-pick-manifest/index.js:122:13)
416 verbose stack     at /usr/local/lib/node_modules/npm/node_modules/pacote/lib/fetchers/registry/manifest.js:24:14
416 verbose stack     at tryCatcher (/usr/local/lib/node_modules/npm/node_modules/bluebird/js/release/util.js:16:23)
416 verbose stack     at Promise._settlePromiseFromHandler (/usr/local/lib/node_modules/npm/node_modules/bluebird/js/release/promise.js:517:31)
416 verbose stack     at Promise._settlePromise (/usr/local/lib/node_modules/npm/node_modules/bluebird/js/release/promise.js:574:18)
416 verbose stack     at Promise._settlePromise0 (/usr/local/lib/node_modules/npm/node_modules/bluebird/js/release/promise.js:619:10)
416 verbose stack     at Promise._settlePromises (/usr/local/lib/node_modules/npm/node_modules/bluebird/js/release/promise.js:699:18)
416 verbose stack     at _drainQueueStep (/usr/local/lib/node_modules/npm/node_modules/bluebird/js/release/async.js:138:12)
416 verbose stack     at _drainQueue (/usr/local/lib/node_modules/npm/node_modules/bluebird/js/release/async.js:131:9)
416 verbose stack     at Async._drainQueues (/usr/local/lib/node_modules/npm/node_modules/bluebird/js/release/async.js:147:5)
416 verbose stack     at Immediate.Async.drainQueues [as _onImmediate] (/usr/local/lib/node_modules/npm/node_modules/bluebird/js/release/async.js:17:14)
416 verbose stack     at processImmediate (internal/timers.js:456:21)
417 verbose cwd /home/theia/.cache/typescript/3.6
418 verbose Linux 5.10.16.3-microsoft-standard-WSL2
419 verbose argv "/usr/local/bin/node" "/usr/local/bin/npm" "install" "--ignore-scripts" "@types/lodash.debounce@ts3.6" "@types/lodash.memoize@ts3.6" "@types/lodash.merge@ts3.6" "@types/lodash.template@ts3.6" "@types/lodash.truncate@ts3.6" "@types/lodash.uniq@ts3.6" "@types/media-typer@ts3.6" "@types/memory-fs@ts3.6" "@types/memorystream@ts3.6" "@types/merge-descriptors@ts3.6" "@types/merge-stream@ts3.6" "@types/merge2@ts3.6" "@types/methods@ts3.6" "@types/micromatch@ts3.6" "@types/mime@ts3.6" "@types/mime-db@ts3.6" "@types/mime-types@ts3.6" "@types/min-indent@ts3.6" "@types/minimalistic-assert@ts3.6" "@types/minimist@ts3.6" "@types/minizlib@ts3.6" "@types/move-concurrently@ts3.6" "@types/ms@ts3.6" "@types/multicast-dns@ts3.6" "@types/natural-compare@ts3.6" "@types/negotiator@ts3.6" "@types/neo-async@ts3.6" "@types/next-tick@ts3.6" "@types/nice-try@ts3.6" "@types/node-forge@ts3.6" "@types/node-int64@ts3.6" "@types/node-notifier@ts3.6" "@types/normalize-package-data@ts3.6" "@types/normalize-path@ts3.6" "@types/num2fraction@ts3.6" "@types/nwsapi@ts3.6" "@types/object-assign@ts3.6" "@types/object-inspect@ts3.6" "@types/object-keys@ts3.6" "@types/object.fromentries@ts3.6" "@types/object.getownpropertydescriptors@ts3.6" "@types/object.pick@ts3.6" "@types/on-finished@ts3.6" "@types/on-headers@ts3.6" "@types/once@ts3.6" "@types/optimize-css-assets-webpack-plugin@ts3.6" "@types/pako@ts3.6" "@types/parallel-transform@ts3.6" "@types/parse-json@ts3.6" "@types/parseurl@ts3.6" "@types/pascalcase@ts3.6" "@types/path-browserify@ts3.6" "@types/path-is-absolute@ts3.6" "@types/path-is-inside@ts3.6" "@types/path-parse@ts3.6" "@types/pbkdf2@ts3.6" "@types/picomatch@ts3.6" "@types/pify@ts3.6" "@types/postcss-flexbugs-fixes@ts3.6" "@types/postcss-gap-properties@ts3.6" "@types/postcss-modules-extract-imports@ts3.6" "@types/postcss-modules-local-by-default@ts3.6" "@types/postcss-modules-scope@ts3.6" "@types/postcss-modules-values@ts3.6" "@types/postcss-normalize@ts3.6" "@types/postcss-safe-parser@ts3.6" "@types/prelude-ls@ts3.6" "@types/prettier-linter-helpers@ts3.6" "@types/progress@ts3.6" "@types/promise-inflight@ts3.6" "@types/prompts@ts3.6" "@types/prop-types@ts3.6" "@types/proxy-addr@ts3.6" "@types/psl@ts3.6" "@types/pump@ts3.6" "@types/pumpify@ts3.6" "@types/punycode@ts3.6" "@types/q@ts3.6" "@types/qs@ts3.6" "@types/querystringify@ts3.6" "@types/raf@ts3.6" "@types/randombytes@ts3.6" "@types/range-parser@ts3.6" "@types/react-dev-utils@ts3.6" "@types/react-is@ts3.6" "@types/react-refresh@ts3.6" "@types/readable-stream@ts3.6" "@types/recursive-readdir@ts3.6" "@types/regenerate@ts3.6" "@types/regenerator-runtime@ts3.6" "@types/regex-not@ts3.6" "@types/relateurl@ts3.6" "@types/repeat-element@ts3.6" "@types/repeat-string@ts3.6" "@types/require-directory@ts3.6" "@types/require-from-string@ts3.6" "@types/requires-port@ts3.6" "@types/resolve@ts3.6" "@types/retry@ts3.6" "@types/ripemd160@ts3.6" "@types/rsvp@ts3.6" "@types/run-parallel@ts3.6" "@types/safe-regex@ts3.6" "@types/safe-regex-test@ts3.6" "@types/safer-buffer@ts3.6" "@types/sane@ts3.6" "@types/sass-loader@ts3.6" "@types/sax@ts3.6" "@types/scheduler@ts3.6" "@types/selfsigned@ts3.6" "@types/semver@ts3.6" "@types/semver-compare@ts3.6" "@types/send@ts3.6" "@types/serialize-javascript@ts3.6" "@types/serve-index@ts3.6" "@types/serve-static@ts3.6" "@types/set-blocking@ts3.6" "@types/set-value@ts3.6" "@types/setimmediate@ts3.6" "@types/sha.js@ts3.6" "@types/shebang-command@ts3.6" "@types/shell-quote@ts3.6" "@types/signal-exit@ts3.6" "@types/simple-swizzle@ts3.6" "@types/slice-ansi@ts3.6" "@types/sockjs@ts3.6" "@types/sockjs-client@ts3.6" "@types/source-list-map@ts3.6" "@types/source-map-support@ts3.6" "@types/spdx-correct@ts3.6" "@types/spdx-expression-parse@ts3.6" "@types/spdy@ts3.6" "@types/sprintf@ts3.6" "@types/sprintf-js@ts3.6" "@types/ssri@ts3.6" "@types/stack-utils@ts3.6" "@types/statuses@ts3.6" "@types/stream-each@ts3.6" "@types/stream-shift@ts3.6" "@types/strict-uri-encode@ts3.6" "@types/string-natural-compare@ts3.6" "@types/string.prototype.matchall@ts3.6" "@types/stringify-object@ts3.6" "@types/strip-comments@ts3.6" "@types/strip-final-newline@ts3.6" "@types/supports-color@ts3.6" "@types/svg-parser@ts3.6" "@types/symbol-tree@ts3.6" "@types/tapable@ts3.6" "@types/tar@ts3.6" "@types/text-table@ts3.6" "@types/through@ts3.6" "@types/through2@ts3.6" "@types/thunky@ts3.6" "@types/timsort@ts3.6" "@types/tmpl@ts3.6" "@types/to-regex@ts3.6" "@types/to-regex-range@ts3.6" "@types/toidentifier@ts3.6" "@types/tough-cookie@ts3.6" "@types/tr46@ts3.6" "@types/tryer@ts3.6" "@types/type-check@ts3.6" "@types/type-detect@ts3.6" "@types/type-is@ts3.6" "@types/typedarray-to-buffer@ts3.6" "@types/unbox-primitive@ts3.6" "@types/uniq@ts3.6" "@types/universalify@ts3.6" "@types/urix@ts3.6" "@types/url-parse@ts3.6" "@types/util-deprecate@ts3.6" "@types/util.promisify@ts3.6" "@types/utils-merge@ts3.6" "@types/validate-npm-package-license@ts3.6" "@types/vary@ts3.6" "@types/w3c-hr-time@ts3.6" "@types/w3c-xmlserializer@ts3.6" "@types/watchpack@ts3.6" "@types/webidl-conversions@ts3.6" "@types/webpack@ts3.6" "@types/webpack-manifest-plugin@ts3.6" "@types/webpack-sources@ts3.6" "@types/whatwg-encoding@ts3.6" "@types/whatwg-mimetype@ts3.6" "@types/whatwg-url@ts3.6" "@types/which@ts3.6" "@types/which-boxed-primitive@ts3.6" "@types/which-pm-runs@ts3.6" "@types/workbox-sw@ts3.6" "@types/wrap-ansi@ts3.6" "@types/write-file-atomic@ts3.6" "@types/ws@ts3.6" "@types/xml-name-validator@ts3.6" "@types/xtend@ts3.6" "@types/yallist@ts3.6" "@types/yargs@ts3.6" "@types/yargs-parser@ts3.6" "--save-dev" "--user-agent=typesInstaller/3.6.3"
420 verbose node v12.18.3
421 verbose npm  v6.14.6
422 error code ETARGET
423 error notarget No matching version found for @types/neo-async@ts3.6.
424 error notarget In most cases you or one of your dependencies are requesting
424 error notarget a package version that doesn't exist.
425 verbose exit [ 1, true ]
