0 info it worked if it ends with ok
1 verbose cli [
1 verbose cli   '/usr/local/bin/node',
1 verbose cli   '/usr/local/bin/npm',
1 verbose cli   'install',
1 verbose cli   '--ignore-scripts',
1 verbose cli   '@types/lodash.debounce@ts3.6',
1 verbose cli   '@types/lodash.memoize@ts3.6',
1 verbose cli   '@types/lodash.merge@ts3.6',
1 verbose cli   '@types/lodash.template@ts3.6',
1 verbose cli   '@types/lodash.truncate@ts3.6',
1 verbose cli   '@types/lodash.uniq@ts3.6',
1 verbose cli   '@types/media-typer@ts3.6',
1 verbose cli   '@types/memory-fs@ts3.6',
1 verbose cli   '@types/memorystream@ts3.6',
1 verbose cli   '@types/merge-descriptors@ts3.6',
1 verbose cli   '@types/merge-stream@ts3.6',
1 verbose cli   '@types/merge2@ts3.6',
1 verbose cli   '@types/methods@ts3.6',
1 verbose cli   '@types/micromatch@ts3.6',
1 verbose cli   '@types/mime@ts3.6',
1 verbose cli   '@types/mime-db@ts3.6',
1 verbose cli   '@types/mime-types@ts3.6',
1 verbose cli   '@types/min-indent@ts3.6',
1 verbose cli   '@types/minimalistic-assert@ts3.6',
1 verbose cli   '@types/minimist@ts3.6',
1 verbose cli   '@types/minizlib@ts3.6',
1 verbose cli   '@types/move-concurrently@ts3.6',
1 verbose cli   '@types/ms@ts3.6',
1 verbose cli   '@types/multicast-dns@ts3.6',
1 verbose cli   '@types/natural-compare@ts3.6',
1 verbose cli   '@types/negotiator@ts3.6',
1 verbose cli   '@types/neo-async@ts3.6',
1 verbose cli   '@types/next-tick@ts3.6',
1 verbose cli   '@types/nice-try@ts3.6',
1 verbose cli   '@types/node-forge@ts3.6',
1 verbose cli   '@types/node-int64@ts3.6',
1 verbose cli   '@types/node-notifier@ts3.6',
1 verbose cli   '@types/normalize-package-data@ts3.6',
1 verbose cli   '@types/normalize-path@ts3.6',
1 verbose cli   '@types/num2fraction@ts3.6',
1 verbose cli   '@types/nwsapi@ts3.6',
1 verbose cli   '@types/object-assign@ts3.6',
1 verbose cli   '@types/object-inspect@ts3.6',
1 verbose cli   '@types/object-keys@ts3.6',
1 verbose cli   '@types/object.fromentries@ts3.6',
1 verbose cli   '@types/object.getownpropertydescriptors@ts3.6',
1 verbose cli   '@types/object.pick@ts3.6',
1 verbose cli   '@types/on-finished@ts3.6',
1 verbose cli   '@types/on-headers@ts3.6',
1 verbose cli   '@types/once@ts3.6',
1 verbose cli   '@types/optimize-css-assets-webpack-plugin@ts3.6',
1 verbose cli   '@types/pako@ts3.6',
1 verbose cli   '@types/parallel-transform@ts3.6',
1 verbose cli   '@types/parse-json@ts3.6',
1 verbose cli   '@types/parseurl@ts3.6',
1 verbose cli   '@types/pascalcase@ts3.6',
1 verbose cli   '@types/path-browserify@ts3.6',
1 verbose cli   '@types/path-is-absolute@ts3.6',
1 verbose cli   '@types/path-is-inside@ts3.6',
1 verbose cli   '@types/path-parse@ts3.6',
1 verbose cli   '@types/pbkdf2@ts3.6',
1 verbose cli   '@types/picomatch@ts3.6',
1 verbose cli   '@types/pify@ts3.6',
1 verbose cli   '@types/postcss-flexbugs-fixes@ts3.6',
1 verbose cli   '@types/postcss-gap-properties@ts3.6',
1 verbose cli   '@types/postcss-modules-extract-imports@ts3.6',
1 verbose cli   '@types/postcss-modules-local-by-default@ts3.6',
1 verbose cli   '@types/postcss-modules-scope@ts3.6',
1 verbose cli   '@types/postcss-modules-values@ts3.6',
1 verbose cli   '@types/postcss-normalize@ts3.6',
1 verbose cli   '@types/postcss-safe-parser@ts3.6',
1 verbose cli   '@types/prelude-ls@ts3.6',
1 verbose cli   '@types/prettier-linter-helpers@ts3.6',
1 verbose cli   '@types/progress@ts3.6',
1 verbose cli   '@types/promise-inflight@ts3.6',
1 verbose cli   '@types/prompts@ts3.6',
1 verbose cli   '@types/prop-types@ts3.6',
1 verbose cli   '@types/proxy-addr@ts3.6',
1 verbose cli   '@types/psl@ts3.6',
1 verbose cli   '@types/pump@ts3.6',
1 verbose cli   '@types/pumpify@ts3.6',
1 verbose cli   '@types/punycode@ts3.6',
1 verbose cli   '@types/q@ts3.6',
1 verbose cli   '@types/qs@ts3.6',
1 verbose cli   '@types/querystringify@ts3.6',
1 verbose cli   '@types/raf@ts3.6',
1 verbose cli   '@types/randombytes@ts3.6',
1 verbose cli   '@types/range-parser@ts3.6',
1 verbose cli   '@types/react-dev-utils@ts3.6',
1 verbose cli   '@types/react-is@ts3.6',
1 verbose cli   '@types/react-refresh@ts3.6',
1 verbose cli   '@types/readable-stream@ts3.6',
1 verbose cli   '@types/recursive-readdir@ts3.6',
1 verbose cli   '@types/regenerate@ts3.6',
1 verbose cli   '@types/regenerator-runtime@ts3.6',
1 verbose cli   '@types/regex-not@ts3.6',
1 verbose cli   '@types/relateurl@ts3.6',
1 verbose cli   '@types/repeat-element@ts3.6',
1 verbose cli   '@types/repeat-string@ts3.6',
1 verbose cli   '@types/require-directory@ts3.6',
1 verbose cli   '@types/require-from-string@ts3.6',
1 verbose cli   ... 104 more items
1 verbose cli ]
2 info using npm@6.14.6
3 info using node@v12.18.3
4 verbose npm-session 9df6bb9106297ef5
5 silly install loadCurrentTree
6 silly install readLocalPackageData
7 http fetch GET 200 https://registry.npmjs.org/@types%2flodash.template 50ms (from cache)
8 http fetch GET 200 https://registry.npmjs.org/@types%2fmedia-typer 49ms (from cache)
9 http fetch GET 200 https://registry.npmjs.org/@types%2flodash.truncate 51ms (from cache)
10 http fetch GET 200 https://registry.npmjs.org/@types%2flodash.uniq 52ms (from cache)
11 http fetch GET 200 https://registry.npmjs.org/@types%2fmemory-fs 51ms (from cache)
12 http fetch GET 200 https://registry.npmjs.org/@types%2fmemorystream 51ms (from cache)
13 http fetch GET 200 https://registry.npmjs.org/@types%2fmerge-descriptors 49ms (from cache)
14 http fetch GET 200 https://registry.npmjs.org/@types%2flodash.merge 55ms (from cache)
15 http fetch GET 200 https://registry.npmjs.org/@types%2flodash.memoize 57ms (from cache)
16 http fetch GET 200 https://registry.npmjs.org/@types%2flodash.debounce 58ms (from cache)
17 silly pacote tag manifest for @types/lodash.template@ts3.6 fetched in 57ms
18 silly pacote tag manifest for @types/media-typer@ts3.6 fetched in 55ms
19 silly pacote tag manifest for @types/lodash.truncate@ts3.6 fetched in 57ms
20 silly pacote tag manifest for @types/lodash.uniq@ts3.6 fetched in 57ms
21 silly pacote tag manifest for @types/memory-fs@ts3.6 fetched in 57ms
22 silly pacote tag manifest for @types/memorystream@ts3.6 fetched in 57ms
23 silly pacote tag manifest for @types/merge-descriptors@ts3.6 fetched in 56ms
24 silly pacote tag manifest for @types/lodash.merge@ts3.6 fetched in 62ms
25 silly pacote tag manifest for @types/lodash.memoize@ts3.6 fetched in 63ms
26 silly pacote tag manifest for @types/lodash.debounce@ts3.6 fetched in 68ms
27 http fetch GET 200 https://registry.npmjs.org/@types%2fmerge-stream 37ms (from cache)
28 http fetch GET 200 https://registry.npmjs.org/@types%2fmerge2 37ms (from cache)
29 http fetch GET 200 https://registry.npmjs.org/@types%2fmethods 37ms (from cache)
30 http fetch GET 200 https://registry.npmjs.org/@types%2fmime 36ms (from cache)
31 http fetch GET 200 https://registry.npmjs.org/@types%2fmicromatch 37ms (from cache)
32 http fetch GET 200 https://registry.npmjs.org/@types%2fmime-db 36ms (from cache)
33 http fetch GET 200 https://registry.npmjs.org/@types%2fmime-types 36ms (from cache)
34 http fetch GET 200 https://registry.npmjs.org/@types%2fmin-indent 36ms (from cache)
35 http fetch GET 200 https://registry.npmjs.org/@types%2fminimalistic-assert 35ms (from cache)
36 http fetch GET 200 https://registry.npmjs.org/@types%2fminimist 36ms (from cache)
37 silly pacote tag manifest for @types/merge-stream@ts3.6 fetched in 41ms
38 silly pacote tag manifest for @types/merge2@ts3.6 fetched in 41ms
39 silly pacote tag manifest for @types/methods@ts3.6 fetched in 43ms
40 silly pacote tag manifest for @types/mime@ts3.6 fetched in 41ms
41 silly pacote tag manifest for @types/micromatch@ts3.6 fetched in 42ms
42 silly pacote tag manifest for @types/mime-types@ts3.6 fetched in 41ms
43 silly pacote tag manifest for @types/mime-db@ts3.6 fetched in 42ms
44 silly pacote tag manifest for @types/min-indent@ts3.6 fetched in 45ms
45 silly pacote tag manifest for @types/minimalistic-assert@ts3.6 fetched in 44ms
46 silly pacote tag manifest for @types/minimist@ts3.6 fetched in 44ms
47 http fetch GET 200 https://registry.npmjs.org/@types%2fminizlib 47ms (from cache)
48 http fetch GET 200 https://registry.npmjs.org/@types%2fmove-concurrently 47ms (from cache)
49 http fetch GET 200 https://registry.npmjs.org/@types%2fmulticast-dns 46ms (from cache)
50 http fetch GET 200 https://registry.npmjs.org/@types%2fnatural-compare 46ms (from cache)
51 http fetch GET 200 https://registry.npmjs.org/@types%2fnegotiator 46ms (from cache)
52 http fetch GET 200 https://registry.npmjs.org/@types%2fnext-tick 40ms (from cache)
53 http fetch GET 200 https://registry.npmjs.org/@types%2fnice-try 40ms (from cache)
54 http fetch GET 200 https://registry.npmjs.org/@types%2fnode-forge 40ms (from cache)
55 silly pacote tag manifest for @types/minizlib@ts3.6 fetched in 52ms
56 silly pacote tag manifest for @types/move-concurrently@ts3.6 fetched in 51ms
57 http fetch GET 200 https://registry.npmjs.org/@types%2fneo-async 49ms (from cache)
58 silly registry:manifest no matching version for @types/neo-async@ts3.6 in the cache. Forcing revalidation.
59 silly pacote tag manifest for @types/multicast-dns@ts3.6 fetched in 52ms
60 silly pacote tag manifest for @types/natural-compare@ts3.6 fetched in 52ms
61 silly pacote tag manifest for @types/negotiator@ts3.6 fetched in 52ms
62 silly pacote tag manifest for @types/next-tick@ts3.6 fetched in 46ms
63 silly pacote tag manifest for @types/nice-try@ts3.6 fetched in 46ms
64 silly pacote tag manifest for @types/node-forge@ts3.6 fetched in 46ms
65 http fetch GET 200 https://registry.npmjs.org/@types%2fnode-int64 40ms (from cache)
66 http fetch GET 200 https://registry.npmjs.org/@types%2fnode-notifier 40ms (from cache)
67 http fetch GET 200 https://registry.npmjs.org/@types%2fnum2fraction 39ms (from cache)
68 http fetch GET 200 https://registry.npmjs.org/@types%2fnormalize-path 39ms (from cache)
69 silly pacote tag manifest for @types/node-int64@ts3.6 fetched in 44ms
70 silly pacote tag manifest for @types/node-notifier@ts3.6 fetched in 44ms
71 http fetch GET 200 https://registry.npmjs.org/@types%2fobject-assign 34ms (from cache)
72 http fetch GET 200 https://registry.npmjs.org/@types%2fobject-inspect 35ms (from cache)
73 http fetch GET 200 https://registry.npmjs.org/@types%2fnwsapi 36ms (from cache)
74 silly pacote tag manifest for @types/num2fraction@ts3.6 fetched in 43ms
75 silly pacote tag manifest for @types/normalize-path@ts3.6 fetched in 43ms
76 silly pacote tag manifest for @types/object-assign@ts3.6 fetched in 42ms
77 silly pacote tag manifest for @types/nwsapi@ts3.6 fetched in 44ms
78 silly pacote tag manifest for @types/object-inspect@ts3.6 fetched in 43ms
79 http fetch GET 200 https://registry.npmjs.org/@types%2fobject-keys 15ms (from cache)
80 http fetch GET 200 https://registry.npmjs.org/@types%2fobject.fromentries 19ms (from cache)
81 http fetch GET 200 https://registry.npmjs.org/@types%2fobject.pick 21ms (from cache)
82 http fetch GET 200 https://registry.npmjs.org/@types%2fobject.getownpropertydescriptors 22ms (from cache)
83 silly pacote tag manifest for @types/object-keys@ts3.6 fetched in 26ms
84 silly pacote tag manifest for @types/object.fromentries@ts3.6 fetched in 25ms
85 http fetch GET 200 https://registry.npmjs.org/@types%2fon-finished 18ms (from cache)
86 http fetch GET 200 https://registry.npmjs.org/@types%2fon-headers 17ms (from cache)
87 http fetch GET 200 https://registry.npmjs.org/@types%2fonce 18ms (from cache)
88 silly pacote tag manifest for @types/object.pick@ts3.6 fetched in 24ms
89 silly pacote tag manifest for @types/object.getownpropertydescriptors@ts3.6 fetched in 25ms
90 silly pacote tag manifest for @types/on-finished@ts3.6 fetched in 23ms
91 silly pacote tag manifest for @types/on-headers@ts3.6 fetched in 23ms
92 silly pacote tag manifest for @types/once@ts3.6 fetched in 26ms
93 http fetch GET 200 https://registry.npmjs.org/@types%2foptimize-css-assets-webpack-plugin 17ms (from cache)
94 http fetch GET 200 https://registry.npmjs.org/@types%2fpako 21ms (from cache)
95 http fetch GET 200 https://registry.npmjs.org/@types%2fparse-json 20ms (from cache)
96 http fetch GET 200 https://registry.npmjs.org/@types%2fparallel-transform 25ms (from cache)
97 silly pacote tag manifest for @types/optimize-css-assets-webpack-plugin@ts3.6 fetched in 29ms
98 http fetch GET 200 https://registry.npmjs.org/@types%2fparseurl 25ms (from cache)
99 http fetch GET 200 https://registry.npmjs.org/@types%2fpascalcase 23ms (from cache)
100 silly pacote tag manifest for @types/pako@ts3.6 fetched in 30ms
101 silly pacote tag manifest for @types/parse-json@ts3.6 fetched in 29ms
102 silly pacote tag manifest for @types/parallel-transform@ts3.6 fetched in 31ms
103 silly pacote tag manifest for @types/parseurl@ts3.6 fetched in 34ms
104 silly pacote tag manifest for @types/pascalcase@ts3.6 fetched in 37ms
105 http fetch GET 200 https://registry.npmjs.org/@types%2fpath-is-absolute 19ms (from cache)
106 http fetch GET 200 https://registry.npmjs.org/@types%2fpath-is-inside 19ms (from cache)
107 http fetch GET 200 https://registry.npmjs.org/@types%2fpath-parse 18ms (from cache)
108 http fetch GET 200 https://registry.npmjs.org/@types%2fpbkdf2 20ms (from cache)
109 silly pacote tag manifest for @types/path-is-absolute@ts3.6 fetched in 26ms
110 http fetch GET 200 https://registry.npmjs.org/@types%2fpicomatch 11ms (from cache)
111 silly pacote tag manifest for @types/path-is-inside@ts3.6 fetched in 24ms
112 silly pacote tag manifest for @types/path-parse@ts3.6 fetched in 23ms
113 http fetch GET 200 https://registry.npmjs.org/@types%2fpify 11ms (from cache)
114 silly pacote tag manifest for @types/pbkdf2@ts3.6 fetched in 23ms
115 silly pacote tag manifest for @types/picomatch@ts3.6 fetched in 18ms
116 silly pacote tag manifest for @types/pify@ts3.6 fetched in 20ms
117 http fetch GET 200 https://registry.npmjs.org/@types%2fpostcss-flexbugs-fixes 15ms (from cache)
118 http fetch GET 200 https://registry.npmjs.org/@types%2fpostcss-gap-properties 15ms (from cache)
119 http fetch GET 200 https://registry.npmjs.org/@types%2fpostcss-modules-extract-imports 15ms (from cache)
120 http fetch GET 200 https://registry.npmjs.org/@types%2fpostcss-modules-local-by-default 17ms (from cache)
121 silly pacote tag manifest for @types/postcss-flexbugs-fixes@ts3.6 fetched in 26ms
122 http fetch GET 200 https://registry.npmjs.org/@types%2fpostcss-modules-scope 18ms (from cache)
123 silly pacote tag manifest for @types/postcss-gap-properties@ts3.6 fetched in 26ms
124 silly pacote tag manifest for @types/postcss-modules-extract-imports@ts3.6 fetched in 26ms
125 http fetch GET 200 https://registry.npmjs.org/@types%2fpostcss-modules-values 21ms (from cache)
126 silly pacote tag manifest for @types/postcss-modules-local-by-default@ts3.6 fetched in 29ms
127 silly pacote tag manifest for @types/postcss-modules-scope@ts3.6 fetched in 33ms
128 silly pacote tag manifest for @types/postcss-modules-values@ts3.6 fetched in 36ms
129 http fetch GET 200 https://registry.npmjs.org/@types%2fpostcss-normalize 26ms (from cache)
130 http fetch GET 200 https://registry.npmjs.org/@types%2fpostcss-safe-parser 25ms (from cache)
131 http fetch GET 200 https://registry.npmjs.org/@types%2fprelude-ls 26ms (from cache)
132 http fetch GET 200 https://registry.npmjs.org/@types%2fprettier-linter-helpers 23ms (from cache)
133 silly pacote tag manifest for @types/postcss-normalize@ts3.6 fetched in 31ms
134 silly pacote tag manifest for @types/postcss-safe-parser@ts3.6 fetched in 31ms
135 http fetch GET 200 https://registry.npmjs.org/@types%2fprogress 18ms (from cache)
136 silly pacote tag manifest for @types/prelude-ls@ts3.6 fetched in 33ms
137 http fetch GET 200 https://registry.npmjs.org/@types%2fpromise-inflight 14ms (from cache)
138 silly pacote tag manifest for @types/prettier-linter-helpers@ts3.6 fetched in 28ms
139 silly pacote tag manifest for @types/progress@ts3.6 fetched in 26ms
140 silly pacote tag manifest for @types/promise-inflight@ts3.6 fetched in 27ms
141 http fetch GET 200 https://registry.npmjs.org/@types%2fprompts 17ms (from cache)
142 http fetch GET 200 https://registry.npmjs.org/@types%2fprop-types 20ms (from cache)
143 http fetch GET 200 https://registry.npmjs.org/@types%2fproxy-addr 19ms (from cache)
144 silly pacote tag manifest for @types/prompts@ts3.6 fetched in 24ms
145 http fetch GET 304 https://registry.npmjs.org/@types%2fnormalize-package-data 205ms (from cache)
146 http fetch GET 200 https://registry.npmjs.org/@types%2fpsl 21ms (from cache)
147 http fetch GET 304 https://registry.npmjs.org/@types%2fms 259ms (from cache)
148 http fetch GET 200 https://registry.npmjs.org/@types%2fpump 16ms (from cache)
149 silly pacote tag manifest for @types/prop-types@ts3.6 fetched in 27ms
150 silly pacote tag manifest for @types/proxy-addr@ts3.6 fetched in 25ms
151 silly pacote tag manifest for @types/psl@ts3.6 fetched in 25ms
152 silly pacote tag manifest for @types/normalize-package-data@ts3.6 fetched in 209ms
153 silly pacote tag manifest for @types/ms@ts3.6 fetched in 265ms
154 http fetch GET 200 https://registry.npmjs.org/@types%2fpumpify 16ms (from cache)
155 silly pacote tag manifest for @types/pump@ts3.6 fetched in 22ms
156 silly pacote tag manifest for @types/pumpify@ts3.6 fetched in 30ms
157 http fetch GET 200 https://registry.npmjs.org/@types%2fpunycode 22ms (from cache)
158 http fetch GET 200 https://registry.npmjs.org/@types%2fqs 28ms (from cache)
159 http fetch GET 200 https://registry.npmjs.org/@types%2fraf 25ms (from cache)
160 http fetch GET 200 https://registry.npmjs.org/@types%2fquerystringify 26ms (from cache)
161 silly pacote tag manifest for @types/punycode@ts3.6 fetched in 33ms
162 http fetch GET 200 https://registry.npmjs.org/@types%2frange-parser 30ms (from cache)
163 http fetch GET 200 https://registry.npmjs.org/@types%2frandombytes 30ms (from cache)
164 silly pacote tag manifest for @types/qs@ts3.6 fetched in 37ms
165 silly pacote tag manifest for @types/raf@ts3.6 fetched in 34ms
166 silly pacote tag manifest for @types/querystringify@ts3.6 fetched in 35ms
167 http fetch GET 200 https://registry.npmjs.org/@types%2freact-dev-utils 17ms (from cache)
168 silly pacote tag manifest for @types/range-parser@ts3.6 fetched in 39ms
169 silly pacote tag manifest for @types/randombytes@ts3.6 fetched in 39ms
170 http fetch GET 200 https://registry.npmjs.org/@types%2freact-is 20ms (from cache)
171 silly pacote tag manifest for @types/react-dev-utils@ts3.6 fetched in 32ms
172 http fetch GET 200 https://registry.npmjs.org/@types%2freadable-stream 27ms (from cache)
173 silly pacote tag manifest for @types/react-is@ts3.6 fetched in 32ms
174 http fetch GET 200 https://registry.npmjs.org/@types%2freact-refresh 32ms (from cache)
175 http fetch GET 200 https://registry.npmjs.org/@types%2frecursive-readdir 30ms (from cache)
176 silly registry:manifest no matching version for @types/react-refresh@ts3.6 in the cache. Forcing revalidation.
177 http fetch GET 200 https://registry.npmjs.org/@types%2fregenerator-runtime 28ms (from cache)
178 http fetch GET 200 https://registry.npmjs.org/@types%2fneo-async 283ms
179 silly fetchPackageMetaData error for @types/neo-async@ts3.6 No matching version found for @types/neo-async@ts3.6.
180 http fetch GET 200 https://registry.npmjs.org/@types%2fregenerate 36ms (from cache)
181 silly registry:manifest no matching version for @types/regenerate@ts3.6 in the cache. Forcing revalidation.
182 silly pacote tag manifest for @types/readable-stream@ts3.6 fetched in 43ms
183 silly pacote tag manifest for @types/recursive-readdir@ts3.6 fetched in 43ms
184 silly pacote tag manifest for @types/regenerator-runtime@ts3.6 fetched in 40ms
185 http fetch GET 200 https://registry.npmjs.org/@types%2fregex-not 31ms (from cache)
186 silly registry:manifest no matching version for @types/regex-not@ts3.6 in the cache. Forcing revalidation.
187 http fetch GET 200 https://registry.npmjs.org/@types%2frelateurl 30ms (from cache)
188 http fetch GET 200 https://registry.npmjs.org/@types%2frepeat-element 26ms (from cache)
189 silly pacote tag manifest for @types/relateurl@ts3.6 fetched in 42ms
190 http fetch GET 200 https://registry.npmjs.org/@types%2frepeat-string 29ms (from cache)
191 http fetch GET 200 https://registry.npmjs.org/@types%2frequire-directory 27ms (from cache)
192 http fetch GET 200 https://registry.npmjs.org/@types%2frequire-from-string 28ms (from cache)
193 silly pacote tag manifest for @types/repeat-element@ts3.6 fetched in 33ms
194 silly pacote tag manifest for @types/repeat-string@ts3.6 fetched in 31ms
195 silly pacote tag manifest for @types/require-directory@ts3.6 fetched in 32ms
196 silly pacote tag manifest for @types/require-from-string@ts3.6 fetched in 33ms
197 http fetch GET 304 https://registry.npmjs.org/@types%2fq 123ms (from cache)
198 http fetch GET 200 https://registry.npmjs.org/@types%2frequires-port 12ms (from cache)
199 silly pacote tag manifest for @types/requires-port@ts3.6 fetched in 19ms
200 silly pacote tag manifest for @types/q@ts3.6 fetched in 132ms
201 http fetch GET 200 https://registry.npmjs.org/@types%2fretry 16ms (from cache)
202 http fetch GET 200 https://registry.npmjs.org/@types%2fripemd160 15ms (from cache)
203 http fetch GET 200 https://registry.npmjs.org/@types%2frsvp 15ms (from cache)
204 silly pacote tag manifest for @types/retry@ts3.6 fetched in 22ms
205 silly pacote tag manifest for @types/ripemd160@ts3.6 fetched in 21ms
206 silly pacote tag manifest for @types/rsvp@ts3.6 fetched in 21ms
207 http fetch GET 200 https://registry.npmjs.org/@types%2fsafe-regex 9ms (from cache)
208 http fetch GET 200 https://registry.npmjs.org/@types%2frun-parallel 9ms (from cache)
209 silly pacote tag manifest for @types/safe-regex@ts3.6 fetched in 19ms
210 silly pacote tag manifest for @types/run-parallel@ts3.6 fetched in 20ms
211 http fetch GET 200 https://registry.npmjs.org/@types%2fsane 13ms (from cache)
212 silly pacote tag manifest for @types/sane@ts3.6 fetched in 21ms
213 http fetch GET 200 https://registry.npmjs.org/@types%2fsass-loader 11ms (from cache)
214 silly pacote tag manifest for @types/sass-loader@ts3.6 fetched in 15ms
215 http fetch GET 200 https://registry.npmjs.org/@types%2fselfsigned 6ms (from cache)
216 silly registry:manifest no matching version for @types/selfsigned@ts3.6 in the cache. Forcing revalidation.
217 http fetch GET 200 https://registry.npmjs.org/@types%2fregex-not 121ms
218 silly fetchPackageMetaData error for @types/regex-not@ts3.6 No matching version found for @types/regex-not@ts3.6.
219 http fetch GET 200 https://registry.npmjs.org/@types%2freact-refresh 145ms
220 silly fetchPackageMetaData error for @types/react-refresh@ts3.6 No matching version found for @types/react-refresh@ts3.6.
221 http fetch GET 200 https://registry.npmjs.org/@types%2fsemver 8ms (from cache)
222 http fetch GET 200 https://registry.npmjs.org/@types%2fsemver-compare 6ms (from cache)
223 silly pacote tag manifest for @types/semver@ts3.6 fetched in 9ms
224 silly pacote tag manifest for @types/semver-compare@ts3.6 fetched in 9ms
225 http fetch GET 200 https://registry.npmjs.org/@types%2fsend 13ms (from cache)
226 http fetch GET 200 https://registry.npmjs.org/@types%2fserialize-javascript 12ms (from cache)
227 silly pacote tag manifest for @types/send@ts3.6 fetched in 15ms
228 silly pacote tag manifest for @types/serialize-javascript@ts3.6 fetched in 14ms
229 http fetch GET 200 https://registry.npmjs.org/@types%2fregenerate 167ms
230 http fetch GET 200 https://registry.npmjs.org/@types%2fserve-static 7ms (from cache)
231 silly fetchPackageMetaData error for @types/regenerate@ts3.6 No matching version found for @types/regenerate@ts3.6.
232 silly pacote tag manifest for @types/serve-static@ts3.6 fetched in 9ms
233 http fetch GET 304 https://registry.npmjs.org/@types%2fresolve 141ms (from cache)
234 http fetch GET 200 https://registry.npmjs.org/@types%2fset-blocking 8ms (from cache)
235 silly registry:manifest no matching version for @types/set-blocking@ts3.6 in the cache. Forcing revalidation.
236 http fetch GET 200 https://registry.npmjs.org/@types%2fset-value 8ms (from cache)
237 silly pacote tag manifest for @types/resolve@ts3.6 fetched in 143ms
238 silly pacote tag manifest for @types/set-value@ts3.6 fetched in 12ms
239 http fetch GET 200 https://registry.npmjs.org/@types%2fsetimmediate 10ms (from cache)
240 http fetch GET 200 https://registry.npmjs.org/@types%2fsha.js 7ms (from cache)
241 silly pacote tag manifest for @types/setimmediate@ts3.6 fetched in 12ms
242 silly pacote tag manifest for @types/sha.js@ts3.6 fetched in 8ms
243 http fetch GET 200 https://registry.npmjs.org/@types%2fshebang-command 7ms (from cache)
244 http fetch GET 200 https://registry.npmjs.org/@types%2fshell-quote 6ms (from cache)
245 silly pacote tag manifest for @types/shebang-command@ts3.6 fetched in 8ms
246 silly pacote tag manifest for @types/shell-quote@ts3.6 fetched in 8ms
247 http fetch GET 200 https://registry.npmjs.org/@types%2fsignal-exit 8ms (from cache)
248 silly pacote tag manifest for @types/signal-exit@ts3.6 fetched in 11ms
249 http fetch GET 200 https://registry.npmjs.org/@types%2fslice-ansi 4ms (from cache)
250 silly pacote tag manifest for @types/slice-ansi@ts3.6 fetched in 5ms
251 http fetch GET 304 https://registry.npmjs.org/@types%2fscheduler 135ms (from cache)
252 silly pacote tag manifest for @types/scheduler@ts3.6 fetched in 135ms
253 http fetch GET 200 https://registry.npmjs.org/@types%2fsockjs-client 3ms (from cache)
254 silly pacote tag manifest for @types/sockjs-client@ts3.6 fetched in 3ms
255 http fetch GET 200 https://registry.npmjs.org/@types%2fsource-list-map 2ms (from cache)
256 silly pacote tag manifest for @types/source-list-map@ts3.6 fetched in 4ms
257 http fetch GET 200 https://registry.npmjs.org/@types%2fsource-map-support 3ms (from cache)
258 silly pacote tag manifest for @types/source-map-support@ts3.6 fetched in 4ms
259 http fetch GET 200 https://registry.npmjs.org/@types%2fspdx-correct 6ms (from cache)
260 silly pacote tag manifest for @types/spdx-correct@ts3.6 fetched in 7ms
261 http fetch GET 200 https://registry.npmjs.org/@types%2fspdx-expression-parse 3ms (from cache)
262 silly pacote tag manifest for @types/spdx-expression-parse@ts3.6 fetched in 4ms
263 http fetch GET 200 https://registry.npmjs.org/@types%2fspdy 3ms (from cache)
264 silly pacote tag manifest for @types/spdy@ts3.6 fetched in 5ms
265 http fetch GET 200 https://registry.npmjs.org/@types%2fsprintf 3ms (from cache)
266 silly pacote tag manifest for @types/sprintf@ts3.6 fetched in 4ms
267 http fetch GET 200 https://registry.npmjs.org/@types%2fsprintf-js 3ms (from cache)
268 silly pacote tag manifest for @types/sprintf-js@ts3.6 fetched in 4ms
269 http fetch GET 200 https://registry.npmjs.org/@types%2fssri 4ms (from cache)
270 silly pacote tag manifest for @types/ssri@ts3.6 fetched in 4ms
271 http fetch GET 200 https://registry.npmjs.org/@types%2fsimple-swizzle 84ms
272 silly fetchPackageMetaData error for @types/simple-swizzle@ts3.6 No matching version found for @types/simple-swizzle@ts3.6.
273 http fetch GET 304 https://registry.npmjs.org/@types%2fsockjs 76ms (from cache)
274 http fetch GET 304 https://registry.npmjs.org/@types%2fserve-index 130ms (from cache)
275 http fetch GET 304 https://registry.npmjs.org/@types%2fsafer-buffer 232ms (from cache)
276 http fetch GET 200 https://registry.npmjs.org/@types%2fstatuses 8ms (from cache)
277 silly pacote tag manifest for @types/sockjs@ts3.6 fetched in 79ms
278 silly pacote tag manifest for @types/serve-index@ts3.6 fetched in 133ms
279 silly pacote tag manifest for @types/safer-buffer@ts3.6 fetched in 235ms
280 silly pacote tag manifest for @types/statuses@ts3.6 fetched in 12ms
281 http fetch GET 200 https://registry.npmjs.org/@types%2fstream-each 14ms (from cache)
282 http fetch GET 200 https://registry.npmjs.org/@types%2fstream-shift 15ms (from cache)
283 http fetch GET 200 https://registry.npmjs.org/@types%2fstring-natural-compare 14ms (from cache)
284 http fetch GET 200 https://registry.npmjs.org/@types%2fstrict-uri-encode 15ms (from cache)
285 silly pacote tag manifest for @types/stream-each@ts3.6 fetched in 18ms
286 http fetch GET 200 https://registry.npmjs.org/@types%2fset-blocking 135ms
287 silly fetchPackageMetaData error for @types/set-blocking@ts3.6 No matching version found for @types/set-blocking@ts3.6.
288 silly pacote tag manifest for @types/stream-shift@ts3.6 fetched in 19ms
289 silly pacote tag manifest for @types/string-natural-compare@ts3.6 fetched in 18ms
290 silly pacote tag manifest for @types/strict-uri-encode@ts3.6 fetched in 18ms
291 http fetch GET 200 https://registry.npmjs.org/@types%2fstring.prototype.matchall 15ms (from cache)
292 http fetch GET 200 https://registry.npmjs.org/@types%2fstringify-object 16ms (from cache)
293 http fetch GET 200 https://registry.npmjs.org/@types%2fstrip-comments 16ms (from cache)
294 http fetch GET 200 https://registry.npmjs.org/@types%2fstrip-final-newline 14ms (from cache)
295 silly pacote tag manifest for @types/string.prototype.matchall@ts3.6 fetched in 19ms
296 http fetch GET 200 https://registry.npmjs.org/@types%2fsupports-color 15ms (from cache)
297 silly pacote tag manifest for @types/stringify-object@ts3.6 fetched in 18ms
298 silly pacote tag manifest for @types/strip-comments@ts3.6 fetched in 19ms
299 http fetch GET 304 https://registry.npmjs.org/@types%2fstack-utils 74ms (from cache)
300 silly pacote tag manifest for @types/strip-final-newline@ts3.6 fetched in 19ms
301 silly pacote tag manifest for @types/supports-color@ts3.6 fetched in 22ms
302 silly pacote tag manifest for @types/stack-utils@ts3.6 fetched in 82ms
303 http fetch GET 200 https://registry.npmjs.org/@types%2fsvg-parser 11ms (from cache)
304 http fetch GET 200 https://registry.npmjs.org/@types%2fsymbol-tree 15ms (from cache)
305 http fetch GET 200 https://registry.npmjs.org/@types%2ftapable 15ms (from cache)
306 silly pacote tag manifest for @types/svg-parser@ts3.6 fetched in 21ms
307 http fetch GET 200 https://registry.npmjs.org/@types%2ftar 16ms (from cache)
308 http fetch GET 200 https://registry.npmjs.org/@types%2ftext-table 16ms (from cache)
309 silly pacote tag manifest for @types/symbol-tree@ts3.6 fetched in 22ms
310 http fetch GET 200 https://registry.npmjs.org/@types%2fthrough 14ms (from cache)
311 silly pacote tag manifest for @types/tapable@ts3.6 fetched in 21ms
312 silly pacote tag manifest for @types/tar@ts3.6 fetched in 28ms
313 silly pacote tag manifest for @types/text-table@ts3.6 fetched in 28ms
314 silly pacote tag manifest for @types/through@ts3.6 fetched in 28ms
315 http fetch GET 200 https://registry.npmjs.org/@types%2fthrough2 20ms (from cache)
316 http fetch GET 200 https://registry.npmjs.org/@types%2fthunky 23ms (from cache)
317 http fetch GET 200 https://registry.npmjs.org/@types%2ftimsort 23ms (from cache)
318 silly pacote tag manifest for @types/through2@ts3.6 fetched in 30ms
319 http fetch GET 200 https://registry.npmjs.org/@types%2ftmpl 19ms (from cache)
320 silly registry:manifest no matching version for @types/tmpl@ts3.6 in the cache. Forcing revalidation.
321 silly pacote tag manifest for @types/thunky@ts3.6 fetched in 30ms
322 http fetch GET 200 https://registry.npmjs.org/@types%2fto-regex 18ms (from cache)
323 silly pacote tag manifest for @types/timsort@ts3.6 fetched in 30ms
324 silly registry:manifest no matching version for @types/to-regex@ts3.6 in the cache. Forcing revalidation.
325 http fetch GET 200 https://registry.npmjs.org/@types%2ftoidentifier 21ms (from cache)
326 silly registry:manifest no matching version for @types/toidentifier@ts3.6 in the cache. Forcing revalidation.
327 http fetch GET 200 https://registry.npmjs.org/@types%2ftough-cookie 20ms (from cache)
328 http fetch GET 200 https://registry.npmjs.org/@types%2ftr46 20ms (from cache)
329 silly registry:manifest no matching version for @types/tr46@ts3.6 in the cache. Forcing revalidation.
330 silly pacote tag manifest for @types/tough-cookie@ts3.6 fetched in 22ms
331 http fetch GET 200 https://registry.npmjs.org/@types%2ftryer 11ms (from cache)
332 silly pacote tag manifest for @types/tryer@ts3.6 fetched in 11ms
333 http fetch GET 200 https://registry.npmjs.org/@types%2ftype-check 3ms (from cache)
334 silly pacote tag manifest for @types/type-check@ts3.6 fetched in 3ms
335 http fetch GET 200 https://registry.npmjs.org/@types%2ftype-detect 3ms (from cache)
336 silly pacote tag manifest for @types/type-detect@ts3.6 fetched in 4ms
337 http fetch GET 200 https://registry.npmjs.org/@types%2ftype-is 3ms (from cache)
338 silly pacote tag manifest for @types/type-is@ts3.6 fetched in 4ms
339 http fetch GET 200 https://registry.npmjs.org/@types%2ftypedarray-to-buffer 6ms (from cache)
340 silly registry:manifest no matching version for @types/typedarray-to-buffer@ts3.6 in the cache. Forcing revalidation.
341 http fetch GET 200 https://registry.npmjs.org/@types%2fto-regex-range 135ms
342 silly fetchPackageMetaData error for @types/to-regex-range@ts3.6 No matching version found for @types/to-regex-range@ts3.6.
343 http fetch GET 200 https://registry.npmjs.org/@types%2ftoidentifier 103ms
344 silly fetchPackageMetaData error for @types/toidentifier@ts3.6 No matching version found for @types/toidentifier@ts3.6.
345 http fetch GET 200 https://registry.npmjs.org/@types%2funiq 14ms (from cache)
346 silly pacote tag manifest for @types/uniq@ts3.6 fetched in 19ms
347 http fetch GET 200 https://registry.npmjs.org/@types%2funiversalify 7ms (from cache)
348 http fetch GET 200 https://registry.npmjs.org/@types%2fto-regex 151ms
349 silly pacote tag manifest for @types/universalify@ts3.6 fetched in 8ms
350 silly fetchPackageMetaData error for @types/to-regex@ts3.6 No matching version found for @types/to-regex@ts3.6.
351 http fetch GET 200 https://registry.npmjs.org/@types%2ftr46 131ms
352 silly fetchPackageMetaData error for @types/tr46@ts3.6 No matching version found for @types/tr46@ts3.6.
353 http fetch GET 200 https://registry.npmjs.org/@types%2furix 9ms (from cache)
354 http fetch GET 200 https://registry.npmjs.org/@types%2furl-parse 8ms (from cache)
355 http fetch GET 200 https://registry.npmjs.org/@types%2futil-deprecate 8ms (from cache)
356 silly pacote tag manifest for @types/urix@ts3.6 fetched in 11ms
357 silly pacote tag manifest for @types/url-parse@ts3.6 fetched in 10ms
358 silly pacote tag manifest for @types/util-deprecate@ts3.6 fetched in 11ms
359 http fetch GET 200 https://registry.npmjs.org/@types%2futil.promisify 11ms (from cache)
360 http fetch GET 200 https://registry.npmjs.org/@types%2futils-merge 10ms (from cache)
361 silly pacote tag manifest for @types/util.promisify@ts3.6 fetched in 12ms
362 http fetch GET 200 https://registry.npmjs.org/@types%2fvalidate-npm-package-license 10ms (from cache)
363 silly pacote tag manifest for @types/utils-merge@ts3.6 fetched in 12ms
364 silly pacote tag manifest for @types/validate-npm-package-license@ts3.6 fetched in 14ms
365 http fetch GET 200 https://registry.npmjs.org/@types%2fvary 8ms (from cache)
366 http fetch GET 200 https://registry.npmjs.org/@types%2fw3c-hr-time 8ms (from cache)
367 silly pacote tag manifest for @types/vary@ts3.6 fetched in 10ms
368 http fetch GET 200 https://registry.npmjs.org/@types%2fw3c-xmlserializer 6ms (from cache)
369 silly pacote tag manifest for @types/w3c-hr-time@ts3.6 fetched in 10ms
370 silly pacote tag manifest for @types/w3c-xmlserializer@ts3.6 fetched in 8ms
371 http fetch GET 200 https://registry.npmjs.org/@types%2fwatchpack 9ms (from cache)
372 http fetch GET 200 https://registry.npmjs.org/@types%2fwebidl-conversions 9ms (from cache)
373 http fetch GET 200 https://registry.npmjs.org/@types%2fwebpack 9ms (from cache)
374 silly pacote tag manifest for @types/watchpack@ts3.6 fetched in 12ms
375 silly pacote tag manifest for @types/webidl-conversions@ts3.6 fetched in 12ms
376 silly pacote tag manifest for @types/webpack@ts3.6 fetched in 11ms
377 http fetch GET 200 https://registry.npmjs.org/@types%2fwebpack-manifest-plugin 10ms (from cache)
378 http fetch GET 200 https://registry.npmjs.org/@types%2fwebpack-sources 9ms (from cache)
379 http fetch GET 200 https://registry.npmjs.org/@types%2fwhatwg-encoding 10ms (from cache)
380 silly pacote tag manifest for @types/webpack-manifest-plugin@ts3.6 fetched in 11ms
381 silly pacote tag manifest for @types/webpack-sources@ts3.6 fetched in 11ms
382 silly pacote tag manifest for @types/whatwg-encoding@ts3.6 fetched in 17ms
383 http fetch GET 200 https://registry.npmjs.org/@types%2fwhatwg-mimetype 15ms (from cache)
384 http fetch GET 200 https://registry.npmjs.org/@types%2fwhatwg-url 16ms (from cache)
385 silly pacote tag manifest for @types/whatwg-mimetype@ts3.6 fetched in 18ms
386 http fetch GET 200 https://registry.npmjs.org/@types%2fwhich 13ms (from cache)
387 silly pacote tag manifest for @types/whatwg-url@ts3.6 fetched in 19ms
388 silly pacote tag manifest for @types/which@ts3.6 fetched in 16ms
389 http fetch GET 200 https://registry.npmjs.org/@types%2fwhich-boxed-primitive 21ms (from cache)
390 silly registry:manifest no matching version for @types/which-boxed-primitive@ts3.6 in the cache. Forcing revalidation.
391 http fetch GET 200 https://registry.npmjs.org/@types%2fwhich-pm-runs 20ms (from cache)
392 http fetch GET 200 https://registry.npmjs.org/@types%2fworkbox-sw 20ms (from cache)
393 silly pacote tag manifest for @types/which-pm-runs@ts3.6 fetched in 24ms
394 silly pacote tag manifest for @types/workbox-sw@ts3.6 fetched in 32ms
395 http fetch GET 200 https://registry.npmjs.org/@types%2fwrap-ansi 26ms (from cache)
396 http fetch GET 200 https://registry.npmjs.org/@types%2fwrite-file-atomic 19ms (from cache)
397 silly pacote tag manifest for @types/wrap-ansi@ts3.6 fetched in 31ms
398 silly pacote tag manifest for @types/write-file-atomic@ts3.6 fetched in 25ms
399 http fetch GET 200 https://registry.npmjs.org/@types%2fws 12ms (from cache)
400 silly pacote tag manifest for @types/ws@ts3.6 fetched in 15ms
401 http fetch GET 200 https://registry.npmjs.org/@types%2fxml-name-validator 10ms (from cache)
402 silly registry:manifest no matching version for @types/xml-name-validator@ts3.6 in the cache. Forcing revalidation.
403 http fetch GET 200 https://registry.npmjs.org/@types%2funbox-primitive 179ms
404 silly fetchPackageMetaData error for @types/unbox-primitive@ts3.6 No matching version found for @types/unbox-primitive@ts3.6.
405 http fetch GET 200 https://registry.npmjs.org/@types%2fxtend 10ms (from cache)
406 silly pacote tag manifest for @types/xtend@ts3.6 fetched in 14ms
407 http fetch GET 200 https://registry.npmjs.org/@types%2fyallist 10ms (from cache)
408 silly pacote tag manifest for @types/yallist@ts3.6 fetched in 13ms
409 http fetch GET 200 https://registry.npmjs.org/@types%2fyargs 8ms (from cache)
410 silly pacote tag manifest for @types/yargs@ts3.6 fetched in 10ms
411 http fetch GET 200 https://registry.npmjs.org/@types%2fyargs-parser 6ms (from cache)
412 silly pacote tag manifest for @types/yargs-parser@ts3.6 fetched in 8ms
413 http fetch GET 200 https://registry.npmjs.org/@types%2fwhich-boxed-primitive 131ms
414 silly fetchPackageMetaData error for @types/which-boxed-primitive@ts3.6 No matching version found for @types/which-boxed-primitive@ts3.6.
415 http fetch GET 200 https://registry.npmjs.org/@types%2fxml-name-validator 142ms
416 silly fetchPackageMetaData error for @types/xml-name-validator@ts3.6 No matching version found for @types/xml-name-validator@ts3.6.
417 http fetch GET 200 https://registry.npmjs.org/@types%2fpath-browserify 2326ms
418 silly fetchPackageMetaData error for @types/path-browserify@ts3.6 No matching version found for @types/path-browserify@ts3.6.
419 http fetch GET 200 https://registry.npmjs.org/@types%2fsafe-regex-test 2430ms
420 silly fetchPackageMetaData error for @types/safe-regex-test@ts3.6 No matching version found for @types/safe-regex-test@ts3.6.
421 http fetch GET 304 https://registry.npmjs.org/@types%2fsax 2420ms (from cache)
422 silly pacote tag manifest for @types/sax@ts3.6 fetched in 2426ms
423 http fetch GET 200 https://registry.npmjs.org/@types%2fselfsigned 2408ms
424 silly fetchPackageMetaData error for @types/selfsigned@ts3.6 No matching version found for @types/selfsigned@ts3.6.
425 http fetch GET 200 https://registry.npmjs.org/@types%2ftmpl 2267ms
426 silly fetchPackageMetaData error for @types/tmpl@ts3.6 No matching version found for @types/tmpl@ts3.6.
427 http fetch GET 200 https://registry.npmjs.org/@types%2ftypedarray-to-buffer 1539401ms
428 silly fetchPackageMetaData error for @types/typedarray-to-buffer@ts3.6 No matching version found for @types/typedarray-to-buffer@ts3.6.
429 timing stage:rollbackFailedOptional Completed in 1ms
430 timing stage:runTopLevelLifecycles Completed in 1540349ms
431 verbose type tag
432 verbose stack @types/neo-async: No matching version found for @types/neo-async@ts3.6.
432 verbose stack     at pickManifest (/usr/local/lib/node_modules/npm/node_modules/npm-pick-manifest/index.js:122:13)
432 verbose stack     at /usr/local/lib/node_modules/npm/node_modules/pacote/lib/fetchers/registry/manifest.js:43:18
432 verbose stack     at tryCatcher (/usr/local/lib/node_modules/npm/node_modules/bluebird/js/release/util.js:16:23)
432 verbose stack     at Promise._settlePromiseFromHandler (/usr/local/lib/node_modules/npm/node_modules/bluebird/js/release/promise.js:517:31)
432 verbose stack     at Promise._settlePromise (/usr/local/lib/node_modules/npm/node_modules/bluebird/js/release/promise.js:574:18)
432 verbose stack     at Promise._settlePromise0 (/usr/local/lib/node_modules/npm/node_modules/bluebird/js/release/promise.js:619:10)
432 verbose stack     at Promise._settlePromises (/usr/local/lib/node_modules/npm/node_modules/bluebird/js/release/promise.js:699:18)
432 verbose stack     at _drainQueueStep (/usr/local/lib/node_modules/npm/node_modules/bluebird/js/release/async.js:138:12)
432 verbose stack     at _drainQueue (/usr/local/lib/node_modules/npm/node_modules/bluebird/js/release/async.js:131:9)
432 verbose stack     at Async._drainQueues (/usr/local/lib/node_modules/npm/node_modules/bluebird/js/release/async.js:147:5)
432 verbose stack     at Immediate.Async.drainQueues [as _onImmediate] (/usr/local/lib/node_modules/npm/node_modules/bluebird/js/release/async.js:17:14)
432 verbose stack     at processImmediate (internal/timers.js:456:21)
433 verbose cwd /home/theia/.cache/typescript/3.6
434 verbose Linux 5.10.16.3-microsoft-standard-WSL2
435 verbose argv "/usr/local/bin/node" "/usr/local/bin/npm" "install" "--ignore-scripts" "@types/lodash.debounce@ts3.6" "@types/lodash.memoize@ts3.6" "@types/lodash.merge@ts3.6" "@types/lodash.template@ts3.6" "@types/lodash.truncate@ts3.6" "@types/lodash.uniq@ts3.6" "@types/media-typer@ts3.6" "@types/memory-fs@ts3.6" "@types/memorystream@ts3.6" "@types/merge-descriptors@ts3.6" "@types/merge-stream@ts3.6" "@types/merge2@ts3.6" "@types/methods@ts3.6" "@types/micromatch@ts3.6" "@types/mime@ts3.6" "@types/mime-db@ts3.6" "@types/mime-types@ts3.6" "@types/min-indent@ts3.6" "@types/minimalistic-assert@ts3.6" "@types/minimist@ts3.6" "@types/minizlib@ts3.6" "@types/move-concurrently@ts3.6" "@types/ms@ts3.6" "@types/multicast-dns@ts3.6" "@types/natural-compare@ts3.6" "@types/negotiator@ts3.6" "@types/neo-async@ts3.6" "@types/next-tick@ts3.6" "@types/nice-try@ts3.6" "@types/node-forge@ts3.6" "@types/node-int64@ts3.6" "@types/node-notifier@ts3.6" "@types/normalize-package-data@ts3.6" "@types/normalize-path@ts3.6" "@types/num2fraction@ts3.6" "@types/nwsapi@ts3.6" "@types/object-assign@ts3.6" "@types/object-inspect@ts3.6" "@types/object-keys@ts3.6" "@types/object.fromentries@ts3.6" "@types/object.getownpropertydescriptors@ts3.6" "@types/object.pick@ts3.6" "@types/on-finished@ts3.6" "@types/on-headers@ts3.6" "@types/once@ts3.6" "@types/optimize-css-assets-webpack-plugin@ts3.6" "@types/pako@ts3.6" "@types/parallel-transform@ts3.6" "@types/parse-json@ts3.6" "@types/parseurl@ts3.6" "@types/pascalcase@ts3.6" "@types/path-browserify@ts3.6" "@types/path-is-absolute@ts3.6" "@types/path-is-inside@ts3.6" "@types/path-parse@ts3.6" "@types/pbkdf2@ts3.6" "@types/picomatch@ts3.6" "@types/pify@ts3.6" "@types/postcss-flexbugs-fixes@ts3.6" "@types/postcss-gap-properties@ts3.6" "@types/postcss-modules-extract-imports@ts3.6" "@types/postcss-modules-local-by-default@ts3.6" "@types/postcss-modules-scope@ts3.6" "@types/postcss-modules-values@ts3.6" "@types/postcss-normalize@ts3.6" "@types/postcss-safe-parser@ts3.6" "@types/prelude-ls@ts3.6" "@types/prettier-linter-helpers@ts3.6" "@types/progress@ts3.6" "@types/promise-inflight@ts3.6" "@types/prompts@ts3.6" "@types/prop-types@ts3.6" "@types/proxy-addr@ts3.6" "@types/psl@ts3.6" "@types/pump@ts3.6" "@types/pumpify@ts3.6" "@types/punycode@ts3.6" "@types/q@ts3.6" "@types/qs@ts3.6" "@types/querystringify@ts3.6" "@types/raf@ts3.6" "@types/randombytes@ts3.6" "@types/range-parser@ts3.6" "@types/react-dev-utils@ts3.6" "@types/react-is@ts3.6" "@types/react-refresh@ts3.6" "@types/readable-stream@ts3.6" "@types/recursive-readdir@ts3.6" "@types/regenerate@ts3.6" "@types/regenerator-runtime@ts3.6" "@types/regex-not@ts3.6" "@types/relateurl@ts3.6" "@types/repeat-element@ts3.6" "@types/repeat-string@ts3.6" "@types/require-directory@ts3.6" "@types/require-from-string@ts3.6" "@types/requires-port@ts3.6" "@types/resolve@ts3.6" "@types/retry@ts3.6" "@types/ripemd160@ts3.6" "@types/rsvp@ts3.6" "@types/run-parallel@ts3.6" "@types/safe-regex@ts3.6" "@types/safe-regex-test@ts3.6" "@types/safer-buffer@ts3.6" "@types/sane@ts3.6" "@types/sass-loader@ts3.6" "@types/sax@ts3.6" "@types/scheduler@ts3.6" "@types/selfsigned@ts3.6" "@types/semver@ts3.6" "@types/semver-compare@ts3.6" "@types/send@ts3.6" "@types/serialize-javascript@ts3.6" "@types/serve-index@ts3.6" "@types/serve-static@ts3.6" "@types/set-blocking@ts3.6" "@types/set-value@ts3.6" "@types/setimmediate@ts3.6" "@types/sha.js@ts3.6" "@types/shebang-command@ts3.6" "@types/shell-quote@ts3.6" "@types/signal-exit@ts3.6" "@types/simple-swizzle@ts3.6" "@types/slice-ansi@ts3.6" "@types/sockjs@ts3.6" "@types/sockjs-client@ts3.6" "@types/source-list-map@ts3.6" "@types/source-map-support@ts3.6" "@types/spdx-correct@ts3.6" "@types/spdx-expression-parse@ts3.6" "@types/spdy@ts3.6" "@types/sprintf@ts3.6" "@types/sprintf-js@ts3.6" "@types/ssri@ts3.6" "@types/stack-utils@ts3.6" "@types/statuses@ts3.6" "@types/stream-each@ts3.6" "@types/stream-shift@ts3.6" "@types/strict-uri-encode@ts3.6" "@types/string-natural-compare@ts3.6" "@types/string.prototype.matchall@ts3.6" "@types/stringify-object@ts3.6" "@types/strip-comments@ts3.6" "@types/strip-final-newline@ts3.6" "@types/supports-color@ts3.6" "@types/svg-parser@ts3.6" "@types/symbol-tree@ts3.6" "@types/tapable@ts3.6" "@types/tar@ts3.6" "@types/text-table@ts3.6" "@types/through@ts3.6" "@types/through2@ts3.6" "@types/thunky@ts3.6" "@types/timsort@ts3.6" "@types/tmpl@ts3.6" "@types/to-regex@ts3.6" "@types/to-regex-range@ts3.6" "@types/toidentifier@ts3.6" "@types/tough-cookie@ts3.6" "@types/tr46@ts3.6" "@types/tryer@ts3.6" "@types/type-check@ts3.6" "@types/type-detect@ts3.6" "@types/type-is@ts3.6" "@types/typedarray-to-buffer@ts3.6" "@types/unbox-primitive@ts3.6" "@types/uniq@ts3.6" "@types/universalify@ts3.6" "@types/urix@ts3.6" "@types/url-parse@ts3.6" "@types/util-deprecate@ts3.6" "@types/util.promisify@ts3.6" "@types/utils-merge@ts3.6" "@types/validate-npm-package-license@ts3.6" "@types/vary@ts3.6" "@types/w3c-hr-time@ts3.6" "@types/w3c-xmlserializer@ts3.6" "@types/watchpack@ts3.6" "@types/webidl-conversions@ts3.6" "@types/webpack@ts3.6" "@types/webpack-manifest-plugin@ts3.6" "@types/webpack-sources@ts3.6" "@types/whatwg-encoding@ts3.6" "@types/whatwg-mimetype@ts3.6" "@types/whatwg-url@ts3.6" "@types/which@ts3.6" "@types/which-boxed-primitive@ts3.6" "@types/which-pm-runs@ts3.6" "@types/workbox-sw@ts3.6" "@types/wrap-ansi@ts3.6" "@types/write-file-atomic@ts3.6" "@types/ws@ts3.6" "@types/xml-name-validator@ts3.6" "@types/xtend@ts3.6" "@types/yallist@ts3.6" "@types/yargs@ts3.6" "@types/yargs-parser@ts3.6" "--save-dev" "--user-agent=typesInstaller/3.6.3"
436 verbose node v12.18.3
437 verbose npm  v6.14.6
438 error code ETARGET
439 error notarget No matching version found for @types/neo-async@ts3.6.
440 error notarget In most cases you or one of your dependencies are requesting
440 error notarget a package version that doesn't exist.
441 verbose exit [ 1, true ]
