0 info it worked if it ends with ok
1 verbose cli [
1 verbose cli   '/usr/local/bin/node',
1 verbose cli   '/usr/local/bin/npm',
1 verbose cli   'install',
1 verbose cli   '--ignore-scripts',
1 verbose cli   '@types/testing-library__jest-dom@ts3.6',
1 verbose cli   '@types/react@ts3.6',
1 verbose cli   '@types/react-dom@ts3.6',
1 verbose cli   '@types/eslint-config-prettier@ts3.6',
1 verbose cli   '@types/eslint-plugin-prettier@ts3.6',
1 verbose cli   '@types/lint-staged@ts3.6',
1 verbose cli   '@types/prettier@ts3.6',
1 verbose cli   '--save-dev',
1 verbose cli   '--user-agent=typesInstaller/3.6.3'
1 verbose cli ]
2 info using npm@6.14.6
3 info using node@v12.18.3
4 verbose npm-session d3fdf4f1eafc754a
5 silly install loadCurrentTree
6 silly install readLocalPackageData
7 http fetch GET 200 https://registry.npmjs.org/@types%2flint-staged 367ms
8 silly fetchPackageMetaData error for @types/lint-staged@ts3.6 No matching version found for @types/lint-staged@ts3.6.
9 http fetch GET 304 https://registry.npmjs.org/@types%2ftesting-library__jest-dom 375ms (from cache)
10 http fetch GET 304 https://registry.npmjs.org/@types%2fprettier 374ms (from cache)
11 http fetch GET 304 https://registry.npmjs.org/@types%2feslint-config-prettier 377ms (from cache)
12 http fetch GET 304 https://registry.npmjs.org/@types%2freact-dom 379ms (from cache)
13 silly pacote tag manifest for @types/testing-library__jest-dom@ts3.6 fetched in 388ms
14 silly pacote tag manifest for @types/eslint-config-prettier@ts3.6 fetched in 382ms
15 silly pacote tag manifest for @types/prettier@ts3.6 fetched in 380ms
16 silly pacote tag manifest for @types/react-dom@ts3.6 fetched in 383ms
17 http fetch GET 304 https://registry.npmjs.org/@types%2feslint-plugin-prettier 383ms (from cache)
18 silly pacote tag manifest for @types/eslint-plugin-prettier@ts3.6 fetched in 384ms
19 http fetch GET 304 https://registry.npmjs.org/@types%2freact 387ms (from cache)
20 silly pacote tag manifest for @types/react@ts3.6 fetched in 391ms
21 timing stage:rollbackFailedOptional Completed in 1ms
22 timing stage:runTopLevelLifecycles Completed in 467ms
23 verbose type tag
24 verbose stack @types/lint-staged: No matching version found for @types/lint-staged@ts3.6.
24 verbose stack     at pickManifest (/usr/local/lib/node_modules/npm/node_modules/npm-pick-manifest/index.js:122:13)
24 verbose stack     at /usr/local/lib/node_modules/npm/node_modules/pacote/lib/fetchers/registry/manifest.js:24:14
24 verbose stack     at tryCatcher (/usr/local/lib/node_modules/npm/node_modules/bluebird/js/release/util.js:16:23)
24 verbose stack     at Promise._settlePromiseFromHandler (/usr/local/lib/node_modules/npm/node_modules/bluebird/js/release/promise.js:517:31)
24 verbose stack     at Promise._settlePromise (/usr/local/lib/node_modules/npm/node_modules/bluebird/js/release/promise.js:574:18)
24 verbose stack     at Promise._settlePromise0 (/usr/local/lib/node_modules/npm/node_modules/bluebird/js/release/promise.js:619:10)
24 verbose stack     at Promise._settlePromises (/usr/local/lib/node_modules/npm/node_modules/bluebird/js/release/promise.js:699:18)
24 verbose stack     at _drainQueueStep (/usr/local/lib/node_modules/npm/node_modules/bluebird/js/release/async.js:138:12)
24 verbose stack     at _drainQueue (/usr/local/lib/node_modules/npm/node_modules/bluebird/js/release/async.js:131:9)
24 verbose stack     at Async._drainQueues (/usr/local/lib/node_modules/npm/node_modules/bluebird/js/release/async.js:147:5)
24 verbose stack     at Immediate.Async.drainQueues [as _onImmediate] (/usr/local/lib/node_modules/npm/node_modules/bluebird/js/release/async.js:17:14)
24 verbose stack     at processImmediate (internal/timers.js:456:21)
25 verbose cwd /home/theia/.cache/typescript/3.6
26 verbose Linux 5.10.16.3-microsoft-standard-WSL2
27 verbose argv "/usr/local/bin/node" "/usr/local/bin/npm" "install" "--ignore-scripts" "@types/testing-library__jest-dom@ts3.6" "@types/react@ts3.6" "@types/react-dom@ts3.6" "@types/eslint-config-prettier@ts3.6" "@types/eslint-plugin-prettier@ts3.6" "@types/lint-staged@ts3.6" "@types/prettier@ts3.6" "--save-dev" "--user-agent=typesInstaller/3.6.3"
28 verbose node v12.18.3
29 verbose npm  v6.14.6
30 error code ETARGET
31 error notarget No matching version found for @types/lint-staged@ts3.6.
32 error notarget In most cases you or one of your dependencies are requesting
32 error notarget a package version that doesn't exist.
33 verbose exit [ 1, true ]
