0 info it worked if it ends with ok
1 verbose cli [
1 verbose cli   '/usr/local/bin/node',
1 verbose cli   '/usr/local/bin/npm',
1 verbose cli   'install',
1 verbose cli   '--ignore-scripts',
1 verbose cli   '@types/testing-library__jest-dom@ts3.6',
1 verbose cli   '@types/react@ts3.6',
1 verbose cli   '@types/react-dom@ts3.6',
1 verbose cli   '@types/uuid@ts3.6',
1 verbose cli   '@types/eslint-config-prettier@ts3.6',
1 verbose cli   '@types/eslint-plugin-prettier@ts3.6',
1 verbose cli   '@types/lint-staged@ts3.6',
1 verbose cli   '@types/prettier@ts3.6',
1 verbose cli   '@types/accepts@ts3.6',
1 verbose cli   '@types/argparse@ts3.6',
1 verbose cli   '@types/aria-query@ts3.6',
1 verbose cli   '@types/arr-diff@ts3.6',
1 verbose cli   '@types/arr-union@ts3.6',
1 verbose cli   '@types/array-unique@ts3.6',
1 verbose cli   '@types/array.prototype.flat@ts3.6',
1 verbose cli   '@types/array.prototype.flatmap@ts3.6',
1 verbose cli   '@types/asap@ts3.6',
1 verbose cli   '@types/assert@ts3.6',
1 verbose cli   '@types/async@ts3.6',
1 verbose cli   '@types/atob@ts3.6',
1 verbose cli   '@types/babel-plugin-macros@ts3.6',
1 verbose cli   '@types/babylon@ts3.6',
1 verbose cli   '@types/balanced-match@ts3.6',
1 verbose cli   '@types/big.js@ts3.6',
1 verbose cli   '@types/bluebird@ts3.6',
1 verbose cli   '@types/bn.js@ts3.6',
1 verbose cli   '@types/body-parser@ts3.6',
1 verbose cli   '@types/bonjour@ts3.6',
1 verbose cli   '@types/boolbase@ts3.6',
1 verbose cli   '@types/brace-expansion@ts3.6',
1 verbose cli   '@types/braces@ts3.6',
1 verbose cli   '@types/brorand@ts3.6',
1 verbose cli   '@types/bser@ts3.6',
1 verbose cli   '@types/buffer-from@ts3.6',
1 verbose cli   '@types/buffer-xor@ts3.6',
1 verbose cli   '@types/bytes@ts3.6',
1 verbose cli   '@types/cacache@ts3.6',
1 verbose cli   '@types/call-bind@ts3.6',
1 verbose cli   '@types/caniuse-api@ts3.6',
1 verbose cli   '@types/caniuse-lite@ts3.6',
1 verbose cli   '@types/case-sensitive-paths-webpack-plugin@ts3.6',
1 verbose cli   '@types/check-types@ts3.6',
1 verbose cli   '@types/chownr@ts3.6',
1 verbose cli   '@types/cipher-base@ts3.6',
1 verbose cli   '@types/clean-css@ts3.6',
1 verbose cli   '@types/co@ts3.6',
1 verbose cli   '@types/color@ts3.6',
1 verbose cli   '@types/color-convert@ts3.6',
1 verbose cli   '@types/color-name@ts3.6',
1 verbose cli   '@types/color-string@ts3.6',
1 verbose cli   '@types/combined-stream@ts3.6',
1 verbose cli   '@types/common-tags@ts3.6',
1 verbose cli   '@types/commondir@ts3.6',
1 verbose cli   '@types/component-emitter@ts3.6',
1 verbose cli   '@types/compose-function@ts3.6',
1 verbose cli   '@types/compressible@ts3.6',
1 verbose cli   '@types/compression@ts3.6',
1 verbose cli   '@types/concat-map@ts3.6',
1 verbose cli   '@types/concat-stream@ts3.6',
1 verbose cli   '@types/confusing-browser-globals@ts3.6',
1 verbose cli   '@types/connect-history-api-fallback@ts3.6',
1 verbose cli   '@types/content-disposition@ts3.6',
1 verbose cli   '@types/content-type@ts3.6',
1 verbose cli   '@types/convert-source-map@ts3.6',
1 verbose cli   '@types/cookie@ts3.6',
1 verbose cli   '@types/cookie-signature@ts3.6',
1 verbose cli   '@types/core-js@ts3.6',
1 verbose cli   '@types/create-hash@ts3.6',
1 verbose cli   '@types/create-hmac@ts3.6',
1 verbose cli   '@types/cross-spawn@ts3.6',
1 verbose cli   '@types/css@ts3.6',
1 verbose cli   '@types/css-declaration-sorter@ts3.6',
1 verbose cli   '@types/css-tree@ts3.6',
1 verbose cli   '@types/css.escape@ts3.6',
1 verbose cli   '@types/cssesc@ts3.6',
1 verbose cli   '@types/csso@ts3.6',
1 verbose cli   '@types/cssom@ts3.6',
1 verbose cli   '@types/cssstyle@ts3.6',
1 verbose cli   '@types/damerau-levenshtein@ts3.6',
1 verbose cli   '@types/data-urls@ts3.6',
1 verbose cli   '@types/debug@ts3.6',
1 verbose cli   '@types/decode-uri-component@ts3.6',
1 verbose cli   '@types/dedent@ts3.6',
1 verbose cli   '@types/deep-equal@ts3.6',
1 verbose cli   '@types/default-gateway@ts3.6',
1 verbose cli   '@types/define-properties@ts3.6',
1 verbose cli   '@types/depd@ts3.6',
1 verbose cli   '@types/destroy@ts3.6',
1 verbose cli   '@types/detect-node@ts3.6',
1 verbose cli   '@types/diffie-hellman@ts3.6',
1 verbose cli   '@types/dir-glob@ts3.6',
1 verbose cli   '@types/dns-packet@ts3.6',
1 verbose cli   '@types/dns-txt@ts3.6',
1 verbose cli   '@types/doctrine@ts3.6',
1 verbose cli   '@types/domexception@ts3.6',
1 verbose cli   '@types/domutils@ts3.6',
1 verbose cli   ... 105 more items
1 verbose cli ]
2 info using npm@6.14.6
3 info using node@v12.18.3
4 verbose npm-session b1120446b7520755
5 silly install loadCurrentTree
6 silly install readLocalPackageData
7 http fetch GET 304 https://registry.npmjs.org/@types%2fprettier 271ms (from cache)
8 silly pacote tag manifest for @types/prettier@ts3.6 fetched in 276ms
9 http fetch GET 304 https://registry.npmjs.org/@types%2ftesting-library__jest-dom 289ms (from cache)
10 http fetch GET 304 https://registry.npmjs.org/@types%2freact-dom 289ms (from cache)
11 http fetch GET 304 https://registry.npmjs.org/@types%2fuuid 290ms (from cache)
12 silly pacote tag manifest for @types/testing-library__jest-dom@ts3.6 fetched in 300ms
13 silly pacote tag manifest for @types/react-dom@ts3.6 fetched in 298ms
14 http fetch GET 304 https://registry.npmjs.org/@types%2freact 300ms (from cache)
15 silly pacote tag manifest for @types/uuid@ts3.6 fetched in 306ms
16 http fetch GET 304 https://registry.npmjs.org/@types%2flint-staged 302ms (from cache)
17 silly registry:manifest no matching version for @types/lint-staged@ts3.6 in the cache. Forcing revalidation.
18 silly pacote tag manifest for @types/react@ts3.6 fetched in 320ms
19 http fetch GET 304 https://registry.npmjs.org/@types%2faccepts 341ms (from cache)
20 silly pacote tag manifest for @types/accepts@ts3.6 fetched in 343ms
21 http fetch GET 304 https://registry.npmjs.org/@types%2feslint-plugin-prettier 347ms (from cache)
22 silly pacote tag manifest for @types/eslint-plugin-prettier@ts3.6 fetched in 351ms
23 http fetch GET 304 https://registry.npmjs.org/@types%2fargparse 351ms (from cache)
24 silly pacote tag manifest for @types/argparse@ts3.6 fetched in 357ms
25 http fetch GET 304 https://registry.npmjs.org/@types%2faria-query 97ms (from cache)
26 silly pacote tag manifest for @types/aria-query@ts3.6 fetched in 98ms
27 http fetch GET 304 https://registry.npmjs.org/@types%2farr-union 150ms (from cache)
28 silly pacote tag manifest for @types/arr-union@ts3.6 fetched in 152ms
29 http fetch GET 304 https://registry.npmjs.org/@types%2fasap 101ms (from cache)
30 http fetch GET 304 https://registry.npmjs.org/@types%2farr-diff 167ms (from cache)
31 silly pacote tag manifest for @types/asap@ts3.6 fetched in 107ms
32 http fetch GET 304 https://registry.npmjs.org/@types%2farray-unique 153ms (from cache)
33 http fetch GET 200 https://registry.npmjs.org/@types%2flint-staged 153ms
34 silly fetchPackageMetaData error for @types/lint-staged@ts3.6 No matching version found for @types/lint-staged@ts3.6.
35 http fetch GET 304 https://registry.npmjs.org/@types%2fassert 102ms (from cache)
36 silly pacote tag manifest for @types/arr-diff@ts3.6 fetched in 172ms
37 silly pacote tag manifest for @types/array-unique@ts3.6 fetched in 162ms
38 silly pacote tag manifest for @types/assert@ts3.6 fetched in 114ms
39 http fetch GET 304 https://registry.npmjs.org/@types%2farray.prototype.flatmap 158ms (from cache)
40 silly pacote tag manifest for @types/array.prototype.flatmap@ts3.6 fetched in 160ms
41 http fetch GET 304 https://registry.npmjs.org/@types%2fasync 134ms (from cache)
42 silly pacote tag manifest for @types/async@ts3.6 fetched in 135ms
43 http fetch GET 304 https://registry.npmjs.org/@types%2fatob 72ms (from cache)
44 silly pacote tag manifest for @types/atob@ts3.6 fetched in 75ms
45 http fetch GET 304 https://registry.npmjs.org/@types%2fbig.js 87ms (from cache)
46 silly pacote tag manifest for @types/big.js@ts3.6 fetched in 91ms
47 http fetch GET 304 https://registry.npmjs.org/@types%2fbalanced-match 101ms (from cache)
48 silly pacote tag manifest for @types/balanced-match@ts3.6 fetched in 109ms
49 http fetch GET 304 https://registry.npmjs.org/@types%2fbluebird 95ms (from cache)
50 silly pacote tag manifest for @types/bluebird@ts3.6 fetched in 100ms
51 http fetch GET 304 https://registry.npmjs.org/@types%2fbody-parser 70ms (from cache)
52 silly pacote tag manifest for @types/body-parser@ts3.6 fetched in 72ms
53 http fetch GET 304 https://registry.npmjs.org/@types%2fbabylon 141ms (from cache)
54 http fetch GET 304 https://registry.npmjs.org/@types%2fbonjour 78ms (from cache)
55 silly pacote tag manifest for @types/babylon@ts3.6 fetched in 143ms
56 silly pacote tag manifest for @types/bonjour@ts3.6 fetched in 79ms
57 http fetch GET 304 https://registry.npmjs.org/@types%2fboolbase 75ms (from cache)
58 silly pacote tag manifest for @types/boolbase@ts3.6 fetched in 77ms
59 http fetch GET 304 https://registry.npmjs.org/@types%2fbrace-expansion 77ms (from cache)
60 silly pacote tag manifest for @types/brace-expansion@ts3.6 fetched in 79ms
61 http fetch GET 304 https://registry.npmjs.org/@types%2fbser 72ms (from cache)
62 silly pacote tag manifest for @types/bser@ts3.6 fetched in 74ms
63 http fetch GET 304 https://registry.npmjs.org/@types%2fbrorand 155ms (from cache)
64 http fetch GET 304 https://registry.npmjs.org/@types%2fbuffer-from 138ms (from cache)
65 silly pacote tag manifest for @types/brorand@ts3.6 fetched in 159ms
66 silly pacote tag manifest for @types/buffer-from@ts3.6 fetched in 140ms
67 http fetch GET 304 https://registry.npmjs.org/@types%2fbuffer-xor 130ms (from cache)
68 silly pacote tag manifest for @types/buffer-xor@ts3.6 fetched in 131ms
69 http fetch GET 304 https://registry.npmjs.org/@types%2fbytes 123ms (from cache)
70 silly pacote tag manifest for @types/bytes@ts3.6 fetched in 124ms
71 http fetch GET 304 https://registry.npmjs.org/@types%2fcall-bind 64ms (from cache)
72 silly registry:manifest no matching version for @types/call-bind@ts3.6 in the cache. Forcing revalidation.
73 http fetch GET 304 https://registry.npmjs.org/@types%2fbabel-plugin-macros 360ms (from cache)
74 silly pacote tag manifest for @types/babel-plugin-macros@ts3.6 fetched in 361ms
75 http fetch GET 304 https://registry.npmjs.org/@types%2fcase-sensitive-paths-webpack-plugin 56ms (from cache)
76 silly pacote tag manifest for @types/case-sensitive-paths-webpack-plugin@ts3.6 fetched in 57ms
77 http fetch GET 304 https://registry.npmjs.org/@types%2fcaniuse-lite 132ms (from cache)
78 http fetch GET 304 https://registry.npmjs.org/@types%2fcheck-types 82ms (from cache)
79 silly pacote tag manifest for @types/caniuse-lite@ts3.6 fetched in 134ms
80 silly pacote tag manifest for @types/check-types@ts3.6 fetched in 84ms
81 http fetch GET 200 https://registry.npmjs.org/@types%2fcall-bind 122ms
82 silly fetchPackageMetaData error for @types/call-bind@ts3.6 No matching version found for @types/call-bind@ts3.6.
83 http fetch GET 304 https://registry.npmjs.org/@types%2fchownr 127ms (from cache)
84 silly pacote tag manifest for @types/chownr@ts3.6 fetched in 128ms
85 http fetch GET 304 https://registry.npmjs.org/@types%2fco 58ms (from cache)
86 silly pacote tag manifest for @types/co@ts3.6 fetched in 60ms
87 http fetch GET 304 https://registry.npmjs.org/@types%2fcolor 78ms (from cache)
88 http fetch GET 304 https://registry.npmjs.org/@types%2fcaniuse-api 295ms (from cache)
89 silly pacote tag manifest for @types/color@ts3.6 fetched in 80ms
90 silly pacote tag manifest for @types/caniuse-api@ts3.6 fetched in 299ms
91 http fetch GET 304 https://registry.npmjs.org/@types%2fclean-css 155ms (from cache)
92 silly pacote tag manifest for @types/clean-css@ts3.6 fetched in 157ms
93 http fetch GET 304 https://registry.npmjs.org/@types%2fcolor-convert 73ms (from cache)
94 silly pacote tag manifest for @types/color-convert@ts3.6 fetched in 75ms
95 http fetch GET 304 https://registry.npmjs.org/@types%2fcombined-stream 70ms (from cache)
96 http fetch GET 304 https://registry.npmjs.org/@types%2fcolor-string 88ms (from cache)
97 silly pacote tag manifest for @types/combined-stream@ts3.6 fetched in 75ms
98 silly pacote tag manifest for @types/color-string@ts3.6 fetched in 94ms
99 http fetch GET 304 https://registry.npmjs.org/@types%2fcommon-tags 91ms (from cache)
100 silly pacote tag manifest for @types/common-tags@ts3.6 fetched in 94ms
101 http fetch GET 304 https://registry.npmjs.org/@types%2fcolor-name 127ms (from cache)
102 silly pacote tag manifest for @types/color-name@ts3.6 fetched in 130ms
103 http fetch GET 304 https://registry.npmjs.org/@types%2fcommondir 101ms (from cache)
104 http fetch GET 304 https://registry.npmjs.org/@types%2fcomponent-emitter 98ms (from cache)
105 silly pacote tag manifest for @types/commondir@ts3.6 fetched in 104ms
106 silly pacote tag manifest for @types/component-emitter@ts3.6 fetched in 101ms
107 http fetch GET 304 https://registry.npmjs.org/@types%2fcompressible 96ms (from cache)
108 silly pacote tag manifest for @types/compressible@ts3.6 fetched in 97ms
109 http fetch GET 304 https://registry.npmjs.org/@types%2fcompose-function 151ms (from cache)
110 silly pacote tag manifest for @types/compose-function@ts3.6 fetched in 153ms
111 http fetch GET 304 https://registry.npmjs.org/@types%2fconcat-map 81ms (from cache)
112 http fetch GET 304 https://registry.npmjs.org/@types%2fcompression 85ms (from cache)
113 silly pacote tag manifest for @types/concat-map@ts3.6 fetched in 86ms
114 silly pacote tag manifest for @types/compression@ts3.6 fetched in 90ms
115 http fetch GET 304 https://registry.npmjs.org/@types%2fconcat-stream 74ms (from cache)
116 silly pacote tag manifest for @types/concat-stream@ts3.6 fetched in 76ms
117 http fetch GET 304 https://registry.npmjs.org/@types%2fconnect-history-api-fallback 77ms (from cache)
118 silly pacote tag manifest for @types/connect-history-api-fallback@ts3.6 fetched in 80ms
119 http fetch GET 304 https://registry.npmjs.org/@types%2fconfusing-browser-globals 93ms (from cache)
120 silly pacote tag manifest for @types/confusing-browser-globals@ts3.6 fetched in 100ms
121 http fetch GET 304 https://registry.npmjs.org/@types%2fcontent-type 118ms (from cache)
122 http fetch GET 304 https://registry.npmjs.org/@types%2fcontent-disposition 134ms (from cache)
123 silly pacote tag manifest for @types/content-type@ts3.6 fetched in 119ms
124 silly pacote tag manifest for @types/content-disposition@ts3.6 fetched in 136ms
125 http fetch GET 304 https://registry.npmjs.org/@types%2fcookie 65ms (from cache)
126 silly pacote tag manifest for @types/cookie@ts3.6 fetched in 66ms
127 http fetch GET 304 https://registry.npmjs.org/@types%2fcookie-signature 78ms (from cache)
128 silly pacote tag manifest for @types/cookie-signature@ts3.6 fetched in 79ms
129 http fetch GET 304 https://registry.npmjs.org/@types%2fcreate-hash 129ms (from cache)
130 silly pacote tag manifest for @types/create-hash@ts3.6 fetched in 130ms
131 http fetch GET 304 https://registry.npmjs.org/@types%2fcore-js 160ms (from cache)
132 silly pacote tag manifest for @types/core-js@ts3.6 fetched in 161ms
133 http fetch GET 304 https://registry.npmjs.org/@types%2fcreate-hmac 126ms (from cache)
134 silly pacote tag manifest for @types/create-hmac@ts3.6 fetched in 127ms
135 http fetch GET 304 https://registry.npmjs.org/@types%2fcross-spawn 179ms (from cache)
136 http fetch GET 304 https://registry.npmjs.org/@types%2fcss 164ms (from cache)
137 http fetch GET 304 https://registry.npmjs.org/@types%2fcss-declaration-sorter 122ms (from cache)
138 silly pacote tag manifest for @types/cross-spawn@ts3.6 fetched in 183ms
139 silly pacote tag manifest for @types/css@ts3.6 fetched in 167ms
140 silly pacote tag manifest for @types/css-declaration-sorter@ts3.6 fetched in 124ms
141 http fetch GET 304 https://registry.npmjs.org/@types%2fcssesc 80ms (from cache)
142 http fetch GET 304 https://registry.npmjs.org/@types%2fcss.escape 82ms (from cache)
143 silly pacote tag manifest for @types/cssesc@ts3.6 fetched in 81ms
144 silly registry:manifest no matching version for @types/css.escape@ts3.6 in the cache. Forcing revalidation.
145 http fetch GET 304 https://registry.npmjs.org/@types%2fcss-tree 110ms (from cache)
146 silly pacote tag manifest for @types/css-tree@ts3.6 fetched in 111ms
147 http fetch GET 200 https://registry.npmjs.org/@types%2fcss.escape 83ms
148 silly fetchPackageMetaData error for @types/css.escape@ts3.6 No matching version found for @types/css.escape@ts3.6.
149 http fetch GET 304 https://registry.npmjs.org/@types%2fcsso 95ms (from cache)
150 silly pacote tag manifest for @types/csso@ts3.6 fetched in 96ms
151 http fetch GET 304 https://registry.npmjs.org/@types%2fcssom 73ms (from cache)
152 silly pacote tag manifest for @types/cssom@ts3.6 fetched in 74ms
153 http fetch GET 304 https://registry.npmjs.org/@types%2fcssstyle 58ms (from cache)
154 silly pacote tag manifest for @types/cssstyle@ts3.6 fetched in 59ms
155 http fetch GET 304 https://registry.npmjs.org/@types%2fdamerau-levenshtein 69ms (from cache)
156 silly pacote tag manifest for @types/damerau-levenshtein@ts3.6 fetched in 71ms
157 http fetch GET 304 https://registry.npmjs.org/@types%2fdebug 146ms (from cache)
158 silly pacote tag manifest for @types/debug@ts3.6 fetched in 149ms
159 http fetch GET 304 https://registry.npmjs.org/@types%2fdedent 65ms (from cache)
160 silly pacote tag manifest for @types/dedent@ts3.6 fetched in 67ms
161 http fetch GET 304 https://registry.npmjs.org/@types%2fdeep-equal 136ms (from cache)
162 silly pacote tag manifest for @types/deep-equal@ts3.6 fetched in 137ms
163 http fetch GET 304 https://registry.npmjs.org/@types%2feslint-config-prettier 2453ms (from cache)
164 silly pacote tag manifest for @types/eslint-config-prettier@ts3.6 fetched in 2454ms
165 http fetch GET 304 https://registry.npmjs.org/@types%2fdefine-properties 59ms (from cache)
166 silly pacote tag manifest for @types/define-properties@ts3.6 fetched in 60ms
167 http fetch GET 304 https://registry.npmjs.org/@types%2fdepd 90ms (from cache)
168 silly pacote tag manifest for @types/depd@ts3.6 fetched in 92ms
169 http fetch GET 304 https://registry.npmjs.org/@types%2farray.prototype.flat 2309ms (from cache)
170 silly pacote tag manifest for @types/array.prototype.flat@ts3.6 fetched in 2310ms
171 http fetch GET 304 https://registry.npmjs.org/@types%2fdestroy 72ms (from cache)
172 silly pacote tag manifest for @types/destroy@ts3.6 fetched in 74ms
173 http fetch GET 304 https://registry.npmjs.org/@types%2fdetect-node 90ms (from cache)
174 silly pacote tag manifest for @types/detect-node@ts3.6 fetched in 94ms
175 http fetch GET 304 https://registry.npmjs.org/@types%2fdiffie-hellman 118ms (from cache)
176 silly pacote tag manifest for @types/diffie-hellman@ts3.6 fetched in 121ms
177 http fetch GET 304 https://registry.npmjs.org/@types%2fdir-glob 88ms (from cache)
178 silly pacote tag manifest for @types/dir-glob@ts3.6 fetched in 89ms
179 http fetch GET 304 https://registry.npmjs.org/@types%2fbn.js 2322ms (from cache)
180 silly pacote tag manifest for @types/bn.js@ts3.6 fetched in 2324ms
181 http fetch GET 304 https://registry.npmjs.org/@types%2fdns-packet 108ms (from cache)
182 http fetch GET 304 https://registry.npmjs.org/@types%2fdoctrine 79ms (from cache)
183 silly pacote tag manifest for @types/dns-packet@ts3.6 fetched in 110ms
184 silly pacote tag manifest for @types/doctrine@ts3.6 fetched in 82ms
185 http fetch GET 304 https://registry.npmjs.org/@types%2fbraces 2346ms (from cache)
186 silly pacote tag manifest for @types/braces@ts3.6 fetched in 2348ms
187 http fetch GET 304 https://registry.npmjs.org/@types%2fdns-txt 121ms (from cache)
188 silly registry:manifest no matching version for @types/dns-txt@ts3.6 in the cache. Forcing revalidation.
189 http fetch GET 304 https://registry.npmjs.org/@types%2fcacache 2266ms (from cache)
190 silly pacote tag manifest for @types/cacache@ts3.6 fetched in 2267ms
191 http fetch GET 304 https://registry.npmjs.org/@types%2fdomexception 56ms (from cache)
192 silly pacote tag manifest for @types/domexception@ts3.6 fetched in 58ms
193 http fetch GET 304 https://registry.npmjs.org/@types%2fdomutils 62ms (from cache)
194 silly pacote tag manifest for @types/domutils@ts3.6 fetched in 63ms
195 http fetch GET 304 https://registry.npmjs.org/@types%2fee-first 50ms (from cache)
196 silly pacote tag manifest for @types/ee-first@ts3.6 fetched in 52ms
197 http fetch GET 304 https://registry.npmjs.org/@types%2fduplexify 86ms (from cache)
198 silly pacote tag manifest for @types/duplexify@ts3.6 fetched in 87ms
199 http fetch GET 304 https://registry.npmjs.org/@types%2fejs 59ms (from cache)
200 silly pacote tag manifest for @types/ejs@ts3.6 fetched in 60ms
201 http fetch GET 200 https://registry.npmjs.org/@types%2fdns-txt 115ms
202 silly fetchPackageMetaData error for @types/dns-txt@ts3.6 No matching version found for @types/dns-txt@ts3.6.
203 http fetch GET 304 https://registry.npmjs.org/@types%2fes-get-iterator 67ms (from cache)
204 http fetch GET 304 https://registry.npmjs.org/@types%2fend-of-stream 100ms (from cache)
205 silly pacote tag manifest for @types/es-get-iterator@ts3.6 fetched in 68ms
206 silly pacote tag manifest for @types/end-of-stream@ts3.6 fetched in 103ms
207 http fetch GET 304 https://registry.npmjs.org/@types%2fencodeurl 134ms (from cache)
208 silly pacote tag manifest for @types/encodeurl@ts3.6 fetched in 135ms
209 http fetch GET 304 https://registry.npmjs.org/@types%2fes-abstract 169ms (from cache)
210 http fetch GET 304 https://registry.npmjs.org/@types%2fdata-urls 1216ms (from cache)
211 http fetch GET 304 https://registry.npmjs.org/@types%2fes-to-primitive 82ms (from cache)
212 silly pacote tag manifest for @types/es-abstract@ts3.6 fetched in 170ms
213 silly pacote tag manifest for @types/data-urls@ts3.6 fetched in 1218ms
214 silly pacote tag manifest for @types/es-to-primitive@ts3.6 fetched in 84ms
215 http fetch GET 304 https://registry.npmjs.org/@types%2fescape-html 104ms (from cache)
216 silly pacote tag manifest for @types/escape-html@ts3.6 fetched in 105ms
217 http fetch GET 304 https://registry.npmjs.org/@types%2fdecode-uri-component 1186ms (from cache)
218 silly pacote tag manifest for @types/decode-uri-component@ts3.6 fetched in 1186ms
219 http fetch GET 304 https://registry.npmjs.org/@types%2fcipher-base 2356ms (from cache)
220 silly pacote tag manifest for @types/cipher-base@ts3.6 fetched in 2357ms
221 http fetch GET 304 https://registry.npmjs.org/@types%2feslint 60ms (from cache)
222 silly pacote tag manifest for @types/eslint@ts3.6 fetched in 63ms
223 http fetch GET 304 https://registry.npmjs.org/@types%2fescodegen 144ms (from cache)
224 http fetch GET 304 https://registry.npmjs.org/@types%2feslint-utils 77ms (from cache)
225 silly pacote tag manifest for @types/escodegen@ts3.6 fetched in 145ms
226 silly pacote tag manifest for @types/eslint-utils@ts3.6 fetched in 78ms
227 http fetch GET 304 https://registry.npmjs.org/@types%2feslint-scope 83ms (from cache)
228 silly pacote tag manifest for @types/eslint-scope@ts3.6 fetched in 88ms
229 http fetch GET 304 https://registry.npmjs.org/@types%2fesquery 64ms (from cache)
230 silly pacote tag manifest for @types/esquery@ts3.6 fetched in 66ms
231 http fetch GET 304 https://registry.npmjs.org/@types%2festraverse 69ms (from cache)
232 silly pacote tag manifest for @types/estraverse@ts3.6 fetched in 70ms
233 http fetch GET 304 https://registry.npmjs.org/@types%2fesutils 121ms (from cache)
234 silly pacote tag manifest for @types/esutils@ts3.6 fetched in 124ms
235 http fetch GET 304 https://registry.npmjs.org/@types%2fexit 101ms (from cache)
236 silly pacote tag manifest for @types/exit@ts3.6 fetched in 101ms
237 http fetch GET 304 https://registry.npmjs.org/@types%2ffast-levenshtein 84ms (from cache)
238 silly pacote tag manifest for @types/fast-levenshtein@ts3.6 fetched in 85ms
239 http fetch GET 304 https://registry.npmjs.org/@types%2ffb-watchman 61ms (from cache)
240 silly pacote tag manifest for @types/fb-watchman@ts3.6 fetched in 61ms
241 http fetch GET 304 https://registry.npmjs.org/@types%2fevents 180ms (from cache)
242 silly pacote tag manifest for @types/events@ts3.6 fetched in 180ms
243 http fetch GET 304 https://registry.npmjs.org/@types%2feventsource 189ms (from cache)
244 silly pacote tag manifest for @types/eventsource@ts3.6 fetched in 191ms
245 http fetch GET 304 https://registry.npmjs.org/@types%2fetag 219ms (from cache)
246 silly pacote tag manifest for @types/etag@ts3.6 fetched in 219ms
247 http fetch GET 304 https://registry.npmjs.org/@types%2ffile-loader 100ms (from cache)
248 http fetch GET 304 https://registry.npmjs.org/@types%2ffile-entry-cache 115ms (from cache)
249 silly pacote tag manifest for @types/file-loader@ts3.6 fetched in 104ms
250 silly pacote tag manifest for @types/file-entry-cache@ts3.6 fetched in 119ms
251 http fetch GET 304 https://registry.npmjs.org/@types%2ffinalhandler 70ms (from cache)
252 silly pacote tag manifest for @types/finalhandler@ts3.6 fetched in 71ms
253 http fetch GET 304 https://registry.npmjs.org/@types%2ffill-range 157ms (from cache)
254 silly registry:manifest no matching version for @types/fill-range@ts3.6 in the cache. Forcing revalidation.
255 http fetch GET 304 https://registry.npmjs.org/@types%2ffollow-redirects 114ms (from cache)
256 http fetch GET 304 https://registry.npmjs.org/@types%2fforwarded 100ms (from cache)
257 http fetch GET 304 https://registry.npmjs.org/@types%2ffind-cache-dir 155ms (from cache)
258 silly pacote tag manifest for @types/follow-redirects@ts3.6 fetched in 115ms
259 silly pacote tag manifest for @types/forwarded@ts3.6 fetched in 102ms
260 silly pacote tag manifest for @types/find-cache-dir@ts3.6 fetched in 157ms
261 http fetch GET 304 https://registry.npmjs.org/@types%2fflush-write-stream 173ms (from cache)
262 silly pacote tag manifest for @types/flush-write-stream@ts3.6 fetched in 174ms
263 http fetch GET 304 https://registry.npmjs.org/@types%2fconvert-source-map 2287ms (from cache)
264 silly pacote tag manifest for @types/convert-source-map@ts3.6 fetched in 2293ms
265 http fetch GET 200 https://registry.npmjs.org/@types%2ffill-range 149ms
266 silly fetchPackageMetaData error for @types/fill-range@ts3.6 No matching version found for @types/fill-range@ts3.6.
267 http fetch GET 304 https://registry.npmjs.org/@types%2fflat-cache 264ms (from cache)
268 http fetch GET 304 https://registry.npmjs.org/@types%2ffresh 128ms (from cache)
269 silly pacote tag manifest for @types/flat-cache@ts3.6 fetched in 266ms
270 silly pacote tag manifest for @types/fresh@ts3.6 fetched in 130ms
271 http fetch GET 304 https://registry.npmjs.org/@types%2ffunction-bind 69ms (from cache)
272 silly pacote tag manifest for @types/function-bind@ts3.6 fetched in 76ms
273 http fetch GET 304 https://registry.npmjs.org/@types%2ffrom2 144ms (from cache)
274 silly pacote tag manifest for @types/from2@ts3.6 fetched in 151ms
275 http fetch GET 304 https://registry.npmjs.org/@types%2ffs-extra 154ms (from cache)
276 http fetch GET 304 https://registry.npmjs.org/@types%2ffs-minipass 100ms (from cache)
277 silly registry:manifest no matching version for @types/fs-minipass@ts3.6 in the cache. Forcing revalidation.
278 silly pacote tag manifest for @types/fs-extra@ts3.6 fetched in 159ms
279 http fetch GET 304 https://registry.npmjs.org/@types%2fget-intrinsic 61ms (from cache)
280 silly registry:manifest no matching version for @types/get-intrinsic@ts3.6 in the cache. Forcing revalidation.
281 http fetch GET 304 https://registry.npmjs.org/@types%2fglobal-modules 90ms (from cache)
282 silly pacote tag manifest for @types/global-modules@ts3.6 fetched in 93ms
283 http fetch GET 200 https://registry.npmjs.org/@types%2ffs-minipass 120ms
284 silly fetchPackageMetaData error for @types/fs-minipass@ts3.6 No matching version found for @types/fs-minipass@ts3.6.
285 http fetch GET 304 https://registry.npmjs.org/@types%2fgensync 151ms (from cache)
286 silly registry:manifest no matching version for @types/gensync@ts3.6 in the cache. Forcing revalidation.
287 http fetch GET 304 https://registry.npmjs.org/@types%2fglob-parent 132ms (from cache)
288 http fetch GET 304 https://registry.npmjs.org/@types%2fget-value 144ms (from cache)
289 silly pacote tag manifest for @types/glob-parent@ts3.6 fetched in 138ms
290 silly pacote tag manifest for @types/get-value@ts3.6 fetched in 149ms
291 http fetch GET 304 https://registry.npmjs.org/@types%2ffunctional-red-black-tree 183ms (from cache)
292 silly pacote tag manifest for @types/functional-red-black-tree@ts3.6 fetched in 184ms
293 http fetch GET 200 https://registry.npmjs.org/@types%2fget-intrinsic 148ms
294 silly fetchPackageMetaData error for @types/get-intrinsic@ts3.6 No matching version found for @types/get-intrinsic@ts3.6.
295 http fetch GET 304 https://registry.npmjs.org/@types%2fglobalthis 84ms (from cache)
296 http fetch GET 304 https://registry.npmjs.org/@types%2fglobal-prefix 110ms (from cache)
297 http fetch GET 304 https://registry.npmjs.org/@types%2fgraceful-fs 73ms (from cache)
298 silly pacote tag manifest for @types/globalthis@ts3.6 fetched in 85ms
299 silly pacote tag manifest for @types/global-prefix@ts3.6 fetched in 112ms
300 silly pacote tag manifest for @types/graceful-fs@ts3.6 fetched in 75ms
301 http fetch GET 304 https://registry.npmjs.org/@types%2fhas 76ms (from cache)
302 silly pacote tag manifest for @types/has@ts3.6 fetched in 77ms
303 http fetch GET 304 https://registry.npmjs.org/@types%2fhas-bigints 62ms (from cache)
304 silly registry:manifest no matching version for @types/has-bigints@ts3.6 in the cache. Forcing revalidation.
305 http fetch GET 200 https://registry.npmjs.org/@types%2fgopd 132ms
306 silly fetchPackageMetaData error for @types/gopd@ts3.6 No matching version found for @types/gopd@ts3.6.
307 http fetch GET 304 https://registry.npmjs.org/@types%2fhas-symbols 72ms (from cache)
308 silly pacote tag manifest for @types/has-symbols@ts3.6 fetched in 74ms
309 http fetch GET 304 https://registry.npmjs.org/@types%2fhex-color-regex 132ms (from cache)
310 http fetch GET 304 https://registry.npmjs.org/@types%2fhas-values 151ms (from cache)
311 silly registry:manifest no matching version for @types/has-values@ts3.6 in the cache. Forcing revalidation.
312 silly pacote tag manifest for @types/hex-color-regex@ts3.6 fetched in 134ms
313 http fetch GET 304 https://registry.npmjs.org/@types%2fhosted-git-info 146ms (from cache)
314 silly pacote tag manifest for @types/hosted-git-info@ts3.6 fetched in 148ms
315 http fetch GET 304 https://registry.npmjs.org/@types%2fhtml-escaper 111ms (from cache)
316 silly pacote tag manifest for @types/html-escaper@ts3.6 fetched in 113ms
317 http fetch GET 200 https://registry.npmjs.org/@types%2fhas-values 134ms
318 silly fetchPackageMetaData error for @types/has-values@ts3.6 No matching version found for @types/has-values@ts3.6.
319 http fetch GET 304 https://registry.npmjs.org/@types%2fhtml-minifier-terser 86ms (from cache)
320 silly pacote tag manifest for @types/html-minifier-terser@ts3.6 fetched in 87ms
321 http fetch GET 304 https://registry.npmjs.org/@types%2fhttp-errors 128ms (from cache)
322 silly pacote tag manifest for @types/http-errors@ts3.6 fetched in 129ms
323 http fetch GET 304 https://registry.npmjs.org/@types%2ficss-utils 114ms (from cache)
324 silly pacote tag manifest for @types/icss-utils@ts3.6 fetched in 116ms
325 http fetch GET 304 https://registry.npmjs.org/@types%2fhttp-proxy 199ms (from cache)
326 silly pacote tag manifest for @types/http-proxy@ts3.6 fetched in 202ms
327 http fetch GET 304 https://registry.npmjs.org/@types%2fimport-local 106ms (from cache)
328 silly registry:manifest no matching version for @types/import-local@ts3.6 in the cache. Forcing revalidation.
329 http fetch GET 304 https://registry.npmjs.org/@types%2fiferr 138ms (from cache)
330 silly pacote tag manifest for @types/iferr@ts3.6 fetched in 140ms
331 http fetch GET 304 https://registry.npmjs.org/@types%2fimurmurhash 107ms (from cache)
332 silly pacote tag manifest for @types/imurmurhash@ts3.6 fetched in 109ms
333 http fetch GET 200 https://registry.npmjs.org/@types%2fimport-local 103ms
334 silly fetchPackageMetaData error for @types/import-local@ts3.6 No matching version found for @types/import-local@ts3.6.
335 http fetch GET 304 https://registry.npmjs.org/@types%2fini 77ms (from cache)
336 silly pacote tag manifest for @types/ini@ts3.6 fetched in 86ms
337 http fetch GET 304 https://registry.npmjs.org/@types%2fdefault-gateway 2329ms (from cache)
338 silly pacote tag manifest for @types/default-gateway@ts3.6 fetched in 2330ms
339 http fetch GET 304 https://registry.npmjs.org/@types%2finternal-slot 89ms (from cache)
340 http fetch GET 304 https://registry.npmjs.org/@types%2finherits 175ms (from cache)
341 silly pacote tag manifest for @types/internal-slot@ts3.6 fetched in 90ms
342 silly pacote tag manifest for @types/inherits@ts3.6 fetched in 177ms
343 http fetch GET 304 https://registry.npmjs.org/@types%2fis-arguments 129ms (from cache)
344 silly pacote tag manifest for @types/is-arguments@ts3.6 fetched in 136ms
345 http fetch GET 304 https://registry.npmjs.org/@types%2fip 171ms (from cache)
346 silly pacote tag manifest for @types/ip@ts3.6 fetched in 172ms
347 http fetch GET 304 https://registry.npmjs.org/@types%2fis-bigint 274ms (from cache)
348 silly registry:manifest no matching version for @types/is-bigint@ts3.6 in the cache. Forcing revalidation.
349 http fetch GET 304 https://registry.npmjs.org/@types%2fis-boolean-object 300ms (from cache)
350 silly registry:manifest no matching version for @types/is-boolean-object@ts3.6 in the cache. Forcing revalidation.
351 http fetch GET 304 https://registry.npmjs.org/@types%2fis-buffer 255ms (from cache)
352 silly pacote tag manifest for @types/is-buffer@ts3.6 fetched in 257ms
353 http fetch GET 304 https://registry.npmjs.org/@types%2fis-callable 249ms (from cache)
354 silly pacote tag manifest for @types/is-callable@ts3.6 fetched in 250ms
355 http fetch GET 304 https://registry.npmjs.org/@types%2fis-ci 145ms (from cache)
356 silly pacote tag manifest for @types/is-ci@ts3.6 fetched in 147ms
357 http fetch GET 304 https://registry.npmjs.org/@types%2fis-core-module 155ms (from cache)
358 silly pacote tag manifest for @types/is-core-module@ts3.6 fetched in 156ms
359 http fetch GET 304 https://registry.npmjs.org/@types%2felliptic 2301ms (from cache)
360 silly pacote tag manifest for @types/elliptic@ts3.6 fetched in 2302ms
361 http fetch GET 304 https://registry.npmjs.org/@types%2fis-date-object 136ms (from cache)
362 silly pacote tag manifest for @types/is-date-object@ts3.6 fetched in 137ms
363 http fetch GET 304 https://registry.npmjs.org/@types%2fis-data-descriptor 216ms (from cache)
364 silly registry:manifest no matching version for @types/is-data-descriptor@ts3.6 in the cache. Forcing revalidation.
365 http fetch GET 304 https://registry.npmjs.org/@types%2fis-glob 199ms (from cache)
366 silly pacote tag manifest for @types/is-glob@ts3.6 fetched in 200ms
367 http fetch GET 200 https://registry.npmjs.org/@types%2fis-map 81ms
368 silly fetchPackageMetaData error for @types/is-map@ts3.6 No matching version found for @types/is-map@ts3.6.
369 http fetch GET 304 https://registry.npmjs.org/@types%2fesprima 2289ms (from cache)
370 silly pacote tag manifest for @types/esprima@ts3.6 fetched in 2291ms
371 http fetch GET 304 https://registry.npmjs.org/@types%2fis-string 63ms (from cache)
372 silly registry:manifest no matching version for @types/is-string@ts3.6 in the cache. Forcing revalidation.
373 http fetch GET 304 https://registry.npmjs.org/@types%2fis-number 102ms (from cache)
374 silly pacote tag manifest for @types/is-number@ts3.6 fetched in 103ms
375 http fetch GET 304 https://registry.npmjs.org/@types%2fis-regex 111ms (from cache)
376 silly pacote tag manifest for @types/is-regex@ts3.6 fetched in 112ms
377 http fetch GET 200 https://registry.npmjs.org/@types%2fis-data-descriptor 173ms
378 silly fetchPackageMetaData error for @types/is-data-descriptor@ts3.6 No matching version found for @types/is-data-descriptor@ts3.6.
379 http fetch GET 304 https://registry.npmjs.org/@types%2fis-symbol 96ms (from cache)
380 silly registry:manifest no matching version for @types/is-symbol@ts3.6 in the cache. Forcing revalidation.
381 http fetch GET 304 https://registry.npmjs.org/@types%2fis-typedarray 132ms (from cache)
382 silly pacote tag manifest for @types/is-typedarray@ts3.6 fetched in 134ms
383 http fetch GET 304 https://registry.npmjs.org/@types%2fis-windows 214ms (from cache)
384 silly pacote tag manifest for @types/is-windows@ts3.6 fetched in 217ms
385 http fetch GET 304 https://registry.npmjs.org/@types%2fisarray 196ms (from cache)
386 silly pacote tag manifest for @types/isarray@ts3.6 fetched in 198ms
387 http fetch GET 304 https://registry.npmjs.org/@types%2fistanbul-lib-coverage 116ms (from cache)
388 http fetch GET 304 https://registry.npmjs.org/@types%2fisexe 188ms (from cache)
389 silly pacote tag manifest for @types/istanbul-lib-coverage@ts3.6 fetched in 118ms
390 silly pacote tag manifest for @types/isexe@ts3.6 fetched in 191ms
391 http fetch GET 304 https://registry.npmjs.org/@types%2fistanbul-lib-report 119ms (from cache)
392 silly pacote tag manifest for @types/istanbul-lib-report@ts3.6 fetched in 120ms
393 http fetch GET 304 https://registry.npmjs.org/@types%2fistanbul-lib-instrument 180ms (from cache)
394 silly pacote tag manifest for @types/istanbul-lib-instrument@ts3.6 fetched in 181ms
395 http fetch GET 200 https://registry.npmjs.org/@types%2fgensync 2320ms
396 silly fetchPackageMetaData error for @types/gensync@ts3.6 No matching version found for @types/gensync@ts3.6.
397 http fetch GET 304 https://registry.npmjs.org/@types%2fhtml-encoding-sniffer 2252ms (from cache)
398 silly pacote tag manifest for @types/html-encoding-sniffer@ts3.6 fetched in 2253ms
399 http fetch GET 304 https://registry.npmjs.org/@types%2fistanbul-lib-source-maps 176ms (from cache)
400 silly pacote tag manifest for @types/istanbul-lib-source-maps@ts3.6 fetched in 178ms
401 http fetch GET 304 https://registry.npmjs.org/@types%2fistanbul-reports 125ms (from cache)
402 http fetch GET 304 https://registry.npmjs.org/@types%2fhe 2353ms (from cache)
403 silly pacote tag manifest for @types/istanbul-reports@ts3.6 fetched in 128ms
404 silly pacote tag manifest for @types/he@ts3.6 fetched in 2356ms
405 http fetch GET 304 https://registry.npmjs.org/@types%2fjs-yaml 130ms (from cache)
406 silly pacote tag manifest for @types/js-yaml@ts3.6 fetched in 131ms
407 http fetch GET 200 https://registry.npmjs.org/@types%2fhas-bigints 2344ms
408 silly fetchPackageMetaData error for @types/has-bigints@ts3.6 No matching version found for @types/has-bigints@ts3.6.
409 http fetch GET 304 https://registry.npmjs.org/@types%2fjsdom 78ms (from cache)
410 silly pacote tag manifest for @types/jsdom@ts3.6 fetched in 80ms
411 http fetch GET 304 https://registry.npmjs.org/@types%2fjsesc 151ms (from cache)
412 http fetch GET 304 https://registry.npmjs.org/@types%2fjson-stable-stringify-without-jsonify 140ms (from cache)
413 silly registry:manifest no matching version for @types/json-stable-stringify-without-jsonify@ts3.6 in the cache. Forcing revalidation.
414 silly pacote tag manifest for @types/jsesc@ts3.6 fetched in 153ms
415 http fetch GET 304 https://registry.npmjs.org/@types%2fkind-of 115ms (from cache)
416 silly pacote tag manifest for @types/kind-of@ts3.6 fetched in 119ms
417 http fetch GET 304 https://registry.npmjs.org/@types%2fjsonfile 157ms (from cache)
418 silly pacote tag manifest for @types/jsonfile@ts3.6 fetched in 158ms
419 http fetch GET 200 https://registry.npmjs.org/@types%2flanguage-tags 168ms
420 silly fetchPackageMetaData error for @types/language-tags@ts3.6 No matching version found for @types/language-tags@ts3.6.
421 http fetch GET 304 https://registry.npmjs.org/@types%2fjson-parse-better-errors 225ms (from cache)
422 silly pacote tag manifest for @types/json-parse-better-errors@ts3.6 fetched in 226ms
423 http fetch GET 304 https://registry.npmjs.org/@types%2floader-runner 130ms (from cache)
424 silly pacote tag manifest for @types/loader-runner@ts3.6 fetched in 131ms
425 http fetch GET 304 https://registry.npmjs.org/@types%2floader-utils 160ms (from cache)
426 silly pacote tag manifest for @types/loader-utils@ts3.6 fetched in 161ms
427 http fetch GET 304 https://registry.npmjs.org/@types%2flodash 140ms (from cache)
428 silly pacote tag manifest for @types/lodash@ts3.6 fetched in 142ms
429 http fetch GET 200 https://registry.npmjs.org/@types%2fjson-stable-stringify-without-jsonify 186ms
430 silly fetchPackageMetaData error for @types/json-stable-stringify-without-jsonify@ts3.6 No matching version found for @types/json-stable-stringify-without-jsonify@ts3.6.
431 http fetch GET 200 https://registry.npmjs.org/@types%2fis-string 1472ms
432 silly fetchPackageMetaData error for @types/is-string@ts3.6 No matching version found for @types/is-string@ts3.6.
433 http fetch GET 200 https://registry.npmjs.org/@types%2fis-boolean-object 2453ms
434 silly fetchPackageMetaData error for @types/is-boolean-object@ts3.6 No matching version found for @types/is-boolean-object@ts3.6.
435 http fetch GET 200 https://registry.npmjs.org/@types%2fis-bigint 2505ms
436 silly fetchPackageMetaData error for @types/is-bigint@ts3.6 No matching version found for @types/is-bigint@ts3.6.
437 http fetch GET 200 https://registry.npmjs.org/@types%2fis-symbol 2449ms
438 silly fetchPackageMetaData error for @types/is-symbol@ts3.6 No matching version found for @types/is-symbol@ts3.6.
439 timing stage:rollbackFailedOptional Completed in 1ms
440 timing stage:runTopLevelLifecycles Completed in 8186ms
441 verbose type tag
442 verbose stack @types/lint-staged: No matching version found for @types/lint-staged@ts3.6.
442 verbose stack     at pickManifest (/usr/local/lib/node_modules/npm/node_modules/npm-pick-manifest/index.js:122:13)
442 verbose stack     at /usr/local/lib/node_modules/npm/node_modules/pacote/lib/fetchers/registry/manifest.js:43:18
442 verbose stack     at tryCatcher (/usr/local/lib/node_modules/npm/node_modules/bluebird/js/release/util.js:16:23)
442 verbose stack     at Promise._settlePromiseFromHandler (/usr/local/lib/node_modules/npm/node_modules/bluebird/js/release/promise.js:517:31)
442 verbose stack     at Promise._settlePromise (/usr/local/lib/node_modules/npm/node_modules/bluebird/js/release/promise.js:574:18)
442 verbose stack     at Promise._settlePromise0 (/usr/local/lib/node_modules/npm/node_modules/bluebird/js/release/promise.js:619:10)
442 verbose stack     at Promise._settlePromises (/usr/local/lib/node_modules/npm/node_modules/bluebird/js/release/promise.js:699:18)
442 verbose stack     at _drainQueueStep (/usr/local/lib/node_modules/npm/node_modules/bluebird/js/release/async.js:138:12)
442 verbose stack     at _drainQueue (/usr/local/lib/node_modules/npm/node_modules/bluebird/js/release/async.js:131:9)
442 verbose stack     at Async._drainQueues (/usr/local/lib/node_modules/npm/node_modules/bluebird/js/release/async.js:147:5)
442 verbose stack     at Immediate.Async.drainQueues [as _onImmediate] (/usr/local/lib/node_modules/npm/node_modules/bluebird/js/release/async.js:17:14)
442 verbose stack     at processImmediate (internal/timers.js:456:21)
443 verbose cwd /home/theia/.cache/typescript/3.6
444 verbose Linux 5.10.16.3-microsoft-standard-WSL2
445 verbose argv "/usr/local/bin/node" "/usr/local/bin/npm" "install" "--ignore-scripts" "@types/testing-library__jest-dom@ts3.6" "@types/react@ts3.6" "@types/react-dom@ts3.6" "@types/uuid@ts3.6" "@types/eslint-config-prettier@ts3.6" "@types/eslint-plugin-prettier@ts3.6" "@types/lint-staged@ts3.6" "@types/prettier@ts3.6" "@types/accepts@ts3.6" "@types/argparse@ts3.6" "@types/aria-query@ts3.6" "@types/arr-diff@ts3.6" "@types/arr-union@ts3.6" "@types/array-unique@ts3.6" "@types/array.prototype.flat@ts3.6" "@types/array.prototype.flatmap@ts3.6" "@types/asap@ts3.6" "@types/assert@ts3.6" "@types/async@ts3.6" "@types/atob@ts3.6" "@types/babel-plugin-macros@ts3.6" "@types/babylon@ts3.6" "@types/balanced-match@ts3.6" "@types/big.js@ts3.6" "@types/bluebird@ts3.6" "@types/bn.js@ts3.6" "@types/body-parser@ts3.6" "@types/bonjour@ts3.6" "@types/boolbase@ts3.6" "@types/brace-expansion@ts3.6" "@types/braces@ts3.6" "@types/brorand@ts3.6" "@types/bser@ts3.6" "@types/buffer-from@ts3.6" "@types/buffer-xor@ts3.6" "@types/bytes@ts3.6" "@types/cacache@ts3.6" "@types/call-bind@ts3.6" "@types/caniuse-api@ts3.6" "@types/caniuse-lite@ts3.6" "@types/case-sensitive-paths-webpack-plugin@ts3.6" "@types/check-types@ts3.6" "@types/chownr@ts3.6" "@types/cipher-base@ts3.6" "@types/clean-css@ts3.6" "@types/co@ts3.6" "@types/color@ts3.6" "@types/color-convert@ts3.6" "@types/color-name@ts3.6" "@types/color-string@ts3.6" "@types/combined-stream@ts3.6" "@types/common-tags@ts3.6" "@types/commondir@ts3.6" "@types/component-emitter@ts3.6" "@types/compose-function@ts3.6" "@types/compressible@ts3.6" "@types/compression@ts3.6" "@types/concat-map@ts3.6" "@types/concat-stream@ts3.6" "@types/confusing-browser-globals@ts3.6" "@types/connect-history-api-fallback@ts3.6" "@types/content-disposition@ts3.6" "@types/content-type@ts3.6" "@types/convert-source-map@ts3.6" "@types/cookie@ts3.6" "@types/cookie-signature@ts3.6" "@types/core-js@ts3.6" "@types/create-hash@ts3.6" "@types/create-hmac@ts3.6" "@types/cross-spawn@ts3.6" "@types/css@ts3.6" "@types/css-declaration-sorter@ts3.6" "@types/css-tree@ts3.6" "@types/css.escape@ts3.6" "@types/cssesc@ts3.6" "@types/csso@ts3.6" "@types/cssom@ts3.6" "@types/cssstyle@ts3.6" "@types/damerau-levenshtein@ts3.6" "@types/data-urls@ts3.6" "@types/debug@ts3.6" "@types/decode-uri-component@ts3.6" "@types/dedent@ts3.6" "@types/deep-equal@ts3.6" "@types/default-gateway@ts3.6" "@types/define-properties@ts3.6" "@types/depd@ts3.6" "@types/destroy@ts3.6" "@types/detect-node@ts3.6" "@types/diffie-hellman@ts3.6" "@types/dir-glob@ts3.6" "@types/dns-packet@ts3.6" "@types/dns-txt@ts3.6" "@types/doctrine@ts3.6" "@types/domexception@ts3.6" "@types/domutils@ts3.6" "@types/duplexify@ts3.6" "@types/ee-first@ts3.6" "@types/ejs@ts3.6" "@types/elliptic@ts3.6" "@types/encodeurl@ts3.6" "@types/end-of-stream@ts3.6" "@types/es-abstract@ts3.6" "@types/es-get-iterator@ts3.6" "@types/es-to-primitive@ts3.6" "@types/escape-html@ts3.6" "@types/escodegen@ts3.6" "@types/eslint@ts3.6" "@types/eslint-scope@ts3.6" "@types/eslint-utils@ts3.6" "@types/esprima@ts3.6" "@types/esquery@ts3.6" "@types/estraverse@ts3.6" "@types/esutils@ts3.6" "@types/etag@ts3.6" "@types/events@ts3.6" "@types/eventsource@ts3.6" "@types/exit@ts3.6" "@types/fast-levenshtein@ts3.6" "@types/fb-watchman@ts3.6" "@types/file-entry-cache@ts3.6" "@types/file-loader@ts3.6" "@types/fill-range@ts3.6" "@types/finalhandler@ts3.6" "@types/find-cache-dir@ts3.6" "@types/flat-cache@ts3.6" "@types/flush-write-stream@ts3.6" "@types/follow-redirects@ts3.6" "@types/forwarded@ts3.6" "@types/fresh@ts3.6" "@types/from2@ts3.6" "@types/fs-extra@ts3.6" "@types/fs-minipass@ts3.6" "@types/function-bind@ts3.6" "@types/functional-red-black-tree@ts3.6" "@types/gensync@ts3.6" "@types/get-intrinsic@ts3.6" "@types/get-value@ts3.6" "@types/glob-parent@ts3.6" "@types/global-modules@ts3.6" "@types/global-prefix@ts3.6" "@types/globalthis@ts3.6" "@types/gopd@ts3.6" "@types/graceful-fs@ts3.6" "@types/has@ts3.6" "@types/has-bigints@ts3.6" "@types/has-symbols@ts3.6" "@types/has-values@ts3.6" "@types/he@ts3.6" "@types/hex-color-regex@ts3.6" "@types/hosted-git-info@ts3.6" "@types/html-encoding-sniffer@ts3.6" "@types/html-escaper@ts3.6" "@types/html-minifier-terser@ts3.6" "@types/http-errors@ts3.6" "@types/http-proxy@ts3.6" "@types/icss-utils@ts3.6" "@types/iferr@ts3.6" "@types/import-local@ts3.6" "@types/imurmurhash@ts3.6" "@types/inherits@ts3.6" "@types/ini@ts3.6" "@types/internal-slot@ts3.6" "@types/ip@ts3.6" "@types/is-arguments@ts3.6" "@types/is-bigint@ts3.6" "@types/is-boolean-object@ts3.6" "@types/is-buffer@ts3.6" "@types/is-callable@ts3.6" "@types/is-ci@ts3.6" "@types/is-core-module@ts3.6" "@types/is-data-descriptor@ts3.6" "@types/is-date-object@ts3.6" "@types/is-glob@ts3.6" "@types/is-map@ts3.6" "@types/is-number@ts3.6" "@types/is-regex@ts3.6" "@types/is-string@ts3.6" "@types/is-symbol@ts3.6" "@types/is-typedarray@ts3.6" "@types/is-windows@ts3.6" "@types/isarray@ts3.6" "@types/isexe@ts3.6" "@types/istanbul-lib-coverage@ts3.6" "@types/istanbul-lib-instrument@ts3.6" "@types/istanbul-lib-report@ts3.6" "@types/istanbul-lib-source-maps@ts3.6" "@types/istanbul-reports@ts3.6" "@types/js-yaml@ts3.6" "@types/jsdom@ts3.6" "@types/jsesc@ts3.6" "@types/json-parse-better-errors@ts3.6" "@types/json-stable-stringify-without-jsonify@ts3.6" "@types/jsonfile@ts3.6" "@types/kind-of@ts3.6" "@types/language-tags@ts3.6" "@types/loader-runner@ts3.6" "@types/loader-utils@ts3.6" "@types/lodash@ts3.6" "--save-dev" "--user-agent=typesInstaller/3.6.3"
446 verbose node v12.18.3
447 verbose npm  v6.14.6
448 error code ETARGET
449 error notarget No matching version found for @types/lint-staged@ts3.6.
450 error notarget In most cases you or one of your dependencies are requesting
450 error notarget a package version that doesn't exist.
451 verbose exit [ 1, true ]
